2022-05-22 21:10:17.128 [main][2254] INFO  step_definitions.Hooks - -----Scenario: Check login is successful with valid credentials-----
2022-05-22 21:10:17.747 [main][2873] DEBUG io.netty.util.internal.logging.InternalLoggerFactory - Using Log4J2 as the default logging framework
2022-05-22 21:10:17.754 [main][2880] DEBUG io.netty.util.ResourceLeakDetector - -Dio.netty.leakDetection.level: simple
2022-05-22 21:10:17.754 [main][2880] DEBUG io.netty.util.ResourceLeakDetector - -Dio.netty.leakDetection.targetRecords: 4
2022-05-22 21:10:17.758 [main][2884] DEBUG io.netty.util.ResourceLeakDetectorFactory - Loaded default ResourceLeakDetector: io.netty.util.ResourceLeakDetector@30669dac
2022-05-22 21:10:17.773 [main][2899] DEBUG io.netty.util.internal.PlatformDependent0 - -Dio.netty.noUnsafe: false
2022-05-22 21:10:17.774 [main][2900] DEBUG io.netty.util.internal.PlatformDependent0 - Java version: 11
2022-05-22 21:10:17.778 [main][2904] DEBUG io.netty.util.internal.PlatformDependent0 - sun.misc.Unsafe.theUnsafe: available
2022-05-22 21:10:17.779 [main][2905] DEBUG io.netty.util.internal.PlatformDependent0 - sun.misc.Unsafe.copyMemory: available
2022-05-22 21:10:17.779 [main][2905] DEBUG io.netty.util.internal.PlatformDependent0 - java.nio.Buffer.address: available
2022-05-22 21:10:17.779 [main][2905] DEBUG io.netty.util.internal.PlatformDependent0 - direct buffer constructor: unavailable: Reflective setAccessible(true) disabled
2022-05-22 21:10:17.780 [main][2906] DEBUG io.netty.util.internal.PlatformDependent0 - java.nio.Bits.unaligned: available, true
2022-05-22 21:10:17.781 [main][2907] DEBUG io.netty.util.internal.PlatformDependent0 - jdk.internal.misc.Unsafe.allocateUninitializedArray(int): unavailable: class io.netty.util.internal.PlatformDependent0$6 cannot access class jdk.internal.misc.Unsafe (in module java.base) because module java.base does not export jdk.internal.misc to unnamed module @672872e1
2022-05-22 21:10:17.782 [main][2908] DEBUG io.netty.util.internal.PlatformDependent0 - java.nio.DirectByteBuffer.<init>(long, int): unavailable
2022-05-22 21:10:17.782 [main][2908] DEBUG io.netty.util.internal.PlatformDependent - sun.misc.Unsafe: available
2022-05-22 21:10:17.783 [main][2909] DEBUG io.netty.util.internal.PlatformDependent - maxDirectMemory: 2147483648 bytes (maybe)
2022-05-22 21:10:17.783 [main][2909] DEBUG io.netty.util.internal.PlatformDependent - -Dio.netty.tmpdir: /var/folders/h6/m916999d2hg8gc7bsrw10lrm0000gn/T (java.io.tmpdir)
2022-05-22 21:10:17.784 [main][2910] DEBUG io.netty.util.internal.PlatformDependent - -Dio.netty.bitMode: 64 (sun.arch.data.model)
2022-05-22 21:10:17.784 [main][2910] DEBUG io.netty.util.internal.PlatformDependent - Platform: MacOS
2022-05-22 21:10:17.785 [main][2911] DEBUG io.netty.util.internal.PlatformDependent - -Dio.netty.maxDirectMemory: -1 bytes
2022-05-22 21:10:17.785 [main][2911] DEBUG io.netty.util.internal.PlatformDependent - -Dio.netty.uninitializedArrayAllocationThreshold: -1
2022-05-22 21:10:17.786 [main][2912] DEBUG io.netty.util.internal.CleanerJava9 - java.nio.ByteBuffer.cleaner(): available
2022-05-22 21:10:17.787 [main][2913] DEBUG io.netty.util.internal.PlatformDependent - -Dio.netty.noPreferDirect: false
2022-05-22 21:10:17.793 [main][2919] DEBUG io.netty.util.internal.PlatformDependent - org.jctools-core.MpscChunkedArrayQueue: available
2022-05-22 21:10:17.809 [main][2935] DEBUG io.netty.util.internal.InternalThreadLocalMap - -Dio.netty.threadLocalMap.stringBuilder.initialSize: 1024
2022-05-22 21:10:17.809 [main][2935] DEBUG io.netty.util.internal.InternalThreadLocalMap - -Dio.netty.threadLocalMap.stringBuilder.maxSize: 4096
2022-05-22 21:10:17.832 [main][2958] DEBUG io.netty.handler.ssl.JdkSslContext - Default protocols (JDK): [TLSv1.3, TLSv1.2] 
2022-05-22 21:10:17.833 [main][2959] DEBUG io.netty.handler.ssl.JdkSslContext - Default cipher suites (JDK): [TLS_ECDHE_ECDSA_WITH_AES_256_GCM_SHA384, TLS_ECDHE_ECDSA_WITH_AES_128_GCM_SHA256, TLS_ECDHE_RSA_WITH_AES_128_GCM_SHA256, TLS_ECDHE_RSA_WITH_AES_256_GCM_SHA384, TLS_ECDHE_RSA_WITH_AES_128_CBC_SHA, TLS_ECDHE_RSA_WITH_AES_256_CBC_SHA, TLS_RSA_WITH_AES_128_GCM_SHA256, TLS_RSA_WITH_AES_128_CBC_SHA, TLS_RSA_WITH_AES_256_CBC_SHA, TLS_AES_128_GCM_SHA256, TLS_AES_256_GCM_SHA384]
2022-05-22 21:10:17.849 [main][2975] DEBUG io.netty.channel.MultithreadEventLoopGroup - -Dio.netty.eventLoopThreads: 16
2022-05-22 21:10:17.856 [main][2982] DEBUG io.netty.channel.nio.NioEventLoop - -Dio.netty.noKeySetOptimization: false
2022-05-22 21:10:17.856 [main][2982] DEBUG io.netty.channel.nio.NioEventLoop - -Dio.netty.selectorAutoRebuildThreshold: 512
2022-05-22 21:10:17.932 [main][3058] DEBUG io.netty.buffer.PooledByteBufAllocator - -Dio.netty.allocator.numHeapArenas: 16
2022-05-22 21:10:17.933 [main][3059] DEBUG io.netty.buffer.PooledByteBufAllocator - -Dio.netty.allocator.numDirectArenas: 16
2022-05-22 21:10:17.933 [main][3059] DEBUG io.netty.buffer.PooledByteBufAllocator - -Dio.netty.allocator.pageSize: 8192
2022-05-22 21:10:17.934 [main][3060] DEBUG io.netty.buffer.PooledByteBufAllocator - -Dio.netty.allocator.maxOrder: 9
2022-05-22 21:10:17.934 [main][3060] DEBUG io.netty.buffer.PooledByteBufAllocator - -Dio.netty.allocator.chunkSize: 4194304
2022-05-22 21:10:17.934 [main][3060] DEBUG io.netty.buffer.PooledByteBufAllocator - -Dio.netty.allocator.smallCacheSize: 256
2022-05-22 21:10:17.934 [main][3060] DEBUG io.netty.buffer.PooledByteBufAllocator - -Dio.netty.allocator.normalCacheSize: 64
2022-05-22 21:10:17.934 [main][3060] DEBUG io.netty.buffer.PooledByteBufAllocator - -Dio.netty.allocator.maxCachedBufferCapacity: 32768
2022-05-22 21:10:17.934 [main][3060] DEBUG io.netty.buffer.PooledByteBufAllocator - -Dio.netty.allocator.cacheTrimInterval: 8192
2022-05-22 21:10:17.934 [main][3060] DEBUG io.netty.buffer.PooledByteBufAllocator - -Dio.netty.allocator.cacheTrimIntervalMillis: 0
2022-05-22 21:10:17.934 [main][3060] DEBUG io.netty.buffer.PooledByteBufAllocator - -Dio.netty.allocator.useCacheForAllThreads: false
2022-05-22 21:10:17.934 [main][3060] DEBUG io.netty.buffer.PooledByteBufAllocator - -Dio.netty.allocator.maxCachedByteBuffersPerChunk: 1023
2022-05-22 21:10:17.944 [main][3070] DEBUG io.netty.buffer.ByteBufUtil - -Dio.netty.allocator.type: pooled
2022-05-22 21:10:17.945 [main][3071] DEBUG io.netty.buffer.ByteBufUtil - -Dio.netty.threadLocalDirectBufferSize: 0
2022-05-22 21:10:17.945 [main][3071] DEBUG io.netty.buffer.ByteBufUtil - -Dio.netty.maxThreadLocalCharBufferSize: 16384
2022-05-22 21:10:18.416 [Forwarding newSession on session null to remote][3542] DEBUG io.netty.channel.DefaultChannelId - -Dio.netty.processId: 2813 (auto-detected)
2022-05-22 21:10:18.420 [Forwarding newSession on session null to remote][3546] DEBUG io.netty.util.NetUtil - -Djava.net.preferIPv4Stack: false
2022-05-22 21:10:18.420 [Forwarding newSession on session null to remote][3546] DEBUG io.netty.util.NetUtil - -Djava.net.preferIPv6Addresses: false
2022-05-22 21:10:18.423 [Forwarding newSession on session null to remote][3549] DEBUG io.netty.util.NetUtilInitializations - Loopback interface: lo0 (lo0, 0:0:0:0:0:0:0:1%lo0)
2022-05-22 21:10:18.424 [Forwarding newSession on session null to remote][3550] DEBUG io.netty.util.NetUtil - Failed to get SOMAXCONN from sysctl and file /proc/sys/net/core/somaxconn. Default: 128
2022-05-22 21:10:18.427 [Forwarding newSession on session null to remote][3553] DEBUG io.netty.channel.DefaultChannelId - -Dio.netty.machineId: b0:be:83:ff:fe:6e:38:60 (auto-detected)
2022-05-22 21:10:18.495 [AsyncHttpClient-1-2][3621] DEBUG io.netty.buffer.AbstractByteBuf - -Dio.netty.buffer.checkAccessible: true
2022-05-22 21:10:18.495 [AsyncHttpClient-1-2][3621] DEBUG io.netty.buffer.AbstractByteBuf - -Dio.netty.buffer.checkBounds: true
2022-05-22 21:10:18.495 [AsyncHttpClient-1-2][3621] DEBUG io.netty.util.ResourceLeakDetectorFactory - Loaded default ResourceLeakDetector: io.netty.util.ResourceLeakDetector@70dce42c
2022-05-22 21:10:18.524 [AsyncHttpClient-1-2][3650] DEBUG io.netty.util.Recycler - -Dio.netty.recycler.maxCapacityPerThread: 4096
2022-05-22 21:10:18.524 [AsyncHttpClient-1-2][3650] DEBUG io.netty.util.Recycler - -Dio.netty.recycler.ratio: 8
2022-05-22 21:10:18.524 [AsyncHttpClient-1-2][3650] DEBUG io.netty.util.Recycler - -Dio.netty.recycler.chunkSize: 32
2022-05-22 21:10:18.524 [AsyncHttpClient-1-2][3650] DEBUG io.netty.util.Recycler - -Dio.netty.recycler.blocking: false
2022-05-22 21:10:21.904 [AsyncHttpClient-1-2][7030] DEBUG io.netty.handler.codec.compression.Brotli - brotli4j not in the classpath; Brotli support will be unavailable.
2022-05-22 21:10:22.158 [main][7284] DEBUG io.netty.util.internal.ThreadLocalRandom - -Dio.netty.initialSeedUniquifier: 0x942f38d9433eb134
2022-05-22 21:10:43.358 [main][28484] DEBUG page_objects.LogIn - Wait for tab to be visible
2022-05-22 21:10:43.359 [main][28485] INFO  step_definitions.LoginSteps - User is in the Overstock Home Page
2022-05-22 21:10:45.526 [main][30652] DEBUG page_objects.LogIn - Enter Email: tasin.chowdhury1@gmail.com
2022-05-22 21:10:47.405 [main][32531] DEBUG page_objects.LogIn - Enter Password: Chowdhury12!!
2022-05-22 21:10:47.405 [main][32531] INFO  step_definitions.LoginSteps - User has entered credentials
2022-05-22 21:10:48.408 [main][33534] DEBUG page_objects.LogIn - Click on Sign In Button
2022-05-22 21:10:48.408 [main][33534] INFO  step_definitions.LoginSteps - User has entered successfully
2022-05-22 21:11:08.852 [main][53978] INFO  step_definitions.Hooks - -----End Scenario: Check login is successful with valid credentials-----
