2022-05-22 02:43:50.571 [main][2605] INFO  step_definitions.Hooks - -----Scenario: Check login is successful with valid credentials-----
2022-05-22 02:43:51.244 [main][3278] DEBUG io.netty.util.internal.logging.InternalLoggerFactory - Using Log4J2 as the default logging framework
2022-05-22 02:43:51.249 [main][3283] DEBUG io.netty.util.ResourceLeakDetector - -Dio.netty.leakDetection.level: simple
2022-05-22 02:43:51.249 [main][3283] DEBUG io.netty.util.ResourceLeakDetector - -Dio.netty.leakDetection.targetRecords: 4
2022-05-22 02:43:51.253 [main][3287] DEBUG io.netty.util.ResourceLeakDetectorFactory - Loaded default ResourceLeakDetector: io.netty.util.ResourceLeakDetector@3971f0fe
2022-05-22 02:43:51.269 [main][3303] DEBUG io.netty.util.internal.PlatformDependent0 - -Dio.netty.noUnsafe: false
2022-05-22 02:43:51.269 [main][3303] DEBUG io.netty.util.internal.PlatformDependent0 - Java version: 11
2022-05-22 02:43:51.272 [main][3306] DEBUG io.netty.util.internal.PlatformDependent0 - sun.misc.Unsafe.theUnsafe: available
2022-05-22 02:43:51.273 [main][3307] DEBUG io.netty.util.internal.PlatformDependent0 - sun.misc.Unsafe.copyMemory: available
2022-05-22 02:43:51.273 [main][3307] DEBUG io.netty.util.internal.PlatformDependent0 - java.nio.Buffer.address: available
2022-05-22 02:43:51.273 [main][3307] DEBUG io.netty.util.internal.PlatformDependent0 - direct buffer constructor: unavailable: Reflective setAccessible(true) disabled
2022-05-22 02:43:51.274 [main][3308] DEBUG io.netty.util.internal.PlatformDependent0 - java.nio.Bits.unaligned: available, true
2022-05-22 02:43:51.275 [main][3309] DEBUG io.netty.util.internal.PlatformDependent0 - jdk.internal.misc.Unsafe.allocateUninitializedArray(int): unavailable: class io.netty.util.internal.PlatformDependent0$6 cannot access class jdk.internal.misc.Unsafe (in module java.base) because module java.base does not export jdk.internal.misc to unnamed module @3098cf3b
2022-05-22 02:43:51.276 [main][3310] DEBUG io.netty.util.internal.PlatformDependent0 - java.nio.DirectByteBuffer.<init>(long, int): unavailable
2022-05-22 02:43:51.276 [main][3310] DEBUG io.netty.util.internal.PlatformDependent - sun.misc.Unsafe: available
2022-05-22 02:43:51.277 [main][3311] DEBUG io.netty.util.internal.PlatformDependent - maxDirectMemory: 2147483648 bytes (maybe)
2022-05-22 02:43:51.277 [main][3311] DEBUG io.netty.util.internal.PlatformDependent - -Dio.netty.tmpdir: /var/folders/h6/m916999d2hg8gc7bsrw10lrm0000gn/T (java.io.tmpdir)
2022-05-22 02:43:51.278 [main][3312] DEBUG io.netty.util.internal.PlatformDependent - -Dio.netty.bitMode: 64 (sun.arch.data.model)
2022-05-22 02:43:51.278 [main][3312] DEBUG io.netty.util.internal.PlatformDependent - Platform: MacOS
2022-05-22 02:43:51.279 [main][3313] DEBUG io.netty.util.internal.PlatformDependent - -Dio.netty.maxDirectMemory: -1 bytes
2022-05-22 02:43:51.279 [main][3313] DEBUG io.netty.util.internal.PlatformDependent - -Dio.netty.uninitializedArrayAllocationThreshold: -1
2022-05-22 02:43:51.281 [main][3315] DEBUG io.netty.util.internal.CleanerJava9 - java.nio.ByteBuffer.cleaner(): available
2022-05-22 02:43:51.281 [main][3315] DEBUG io.netty.util.internal.PlatformDependent - -Dio.netty.noPreferDirect: false
2022-05-22 02:43:51.286 [main][3320] DEBUG io.netty.util.internal.PlatformDependent - org.jctools-core.MpscChunkedArrayQueue: available
2022-05-22 02:43:51.304 [main][3338] DEBUG io.netty.util.internal.InternalThreadLocalMap - -Dio.netty.threadLocalMap.stringBuilder.initialSize: 1024
2022-05-22 02:43:51.304 [main][3338] DEBUG io.netty.util.internal.InternalThreadLocalMap - -Dio.netty.threadLocalMap.stringBuilder.maxSize: 4096
2022-05-22 02:43:51.328 [main][3362] DEBUG io.netty.handler.ssl.JdkSslContext - Default protocols (JDK): [TLSv1.3, TLSv1.2] 
2022-05-22 02:43:51.328 [main][3362] DEBUG io.netty.handler.ssl.JdkSslContext - Default cipher suites (JDK): [TLS_ECDHE_ECDSA_WITH_AES_256_GCM_SHA384, TLS_ECDHE_ECDSA_WITH_AES_128_GCM_SHA256, TLS_ECDHE_RSA_WITH_AES_128_GCM_SHA256, TLS_ECDHE_RSA_WITH_AES_256_GCM_SHA384, TLS_ECDHE_RSA_WITH_AES_128_CBC_SHA, TLS_ECDHE_RSA_WITH_AES_256_CBC_SHA, TLS_RSA_WITH_AES_128_GCM_SHA256, TLS_RSA_WITH_AES_128_CBC_SHA, TLS_RSA_WITH_AES_256_CBC_SHA, TLS_AES_128_GCM_SHA256, TLS_AES_256_GCM_SHA384]
2022-05-22 02:43:51.345 [main][3379] DEBUG io.netty.channel.MultithreadEventLoopGroup - -Dio.netty.eventLoopThreads: 16
2022-05-22 02:43:51.351 [main][3385] DEBUG io.netty.channel.nio.NioEventLoop - -Dio.netty.noKeySetOptimization: false
2022-05-22 02:43:51.351 [main][3385] DEBUG io.netty.channel.nio.NioEventLoop - -Dio.netty.selectorAutoRebuildThreshold: 512
2022-05-22 02:43:51.374 [main][3408] DEBUG io.netty.buffer.PooledByteBufAllocator - -Dio.netty.allocator.numHeapArenas: 16
2022-05-22 02:43:51.374 [main][3408] DEBUG io.netty.buffer.PooledByteBufAllocator - -Dio.netty.allocator.numDirectArenas: 16
2022-05-22 02:43:51.374 [main][3408] DEBUG io.netty.buffer.PooledByteBufAllocator - -Dio.netty.allocator.pageSize: 8192
2022-05-22 02:43:51.374 [main][3408] DEBUG io.netty.buffer.PooledByteBufAllocator - -Dio.netty.allocator.maxOrder: 9
2022-05-22 02:43:51.375 [main][3409] DEBUG io.netty.buffer.PooledByteBufAllocator - -Dio.netty.allocator.chunkSize: 4194304
2022-05-22 02:43:51.375 [main][3409] DEBUG io.netty.buffer.PooledByteBufAllocator - -Dio.netty.allocator.smallCacheSize: 256
2022-05-22 02:43:51.375 [main][3409] DEBUG io.netty.buffer.PooledByteBufAllocator - -Dio.netty.allocator.normalCacheSize: 64
2022-05-22 02:43:51.375 [main][3409] DEBUG io.netty.buffer.PooledByteBufAllocator - -Dio.netty.allocator.maxCachedBufferCapacity: 32768
2022-05-22 02:43:51.375 [main][3409] DEBUG io.netty.buffer.PooledByteBufAllocator - -Dio.netty.allocator.cacheTrimInterval: 8192
2022-05-22 02:43:51.375 [main][3409] DEBUG io.netty.buffer.PooledByteBufAllocator - -Dio.netty.allocator.cacheTrimIntervalMillis: 0
2022-05-22 02:43:51.375 [main][3409] DEBUG io.netty.buffer.PooledByteBufAllocator - -Dio.netty.allocator.useCacheForAllThreads: false
2022-05-22 02:43:51.375 [main][3409] DEBUG io.netty.buffer.PooledByteBufAllocator - -Dio.netty.allocator.maxCachedByteBuffersPerChunk: 1023
2022-05-22 02:43:51.387 [main][3421] DEBUG io.netty.buffer.ByteBufUtil - -Dio.netty.allocator.type: pooled
2022-05-22 02:43:51.388 [main][3422] DEBUG io.netty.buffer.ByteBufUtil - -Dio.netty.threadLocalDirectBufferSize: 0
2022-05-22 02:43:51.388 [main][3422] DEBUG io.netty.buffer.ByteBufUtil - -Dio.netty.maxThreadLocalCharBufferSize: 16384
2022-05-22 02:43:51.941 [Forwarding newSession on session null to remote][3975] DEBUG io.netty.channel.DefaultChannelId - -Dio.netty.processId: 92882 (auto-detected)
2022-05-22 02:43:51.945 [Forwarding newSession on session null to remote][3979] DEBUG io.netty.util.NetUtil - -Djava.net.preferIPv4Stack: false
2022-05-22 02:43:51.945 [Forwarding newSession on session null to remote][3979] DEBUG io.netty.util.NetUtil - -Djava.net.preferIPv6Addresses: false
2022-05-22 02:43:51.948 [Forwarding newSession on session null to remote][3982] DEBUG io.netty.util.NetUtilInitializations - Loopback interface: lo0 (lo0, 0:0:0:0:0:0:0:1%lo0)
2022-05-22 02:43:51.949 [Forwarding newSession on session null to remote][3983] DEBUG io.netty.util.NetUtil - Failed to get SOMAXCONN from sysctl and file /proc/sys/net/core/somaxconn. Default: 128
2022-05-22 02:43:51.951 [Forwarding newSession on session null to remote][3985] DEBUG io.netty.channel.DefaultChannelId - -Dio.netty.machineId: b0:be:83:ff:fe:6e:38:60 (auto-detected)
2022-05-22 02:43:52.066 [AsyncHttpClient-1-2][4100] DEBUG io.netty.buffer.AbstractByteBuf - -Dio.netty.buffer.checkAccessible: true
2022-05-22 02:43:52.068 [AsyncHttpClient-1-2][4102] DEBUG io.netty.buffer.AbstractByteBuf - -Dio.netty.buffer.checkBounds: true
2022-05-22 02:43:52.068 [AsyncHttpClient-1-2][4102] DEBUG io.netty.util.ResourceLeakDetectorFactory - Loaded default ResourceLeakDetector: io.netty.util.ResourceLeakDetector@16799604
2022-05-22 02:43:52.098 [AsyncHttpClient-1-2][4132] DEBUG io.netty.util.Recycler - -Dio.netty.recycler.maxCapacityPerThread: 4096
2022-05-22 02:43:52.098 [AsyncHttpClient-1-2][4132] DEBUG io.netty.util.Recycler - -Dio.netty.recycler.ratio: 8
2022-05-22 02:43:52.098 [AsyncHttpClient-1-2][4132] DEBUG io.netty.util.Recycler - -Dio.netty.recycler.chunkSize: 32
2022-05-22 02:43:52.099 [AsyncHttpClient-1-2][4133] DEBUG io.netty.util.Recycler - -Dio.netty.recycler.blocking: false
2022-05-22 02:43:56.686 [AsyncHttpClient-1-2][8720] DEBUG io.netty.handler.codec.compression.Brotli - brotli4j not in the classpath; Brotli support will be unavailable.
2022-05-22 02:43:56.970 [main][9004] DEBUG io.netty.util.internal.ThreadLocalRandom - -Dio.netty.initialSeedUniquifier: 0xd749e0c8d0fac810
2022-05-22 02:44:15.622 [main][27656] INFO  step_definitions.Hooks - -----End Scenario: Check login is successful with valid credentials-----
2022-05-22 02:44:15.712 [main][27746] INFO  step_definitions.Hooks - -----Scenario: Check login is unsuccessful with invalid credentials-----
2022-05-22 02:44:41.821 [main][53855] INFO  step_definitions.Hooks - -----End Scenario: Check login is unsuccessful with invalid credentials-----
2022-05-22 02:44:41.837 [main][53871] INFO  step_definitions.Hooks - -----Scenario: Check login is successful with valid credentials for multiple users-----
2022-05-22 02:44:57.707 [main][69741] INFO  step_definitions.Hooks - -----End Scenario: Check login is successful with valid credentials for multiple users-----
2022-05-22 02:44:57.725 [main][69759] INFO  step_definitions.Hooks - -----Scenario: Check login is successful with valid credentials for multiple users-----
2022-05-22 02:45:29.992 [main][102026] INFO  step_definitions.Hooks - -----End Scenario: Check login is successful with valid credentials for multiple users-----
2022-05-22 02:45:30.053 [main][102087] INFO  step_definitions.Hooks - -----Scenario: Check login is successful using data table-----
2022-05-22 02:45:55.961 [main][127995] INFO  step_definitions.Hooks - -----End Scenario: Check login is successful using data table-----
