2022-05-22 14:38:30.012 [main][2332] INFO  step_definitions.Hooks - -----Scenario: Check login is successful with valid credentials-----
2022-05-22 14:38:30.642 [main][2962] DEBUG io.netty.util.internal.logging.InternalLoggerFactory - Using Log4J2 as the default logging framework
2022-05-22 14:38:30.648 [main][2968] DEBUG io.netty.util.ResourceLeakDetector - -Dio.netty.leakDetection.level: simple
2022-05-22 14:38:30.648 [main][2968] DEBUG io.netty.util.ResourceLeakDetector - -Dio.netty.leakDetection.targetRecords: 4
2022-05-22 14:38:30.653 [main][2973] DEBUG io.netty.util.ResourceLeakDetectorFactory - Loaded default ResourceLeakDetector: io.netty.util.ResourceLeakDetector@35342d2f
2022-05-22 14:38:30.667 [main][2987] DEBUG io.netty.util.internal.PlatformDependent0 - -Dio.netty.noUnsafe: false
2022-05-22 14:38:30.667 [main][2987] DEBUG io.netty.util.internal.PlatformDependent0 - Java version: 11
2022-05-22 14:38:30.669 [main][2989] DEBUG io.netty.util.internal.PlatformDependent0 - sun.misc.Unsafe.theUnsafe: available
2022-05-22 14:38:30.670 [main][2990] DEBUG io.netty.util.internal.PlatformDependent0 - sun.misc.Unsafe.copyMemory: available
2022-05-22 14:38:30.670 [main][2990] DEBUG io.netty.util.internal.PlatformDependent0 - java.nio.Buffer.address: available
2022-05-22 14:38:30.670 [main][2990] DEBUG io.netty.util.internal.PlatformDependent0 - direct buffer constructor: unavailable: Reflective setAccessible(true) disabled
2022-05-22 14:38:30.671 [main][2991] DEBUG io.netty.util.internal.PlatformDependent0 - java.nio.Bits.unaligned: available, true
2022-05-22 14:38:30.672 [main][2992] DEBUG io.netty.util.internal.PlatformDependent0 - jdk.internal.misc.Unsafe.allocateUninitializedArray(int): unavailable: class io.netty.util.internal.PlatformDependent0$6 cannot access class jdk.internal.misc.Unsafe (in module java.base) because module java.base does not export jdk.internal.misc to unnamed module @672872e1
2022-05-22 14:38:30.672 [main][2992] DEBUG io.netty.util.internal.PlatformDependent0 - java.nio.DirectByteBuffer.<init>(long, int): unavailable
2022-05-22 14:38:30.673 [main][2993] DEBUG io.netty.util.internal.PlatformDependent - sun.misc.Unsafe: available
2022-05-22 14:38:30.674 [main][2994] DEBUG io.netty.util.internal.PlatformDependent - maxDirectMemory: 2147483648 bytes (maybe)
2022-05-22 14:38:30.674 [main][2994] DEBUG io.netty.util.internal.PlatformDependent - -Dio.netty.tmpdir: /var/folders/h6/m916999d2hg8gc7bsrw10lrm0000gn/T (java.io.tmpdir)
2022-05-22 14:38:30.674 [main][2994] DEBUG io.netty.util.internal.PlatformDependent - -Dio.netty.bitMode: 64 (sun.arch.data.model)
2022-05-22 14:38:30.675 [main][2995] DEBUG io.netty.util.internal.PlatformDependent - Platform: MacOS
2022-05-22 14:38:30.675 [main][2995] DEBUG io.netty.util.internal.PlatformDependent - -Dio.netty.maxDirectMemory: -1 bytes
2022-05-22 14:38:30.676 [main][2996] DEBUG io.netty.util.internal.PlatformDependent - -Dio.netty.uninitializedArrayAllocationThreshold: -1
2022-05-22 14:38:30.676 [main][2996] DEBUG io.netty.util.internal.CleanerJava9 - java.nio.ByteBuffer.cleaner(): available
2022-05-22 14:38:30.677 [main][2997] DEBUG io.netty.util.internal.PlatformDependent - -Dio.netty.noPreferDirect: false
2022-05-22 14:38:30.681 [main][3001] DEBUG io.netty.util.internal.PlatformDependent - org.jctools-core.MpscChunkedArrayQueue: available
2022-05-22 14:38:30.697 [main][3017] DEBUG io.netty.util.internal.InternalThreadLocalMap - -Dio.netty.threadLocalMap.stringBuilder.initialSize: 1024
2022-05-22 14:38:30.697 [main][3017] DEBUG io.netty.util.internal.InternalThreadLocalMap - -Dio.netty.threadLocalMap.stringBuilder.maxSize: 4096
2022-05-22 14:38:30.719 [main][3039] DEBUG io.netty.handler.ssl.JdkSslContext - Default protocols (JDK): [TLSv1.3, TLSv1.2] 
2022-05-22 14:38:30.720 [main][3040] DEBUG io.netty.handler.ssl.JdkSslContext - Default cipher suites (JDK): [TLS_ECDHE_ECDSA_WITH_AES_256_GCM_SHA384, TLS_ECDHE_ECDSA_WITH_AES_128_GCM_SHA256, TLS_ECDHE_RSA_WITH_AES_128_GCM_SHA256, TLS_ECDHE_RSA_WITH_AES_256_GCM_SHA384, TLS_ECDHE_RSA_WITH_AES_128_CBC_SHA, TLS_ECDHE_RSA_WITH_AES_256_CBC_SHA, TLS_RSA_WITH_AES_128_GCM_SHA256, TLS_RSA_WITH_AES_128_CBC_SHA, TLS_RSA_WITH_AES_256_CBC_SHA, TLS_AES_128_GCM_SHA256, TLS_AES_256_GCM_SHA384]
2022-05-22 14:38:30.736 [main][3056] DEBUG io.netty.channel.MultithreadEventLoopGroup - -Dio.netty.eventLoopThreads: 16
2022-05-22 14:38:30.750 [main][3070] DEBUG io.netty.channel.nio.NioEventLoop - -Dio.netty.noKeySetOptimization: false
2022-05-22 14:38:30.750 [main][3070] DEBUG io.netty.channel.nio.NioEventLoop - -Dio.netty.selectorAutoRebuildThreshold: 512
2022-05-22 14:38:30.772 [main][3092] DEBUG io.netty.buffer.PooledByteBufAllocator - -Dio.netty.allocator.numHeapArenas: 16
2022-05-22 14:38:30.772 [main][3092] DEBUG io.netty.buffer.PooledByteBufAllocator - -Dio.netty.allocator.numDirectArenas: 16
2022-05-22 14:38:30.772 [main][3092] DEBUG io.netty.buffer.PooledByteBufAllocator - -Dio.netty.allocator.pageSize: 8192
2022-05-22 14:38:30.772 [main][3092] DEBUG io.netty.buffer.PooledByteBufAllocator - -Dio.netty.allocator.maxOrder: 9
2022-05-22 14:38:30.772 [main][3092] DEBUG io.netty.buffer.PooledByteBufAllocator - -Dio.netty.allocator.chunkSize: 4194304
2022-05-22 14:38:30.772 [main][3092] DEBUG io.netty.buffer.PooledByteBufAllocator - -Dio.netty.allocator.smallCacheSize: 256
2022-05-22 14:38:30.772 [main][3092] DEBUG io.netty.buffer.PooledByteBufAllocator - -Dio.netty.allocator.normalCacheSize: 64
2022-05-22 14:38:30.772 [main][3092] DEBUG io.netty.buffer.PooledByteBufAllocator - -Dio.netty.allocator.maxCachedBufferCapacity: 32768
2022-05-22 14:38:30.773 [main][3093] DEBUG io.netty.buffer.PooledByteBufAllocator - -Dio.netty.allocator.cacheTrimInterval: 8192
2022-05-22 14:38:30.773 [main][3093] DEBUG io.netty.buffer.PooledByteBufAllocator - -Dio.netty.allocator.cacheTrimIntervalMillis: 0
2022-05-22 14:38:30.773 [main][3093] DEBUG io.netty.buffer.PooledByteBufAllocator - -Dio.netty.allocator.useCacheForAllThreads: false
2022-05-22 14:38:30.773 [main][3093] DEBUG io.netty.buffer.PooledByteBufAllocator - -Dio.netty.allocator.maxCachedByteBuffersPerChunk: 1023
2022-05-22 14:38:30.781 [main][3101] DEBUG io.netty.buffer.ByteBufUtil - -Dio.netty.allocator.type: pooled
2022-05-22 14:38:30.781 [main][3101] DEBUG io.netty.buffer.ByteBufUtil - -Dio.netty.threadLocalDirectBufferSize: 0
2022-05-22 14:38:30.781 [main][3101] DEBUG io.netty.buffer.ByteBufUtil - -Dio.netty.maxThreadLocalCharBufferSize: 16384
2022-05-22 14:38:31.324 [Forwarding newSession on session null to remote][3644] DEBUG io.netty.channel.DefaultChannelId - -Dio.netty.processId: 97912 (auto-detected)
2022-05-22 14:38:31.327 [Forwarding newSession on session null to remote][3647] DEBUG io.netty.util.NetUtil - -Djava.net.preferIPv4Stack: false
2022-05-22 14:38:31.328 [Forwarding newSession on session null to remote][3648] DEBUG io.netty.util.NetUtil - -Djava.net.preferIPv6Addresses: false
2022-05-22 14:38:31.332 [Forwarding newSession on session null to remote][3652] DEBUG io.netty.util.NetUtilInitializations - Loopback interface: lo0 (lo0, 0:0:0:0:0:0:0:1%lo0)
2022-05-22 14:38:31.333 [Forwarding newSession on session null to remote][3653] DEBUG io.netty.util.NetUtil - Failed to get SOMAXCONN from sysctl and file /proc/sys/net/core/somaxconn. Default: 128
2022-05-22 14:38:31.335 [Forwarding newSession on session null to remote][3655] DEBUG io.netty.channel.DefaultChannelId - -Dio.netty.machineId: b0:be:83:ff:fe:6e:38:60 (auto-detected)
2022-05-22 14:38:31.410 [AsyncHttpClient-1-2][3730] DEBUG io.netty.buffer.AbstractByteBuf - -Dio.netty.buffer.checkAccessible: true
2022-05-22 14:38:31.411 [AsyncHttpClient-1-2][3731] DEBUG io.netty.buffer.AbstractByteBuf - -Dio.netty.buffer.checkBounds: true
2022-05-22 14:38:31.411 [AsyncHttpClient-1-2][3731] DEBUG io.netty.util.ResourceLeakDetectorFactory - Loaded default ResourceLeakDetector: io.netty.util.ResourceLeakDetector@65f22903
2022-05-22 14:38:31.438 [AsyncHttpClient-1-2][3758] DEBUG io.netty.util.Recycler - -Dio.netty.recycler.maxCapacityPerThread: 4096
2022-05-22 14:38:31.438 [AsyncHttpClient-1-2][3758] DEBUG io.netty.util.Recycler - -Dio.netty.recycler.ratio: 8
2022-05-22 14:38:31.438 [AsyncHttpClient-1-2][3758] DEBUG io.netty.util.Recycler - -Dio.netty.recycler.chunkSize: 32
2022-05-22 14:38:31.438 [AsyncHttpClient-1-2][3758] DEBUG io.netty.util.Recycler - -Dio.netty.recycler.blocking: false
2022-05-22 14:38:34.659 [AsyncHttpClient-1-2][6979] DEBUG io.netty.handler.codec.compression.Brotli - brotli4j not in the classpath; Brotli support will be unavailable.
2022-05-22 14:38:34.871 [main][7191] DEBUG io.netty.util.internal.ThreadLocalRandom - -Dio.netty.initialSeedUniquifier: 0x76901de1fac916de
2022-05-22 14:38:54.615 [main][26935] INFO  step_definitions.LoginSteps - User is in the Mortgage Calculator Home Page
2022-05-22 14:39:15.146 [main][47466] ERROR command_providers.ElementActions - Element exception for the locator: By.xpath: //*[@id='login-email']The exception is: no such element: Unable to locate element: {"method":"xpath","selector":"//*[@id='login-email']"}
  (Session info: chrome=101.0.4951.64)
For documentation on this error, please visit: https://selenium.dev/exceptions/#no_such_element
Build info: version: '4.1.4', revision: '535d840ee2'
System info: host: 'Tasins-MacBook-Pro.local', ip: '2603:7000:dd03:8a00:5174:b96f:5322:7c13%en0', os.name: 'Mac OS X', os.arch: 'x86_64', os.version: '12.2', java.version: '11.0.15'
Driver info: org.openqa.selenium.chrome.ChromeDriver
Command: [7e1d4fc75e2dd9e1cc204a9096100963, findElement {using=xpath, value=//*[@id='login-email']}]
Capabilities {acceptInsecureCerts: false, browserName: chrome, browserVersion: 101.0.4951.64, chrome: {chromedriverVersion: 101.0.4951.41 (93c720db8323..., userDataDir: /var/folders/h6/m916999d2hg...}, goog:chromeOptions: {debuggerAddress: localhost:58977}, javascriptEnabled: true, networkConnectionEnabled: false, pageLoadStrategy: normal, platform: MAC, platformName: MAC, proxy: Proxy(), se:cdp: ws://localhost:58977/devtoo..., se:cdpVersion: 101.0.4951.64, setWindowRect: true, strictFileInteractability: false, timeouts: {implicit: 0, pageLoad: 300000, script: 30000}, unhandledPromptBehavior: dismiss and notify, webauthn:extension:credBlob: true, webauthn:extension:largeBlob: true, webauthn:virtualAuthenticators: true}
Session ID: 7e1d4fc75e2dd9e1cc204a9096100963
2022-05-22 14:39:15.381 [main][47701] INFO  step_definitions.Hooks - -----End Scenario: Check login is successful with valid credentials-----
