2022-05-22 22:28:43.176 [main][2480] INFO  step_definitions.Hooks - -----Scenario: Check login is successful with valid credentials-----
2022-05-22 22:28:43.833 [main][3137] DEBUG io.netty.util.internal.logging.InternalLoggerFactory - Using Log4J2 as the default logging framework
2022-05-22 22:28:43.837 [main][3141] DEBUG io.netty.util.ResourceLeakDetector - -Dio.netty.leakDetection.level: simple
2022-05-22 22:28:43.838 [main][3142] DEBUG io.netty.util.ResourceLeakDetector - -Dio.netty.leakDetection.targetRecords: 4
2022-05-22 22:28:43.841 [main][3145] DEBUG io.netty.util.ResourceLeakDetectorFactory - Loaded default ResourceLeakDetector: io.netty.util.ResourceLeakDetector@5177e388
2022-05-22 22:28:43.855 [main][3159] DEBUG io.netty.util.internal.PlatformDependent0 - -Dio.netty.noUnsafe: false
2022-05-22 22:28:43.855 [main][3159] DEBUG io.netty.util.internal.PlatformDependent0 - Java version: 11
2022-05-22 22:28:43.857 [main][3161] DEBUG io.netty.util.internal.PlatformDependent0 - sun.misc.Unsafe.theUnsafe: available
2022-05-22 22:28:43.858 [main][3162] DEBUG io.netty.util.internal.PlatformDependent0 - sun.misc.Unsafe.copyMemory: available
2022-05-22 22:28:43.858 [main][3162] DEBUG io.netty.util.internal.PlatformDependent0 - java.nio.Buffer.address: available
2022-05-22 22:28:43.858 [main][3162] DEBUG io.netty.util.internal.PlatformDependent0 - direct buffer constructor: unavailable: Reflective setAccessible(true) disabled
2022-05-22 22:28:43.859 [main][3163] DEBUG io.netty.util.internal.PlatformDependent0 - java.nio.Bits.unaligned: available, true
2022-05-22 22:28:43.860 [main][3164] DEBUG io.netty.util.internal.PlatformDependent0 - jdk.internal.misc.Unsafe.allocateUninitializedArray(int): unavailable: class io.netty.util.internal.PlatformDependent0$6 cannot access class jdk.internal.misc.Unsafe (in module java.base) because module java.base does not export jdk.internal.misc to unnamed module @7b69c6ba
2022-05-22 22:28:43.861 [main][3165] DEBUG io.netty.util.internal.PlatformDependent0 - java.nio.DirectByteBuffer.<init>(long, int): unavailable
2022-05-22 22:28:43.861 [main][3165] DEBUG io.netty.util.internal.PlatformDependent - sun.misc.Unsafe: available
2022-05-22 22:28:43.863 [main][3167] DEBUG io.netty.util.internal.PlatformDependent - maxDirectMemory: 2147483648 bytes (maybe)
2022-05-22 22:28:43.864 [main][3168] DEBUG io.netty.util.internal.PlatformDependent - -Dio.netty.tmpdir: /var/folders/h6/m916999d2hg8gc7bsrw10lrm0000gn/T (java.io.tmpdir)
2022-05-22 22:28:43.864 [main][3168] DEBUG io.netty.util.internal.PlatformDependent - -Dio.netty.bitMode: 64 (sun.arch.data.model)
2022-05-22 22:28:43.864 [main][3168] DEBUG io.netty.util.internal.PlatformDependent - Platform: MacOS
2022-05-22 22:28:43.866 [main][3170] DEBUG io.netty.util.internal.PlatformDependent - -Dio.netty.maxDirectMemory: -1 bytes
2022-05-22 22:28:43.866 [main][3170] DEBUG io.netty.util.internal.PlatformDependent - -Dio.netty.uninitializedArrayAllocationThreshold: -1
2022-05-22 22:28:43.867 [main][3171] DEBUG io.netty.util.internal.CleanerJava9 - java.nio.ByteBuffer.cleaner(): available
2022-05-22 22:28:43.868 [main][3172] DEBUG io.netty.util.internal.PlatformDependent - -Dio.netty.noPreferDirect: false
2022-05-22 22:28:43.873 [main][3177] DEBUG io.netty.util.internal.PlatformDependent - org.jctools-core.MpscChunkedArrayQueue: available
2022-05-22 22:28:43.900 [main][3204] DEBUG io.netty.util.internal.InternalThreadLocalMap - -Dio.netty.threadLocalMap.stringBuilder.initialSize: 1024
2022-05-22 22:28:43.900 [main][3204] DEBUG io.netty.util.internal.InternalThreadLocalMap - -Dio.netty.threadLocalMap.stringBuilder.maxSize: 4096
2022-05-22 22:28:43.924 [main][3228] DEBUG io.netty.handler.ssl.JdkSslContext - Default protocols (JDK): [TLSv1.3, TLSv1.2] 
2022-05-22 22:28:43.924 [main][3228] DEBUG io.netty.handler.ssl.JdkSslContext - Default cipher suites (JDK): [TLS_ECDHE_ECDSA_WITH_AES_256_GCM_SHA384, TLS_ECDHE_ECDSA_WITH_AES_128_GCM_SHA256, TLS_ECDHE_RSA_WITH_AES_128_GCM_SHA256, TLS_ECDHE_RSA_WITH_AES_256_GCM_SHA384, TLS_ECDHE_RSA_WITH_AES_128_CBC_SHA, TLS_ECDHE_RSA_WITH_AES_256_CBC_SHA, TLS_RSA_WITH_AES_128_GCM_SHA256, TLS_RSA_WITH_AES_128_CBC_SHA, TLS_RSA_WITH_AES_256_CBC_SHA, TLS_AES_128_GCM_SHA256, TLS_AES_256_GCM_SHA384]
2022-05-22 22:28:43.943 [main][3247] DEBUG io.netty.channel.MultithreadEventLoopGroup - -Dio.netty.eventLoopThreads: 16
2022-05-22 22:28:43.954 [main][3258] DEBUG io.netty.channel.nio.NioEventLoop - -Dio.netty.noKeySetOptimization: false
2022-05-22 22:28:43.954 [main][3258] DEBUG io.netty.channel.nio.NioEventLoop - -Dio.netty.selectorAutoRebuildThreshold: 512
2022-05-22 22:28:43.975 [main][3279] DEBUG io.netty.buffer.PooledByteBufAllocator - -Dio.netty.allocator.numHeapArenas: 16
2022-05-22 22:28:43.975 [main][3279] DEBUG io.netty.buffer.PooledByteBufAllocator - -Dio.netty.allocator.numDirectArenas: 16
2022-05-22 22:28:43.975 [main][3279] DEBUG io.netty.buffer.PooledByteBufAllocator - -Dio.netty.allocator.pageSize: 8192
2022-05-22 22:28:43.976 [main][3280] DEBUG io.netty.buffer.PooledByteBufAllocator - -Dio.netty.allocator.maxOrder: 9
2022-05-22 22:28:43.976 [main][3280] DEBUG io.netty.buffer.PooledByteBufAllocator - -Dio.netty.allocator.chunkSize: 4194304
2022-05-22 22:28:43.976 [main][3280] DEBUG io.netty.buffer.PooledByteBufAllocator - -Dio.netty.allocator.smallCacheSize: 256
2022-05-22 22:28:43.976 [main][3280] DEBUG io.netty.buffer.PooledByteBufAllocator - -Dio.netty.allocator.normalCacheSize: 64
2022-05-22 22:28:43.976 [main][3280] DEBUG io.netty.buffer.PooledByteBufAllocator - -Dio.netty.allocator.maxCachedBufferCapacity: 32768
2022-05-22 22:28:43.976 [main][3280] DEBUG io.netty.buffer.PooledByteBufAllocator - -Dio.netty.allocator.cacheTrimInterval: 8192
2022-05-22 22:28:43.976 [main][3280] DEBUG io.netty.buffer.PooledByteBufAllocator - -Dio.netty.allocator.cacheTrimIntervalMillis: 0
2022-05-22 22:28:43.977 [main][3281] DEBUG io.netty.buffer.PooledByteBufAllocator - -Dio.netty.allocator.useCacheForAllThreads: false
2022-05-22 22:28:43.977 [main][3281] DEBUG io.netty.buffer.PooledByteBufAllocator - -Dio.netty.allocator.maxCachedByteBuffersPerChunk: 1023
2022-05-22 22:28:43.985 [main][3289] DEBUG io.netty.buffer.ByteBufUtil - -Dio.netty.allocator.type: pooled
2022-05-22 22:28:43.985 [main][3289] DEBUG io.netty.buffer.ByteBufUtil - -Dio.netty.threadLocalDirectBufferSize: 0
2022-05-22 22:28:43.985 [main][3289] DEBUG io.netty.buffer.ByteBufUtil - -Dio.netty.maxThreadLocalCharBufferSize: 16384
2022-05-22 22:28:44.435 [Forwarding newSession on session null to remote][3739] DEBUG io.netty.channel.DefaultChannelId - -Dio.netty.processId: 4344 (auto-detected)
2022-05-22 22:28:44.438 [Forwarding newSession on session null to remote][3742] DEBUG io.netty.util.NetUtil - -Djava.net.preferIPv4Stack: false
2022-05-22 22:28:44.438 [Forwarding newSession on session null to remote][3742] DEBUG io.netty.util.NetUtil - -Djava.net.preferIPv6Addresses: false
2022-05-22 22:28:44.441 [Forwarding newSession on session null to remote][3745] DEBUG io.netty.util.NetUtilInitializations - Loopback interface: lo0 (lo0, 0:0:0:0:0:0:0:1%lo0)
2022-05-22 22:28:44.442 [Forwarding newSession on session null to remote][3746] DEBUG io.netty.util.NetUtil - Failed to get SOMAXCONN from sysctl and file /proc/sys/net/core/somaxconn. Default: 128
2022-05-22 22:28:44.444 [Forwarding newSession on session null to remote][3748] DEBUG io.netty.channel.DefaultChannelId - -Dio.netty.machineId: b0:be:83:ff:fe:6e:38:60 (auto-detected)
2022-05-22 22:28:44.508 [AsyncHttpClient-1-2][3812] DEBUG io.netty.buffer.AbstractByteBuf - -Dio.netty.buffer.checkAccessible: true
2022-05-22 22:28:44.509 [AsyncHttpClient-1-2][3813] DEBUG io.netty.buffer.AbstractByteBuf - -Dio.netty.buffer.checkBounds: true
2022-05-22 22:28:44.510 [AsyncHttpClient-1-2][3814] DEBUG io.netty.util.ResourceLeakDetectorFactory - Loaded default ResourceLeakDetector: io.netty.util.ResourceLeakDetector@47e9432c
2022-05-22 22:28:44.595 [AsyncHttpClient-1-2][3899] DEBUG io.netty.util.Recycler - -Dio.netty.recycler.maxCapacityPerThread: 4096
2022-05-22 22:28:44.596 [AsyncHttpClient-1-2][3900] DEBUG io.netty.util.Recycler - -Dio.netty.recycler.ratio: 8
2022-05-22 22:28:44.597 [AsyncHttpClient-1-2][3901] DEBUG io.netty.util.Recycler - -Dio.netty.recycler.chunkSize: 32
2022-05-22 22:28:44.597 [AsyncHttpClient-1-2][3901] DEBUG io.netty.util.Recycler - -Dio.netty.recycler.blocking: false
2022-05-22 22:28:48.627 [AsyncHttpClient-1-2][7931] DEBUG io.netty.handler.codec.compression.Brotli - brotli4j not in the classpath; Brotli support will be unavailable.
2022-05-22 22:28:48.972 [main][8276] DEBUG io.netty.util.internal.ThreadLocalRandom - -Dio.netty.initialSeedUniquifier: 0xfd58f5b01106038d
2022-05-22 22:29:09.240 [main][28544] DEBUG page_objects.LogIn - Wait for tab to be visible
2022-05-22 22:29:09.241 [main][28545] INFO  step_definitions.LoginSteps - User is in the Overstock sign in Page
2022-05-22 22:29:10.343 [main][29647] DEBUG page_objects.LogIn - Enter Email: tasin.chowdhury1@gmail.com
2022-05-22 22:29:11.054 [main][30358] DEBUG page_objects.LogIn - Enter Password: Chowdhury12!!
2022-05-22 22:29:11.054 [main][30358] INFO  step_definitions.LoginSteps - User has entered credentials
2022-05-22 22:29:13.198 [main][32502] DEBUG page_objects.LogIn - Click on Sign In Button
2022-05-22 22:29:13.199 [main][32503] INFO  step_definitions.LoginSteps - User has entered successfully
2022-05-22 22:29:13.200 [main][32504] INFO  step_definitions.LoginSteps - User has landed on Dashboard
2022-05-22 22:29:13.473 [main][32777] INFO  step_definitions.Hooks - -----End Scenario: Check login is successful with valid credentials-----
