2022-05-22 21:56:13.772 [main][2664] INFO  step_definitions.Hooks - -----Scenario: Check login is successful with valid credentials-----
2022-05-22 21:56:14.479 [main][3371] DEBUG io.netty.util.internal.logging.InternalLoggerFactory - Using Log4J2 as the default logging framework
2022-05-22 21:56:14.488 [main][3380] DEBUG io.netty.util.ResourceLeakDetector - -Dio.netty.leakDetection.level: simple
2022-05-22 21:56:14.488 [main][3380] DEBUG io.netty.util.ResourceLeakDetector - -Dio.netty.leakDetection.targetRecords: 4
2022-05-22 21:56:14.492 [main][3384] DEBUG io.netty.util.ResourceLeakDetectorFactory - Loaded default ResourceLeakDetector: io.netty.util.ResourceLeakDetector@2216effc
2022-05-22 21:56:14.516 [main][3408] DEBUG io.netty.util.internal.PlatformDependent0 - -Dio.netty.noUnsafe: false
2022-05-22 21:56:14.516 [main][3408] DEBUG io.netty.util.internal.PlatformDependent0 - Java version: 11
2022-05-22 21:56:14.520 [main][3412] DEBUG io.netty.util.internal.PlatformDependent0 - sun.misc.Unsafe.theUnsafe: available
2022-05-22 21:56:14.520 [main][3412] DEBUG io.netty.util.internal.PlatformDependent0 - sun.misc.Unsafe.copyMemory: available
2022-05-22 21:56:14.520 [main][3412] DEBUG io.netty.util.internal.PlatformDependent0 - java.nio.Buffer.address: available
2022-05-22 21:56:14.521 [main][3413] DEBUG io.netty.util.internal.PlatformDependent0 - direct buffer constructor: unavailable: Reflective setAccessible(true) disabled
2022-05-22 21:56:14.521 [main][3413] DEBUG io.netty.util.internal.PlatformDependent0 - java.nio.Bits.unaligned: available, true
2022-05-22 21:56:14.523 [main][3415] DEBUG io.netty.util.internal.PlatformDependent0 - jdk.internal.misc.Unsafe.allocateUninitializedArray(int): unavailable: class io.netty.util.internal.PlatformDependent0$6 cannot access class jdk.internal.misc.Unsafe (in module java.base) because module java.base does not export jdk.internal.misc to unnamed module @3098cf3b
2022-05-22 21:56:14.524 [main][3416] DEBUG io.netty.util.internal.PlatformDependent0 - java.nio.DirectByteBuffer.<init>(long, int): unavailable
2022-05-22 21:56:14.524 [main][3416] DEBUG io.netty.util.internal.PlatformDependent - sun.misc.Unsafe: available
2022-05-22 21:56:14.525 [main][3417] DEBUG io.netty.util.internal.PlatformDependent - maxDirectMemory: 2147483648 bytes (maybe)
2022-05-22 21:56:14.525 [main][3417] DEBUG io.netty.util.internal.PlatformDependent - -Dio.netty.tmpdir: /var/folders/h6/m916999d2hg8gc7bsrw10lrm0000gn/T (java.io.tmpdir)
2022-05-22 21:56:14.526 [main][3418] DEBUG io.netty.util.internal.PlatformDependent - -Dio.netty.bitMode: 64 (sun.arch.data.model)
2022-05-22 21:56:14.527 [main][3419] DEBUG io.netty.util.internal.PlatformDependent - Platform: MacOS
2022-05-22 21:56:14.528 [main][3420] DEBUG io.netty.util.internal.PlatformDependent - -Dio.netty.maxDirectMemory: -1 bytes
2022-05-22 21:56:14.528 [main][3420] DEBUG io.netty.util.internal.PlatformDependent - -Dio.netty.uninitializedArrayAllocationThreshold: -1
2022-05-22 21:56:14.529 [main][3421] DEBUG io.netty.util.internal.CleanerJava9 - java.nio.ByteBuffer.cleaner(): available
2022-05-22 21:56:14.530 [main][3422] DEBUG io.netty.util.internal.PlatformDependent - -Dio.netty.noPreferDirect: false
2022-05-22 21:56:14.536 [main][3428] DEBUG io.netty.util.internal.PlatformDependent - org.jctools-core.MpscChunkedArrayQueue: available
2022-05-22 21:56:14.554 [main][3446] DEBUG io.netty.util.internal.InternalThreadLocalMap - -Dio.netty.threadLocalMap.stringBuilder.initialSize: 1024
2022-05-22 21:56:14.554 [main][3446] DEBUG io.netty.util.internal.InternalThreadLocalMap - -Dio.netty.threadLocalMap.stringBuilder.maxSize: 4096
2022-05-22 21:56:14.591 [main][3483] DEBUG io.netty.handler.ssl.JdkSslContext - Default protocols (JDK): [TLSv1.3, TLSv1.2] 
2022-05-22 21:56:14.591 [main][3483] DEBUG io.netty.handler.ssl.JdkSslContext - Default cipher suites (JDK): [TLS_ECDHE_ECDSA_WITH_AES_256_GCM_SHA384, TLS_ECDHE_ECDSA_WITH_AES_128_GCM_SHA256, TLS_ECDHE_RSA_WITH_AES_128_GCM_SHA256, TLS_ECDHE_RSA_WITH_AES_256_GCM_SHA384, TLS_ECDHE_RSA_WITH_AES_128_CBC_SHA, TLS_ECDHE_RSA_WITH_AES_256_CBC_SHA, TLS_RSA_WITH_AES_128_GCM_SHA256, TLS_RSA_WITH_AES_128_CBC_SHA, TLS_RSA_WITH_AES_256_CBC_SHA, TLS_AES_128_GCM_SHA256, TLS_AES_256_GCM_SHA384]
2022-05-22 21:56:14.613 [main][3505] DEBUG io.netty.channel.MultithreadEventLoopGroup - -Dio.netty.eventLoopThreads: 16
2022-05-22 21:56:14.621 [main][3513] DEBUG io.netty.channel.nio.NioEventLoop - -Dio.netty.noKeySetOptimization: false
2022-05-22 21:56:14.621 [main][3513] DEBUG io.netty.channel.nio.NioEventLoop - -Dio.netty.selectorAutoRebuildThreshold: 512
2022-05-22 21:56:14.645 [main][3537] DEBUG io.netty.buffer.PooledByteBufAllocator - -Dio.netty.allocator.numHeapArenas: 16
2022-05-22 21:56:14.646 [main][3538] DEBUG io.netty.buffer.PooledByteBufAllocator - -Dio.netty.allocator.numDirectArenas: 16
2022-05-22 21:56:14.646 [main][3538] DEBUG io.netty.buffer.PooledByteBufAllocator - -Dio.netty.allocator.pageSize: 8192
2022-05-22 21:56:14.646 [main][3538] DEBUG io.netty.buffer.PooledByteBufAllocator - -Dio.netty.allocator.maxOrder: 9
2022-05-22 21:56:14.646 [main][3538] DEBUG io.netty.buffer.PooledByteBufAllocator - -Dio.netty.allocator.chunkSize: 4194304
2022-05-22 21:56:14.646 [main][3538] DEBUG io.netty.buffer.PooledByteBufAllocator - -Dio.netty.allocator.smallCacheSize: 256
2022-05-22 21:56:14.646 [main][3538] DEBUG io.netty.buffer.PooledByteBufAllocator - -Dio.netty.allocator.normalCacheSize: 64
2022-05-22 21:56:14.646 [main][3538] DEBUG io.netty.buffer.PooledByteBufAllocator - -Dio.netty.allocator.maxCachedBufferCapacity: 32768
2022-05-22 21:56:14.646 [main][3538] DEBUG io.netty.buffer.PooledByteBufAllocator - -Dio.netty.allocator.cacheTrimInterval: 8192
2022-05-22 21:56:14.647 [main][3539] DEBUG io.netty.buffer.PooledByteBufAllocator - -Dio.netty.allocator.cacheTrimIntervalMillis: 0
2022-05-22 21:56:14.647 [main][3539] DEBUG io.netty.buffer.PooledByteBufAllocator - -Dio.netty.allocator.useCacheForAllThreads: false
2022-05-22 21:56:14.647 [main][3539] DEBUG io.netty.buffer.PooledByteBufAllocator - -Dio.netty.allocator.maxCachedByteBuffersPerChunk: 1023
2022-05-22 21:56:14.656 [main][3548] DEBUG io.netty.buffer.ByteBufUtil - -Dio.netty.allocator.type: pooled
2022-05-22 21:56:14.657 [main][3549] DEBUG io.netty.buffer.ByteBufUtil - -Dio.netty.threadLocalDirectBufferSize: 0
2022-05-22 21:56:14.657 [main][3549] DEBUG io.netty.buffer.ByteBufUtil - -Dio.netty.maxThreadLocalCharBufferSize: 16384
2022-05-22 21:56:15.204 [Forwarding newSession on session null to remote][4096] DEBUG io.netty.channel.DefaultChannelId - -Dio.netty.processId: 3638 (auto-detected)
2022-05-22 21:56:15.206 [Forwarding newSession on session null to remote][4098] DEBUG io.netty.util.NetUtil - -Djava.net.preferIPv4Stack: false
2022-05-22 21:56:15.207 [Forwarding newSession on session null to remote][4099] DEBUG io.netty.util.NetUtil - -Djava.net.preferIPv6Addresses: false
2022-05-22 21:56:15.211 [Forwarding newSession on session null to remote][4103] DEBUG io.netty.util.NetUtilInitializations - Loopback interface: lo0 (lo0, 0:0:0:0:0:0:0:1%lo0)
2022-05-22 21:56:15.211 [Forwarding newSession on session null to remote][4103] DEBUG io.netty.util.NetUtil - Failed to get SOMAXCONN from sysctl and file /proc/sys/net/core/somaxconn. Default: 128
2022-05-22 21:56:15.214 [Forwarding newSession on session null to remote][4106] DEBUG io.netty.channel.DefaultChannelId - -Dio.netty.machineId: b0:be:83:ff:fe:6e:38:60 (auto-detected)
2022-05-22 21:56:15.342 [AsyncHttpClient-1-2][4234] DEBUG io.netty.buffer.AbstractByteBuf - -Dio.netty.buffer.checkAccessible: true
2022-05-22 21:56:15.344 [AsyncHttpClient-1-2][4236] DEBUG io.netty.buffer.AbstractByteBuf - -Dio.netty.buffer.checkBounds: true
2022-05-22 21:56:15.344 [AsyncHttpClient-1-2][4236] DEBUG io.netty.util.ResourceLeakDetectorFactory - Loaded default ResourceLeakDetector: io.netty.util.ResourceLeakDetector@6e49c685
2022-05-22 21:56:15.379 [AsyncHttpClient-1-2][4271] DEBUG io.netty.util.Recycler - -Dio.netty.recycler.maxCapacityPerThread: 4096
2022-05-22 21:56:15.379 [AsyncHttpClient-1-2][4271] DEBUG io.netty.util.Recycler - -Dio.netty.recycler.ratio: 8
2022-05-22 21:56:15.379 [AsyncHttpClient-1-2][4271] DEBUG io.netty.util.Recycler - -Dio.netty.recycler.chunkSize: 32
2022-05-22 21:56:15.379 [AsyncHttpClient-1-2][4271] DEBUG io.netty.util.Recycler - -Dio.netty.recycler.blocking: false
2022-05-22 21:56:19.767 [AsyncHttpClient-1-2][8659] DEBUG io.netty.handler.codec.compression.Brotli - brotli4j not in the classpath; Brotli support will be unavailable.
2022-05-22 21:56:20.120 [main][9012] DEBUG io.netty.util.internal.ThreadLocalRandom - -Dio.netty.initialSeedUniquifier: 0x504a8c581d4129b2
2022-05-22 21:56:43.602 [main][32494] DEBUG page_objects.LogIn - Wait for tab to be visible
2022-05-22 21:56:43.604 [main][32496] INFO  step_definitions.LoginSteps - User is in the Overstock sign in Page
2022-05-22 21:56:44.862 [main][33754] DEBUG page_objects.LogIn - Enter Email: tasin.chowdhury1@gmail.com
2022-05-22 21:56:47.186 [main][36078] DEBUG page_objects.LogIn - Enter Password: Chowdhury12!!
2022-05-22 21:56:47.186 [main][36078] INFO  step_definitions.LoginSteps - User has entered credentials
2022-05-22 21:56:48.268 [main][37160] DEBUG page_objects.LogIn - Click on Sign In Button
2022-05-22 21:56:48.269 [main][37161] INFO  step_definitions.LoginSteps - User has entered successfully
2022-05-22 21:56:48.269 [main][37161] INFO  step_definitions.LoginSteps - User has landed on Dashboard
2022-05-22 21:56:48.496 [main][37388] INFO  step_definitions.Hooks - -----End Scenario: Check login is successful with valid credentials-----
2022-05-22 21:56:48.580 [main][37472] INFO  step_definitions.Hooks - -----Scenario: Check login is unsuccessful with invalid credentials-----
2022-05-22 21:57:10.557 [main][59449] DEBUG page_objects.LogIn - Wait for tab to be visible
2022-05-22 21:57:10.558 [main][59450] INFO  step_definitions.LoginSteps - User is in the Overstock sign in Page
2022-05-22 21:57:12.783 [main][61675] DEBUG page_objects.LogIn - Enter Email: tasin.chowdhury1@gmail.com
2022-05-22 21:57:15.825 [main][64717] DEBUG page_objects.LogIn - Enter Password: Newyorkcity12
2022-05-22 21:57:15.825 [main][64717] INFO  step_definitions.LoginSteps - User has entered credentials
2022-05-22 21:57:16.789 [main][65681] DEBUG page_objects.LogIn - Click on Sign In Button
2022-05-22 21:57:16.789 [main][65681] INFO  step_definitions.LoginSteps - User has entered successfully
2022-05-22 21:57:16.975 [main][65867] INFO  step_definitions.Hooks - -----End Scenario: Check login is unsuccessful with invalid credentials-----
2022-05-22 21:57:16.999 [main][65891] INFO  step_definitions.Hooks - -----Scenario: Check login is successful with valid credentials for multiple users-----
2022-05-22 21:57:45.694 [main][94586] DEBUG page_objects.LogIn - Wait for tab to be visible
2022-05-22 21:57:45.697 [main][94589] INFO  step_definitions.LoginSteps - User is in the Overstock sign in Page
2022-05-22 21:57:48.176 [main][97068] DEBUG page_objects.LogIn - Enter Email: tasin.chowdhury1@gmail.com
2022-05-22 21:57:50.705 [main][99597] DEBUG page_objects.LogIn - Enter Password: Chowdhury12!!
2022-05-22 21:57:50.706 [main][99598] INFO  step_definitions.LoginSteps - User has entered credentials
2022-05-22 21:57:52.040 [main][100932] DEBUG page_objects.LogIn - Click on Sign In Button
2022-05-22 21:57:52.041 [main][100933] INFO  step_definitions.LoginSteps - User has entered successfully
2022-05-22 21:57:52.251 [main][101143] INFO  step_definitions.Hooks - -----End Scenario: Check login is successful with valid credentials for multiple users-----
2022-05-22 21:57:52.273 [main][101165] INFO  step_definitions.Hooks - -----Scenario: Check login is successful with valid credentials for multiple users-----
2022-05-22 21:58:22.911 [main][131803] DEBUG page_objects.LogIn - Wait for tab to be visible
2022-05-22 21:58:22.912 [main][131804] INFO  step_definitions.LoginSteps - User is in the Overstock sign in Page
2022-05-22 21:58:25.206 [main][134098] DEBUG page_objects.LogIn - Enter Email: tasinchowdhury9.0@gmail.com
2022-05-22 21:58:27.318 [main][136210] DEBUG page_objects.LogIn - Enter Password: Chowdhury12!!
2022-05-22 21:58:27.319 [main][136211] INFO  step_definitions.LoginSteps - User has entered credentials
2022-05-22 21:58:29.308 [main][138200] DEBUG page_objects.LogIn - Click on Sign In Button
2022-05-22 21:58:29.311 [main][138203] INFO  step_definitions.LoginSteps - User has entered successfully
2022-05-22 21:58:29.593 [main][138485] INFO  step_definitions.Hooks - -----End Scenario: Check login is successful with valid credentials for multiple users-----
2022-05-22 21:58:29.636 [main][138528] INFO  step_definitions.Hooks - -----Scenario: Check login is successful using data table-----
2022-05-22 21:58:36.431 [main][145323] INFO  step_definitions.Hooks - -----End Scenario: Check login is successful using data table-----
