2022-05-22 02:19:14.171 [main][2649] INFO  step_definitions.Hooks - -----Scenario: Check login is successful with valid credentials-----
2022-05-22 02:19:16.241 [main][4719] DEBUG io.netty.util.internal.logging.InternalLoggerFactory - Using Log4J2 as the default logging framework
2022-05-22 02:19:16.247 [main][4725] DEBUG io.netty.util.ResourceLeakDetector - -Dio.netty.leakDetection.level: simple
2022-05-22 02:19:16.248 [main][4726] DEBUG io.netty.util.ResourceLeakDetector - -Dio.netty.leakDetection.targetRecords: 4
2022-05-22 02:19:16.251 [main][4729] DEBUG io.netty.util.ResourceLeakDetectorFactory - Loaded default ResourceLeakDetector: io.netty.util.ResourceLeakDetector@5c448433
2022-05-22 02:19:16.271 [main][4749] DEBUG io.netty.util.internal.PlatformDependent0 - -Dio.netty.noUnsafe: false
2022-05-22 02:19:16.271 [main][4749] DEBUG io.netty.util.internal.PlatformDependent0 - Java version: 11
2022-05-22 02:19:16.274 [main][4752] DEBUG io.netty.util.internal.PlatformDependent0 - sun.misc.Unsafe.theUnsafe: available
2022-05-22 02:19:16.275 [main][4753] DEBUG io.netty.util.internal.PlatformDependent0 - sun.misc.Unsafe.copyMemory: available
2022-05-22 02:19:16.276 [main][4754] DEBUG io.netty.util.internal.PlatformDependent0 - java.nio.Buffer.address: available
2022-05-22 02:19:16.276 [main][4754] DEBUG io.netty.util.internal.PlatformDependent0 - direct buffer constructor: unavailable: Reflective setAccessible(true) disabled
2022-05-22 02:19:16.277 [main][4755] DEBUG io.netty.util.internal.PlatformDependent0 - java.nio.Bits.unaligned: available, true
2022-05-22 02:19:16.279 [main][4757] DEBUG io.netty.util.internal.PlatformDependent0 - jdk.internal.misc.Unsafe.allocateUninitializedArray(int): unavailable: class io.netty.util.internal.PlatformDependent0$6 cannot access class jdk.internal.misc.Unsafe (in module java.base) because module java.base does not export jdk.internal.misc to unnamed module @313b2ea6
2022-05-22 02:19:16.281 [main][4759] DEBUG io.netty.util.internal.PlatformDependent0 - java.nio.DirectByteBuffer.<init>(long, int): unavailable
2022-05-22 02:19:16.281 [main][4759] DEBUG io.netty.util.internal.PlatformDependent - sun.misc.Unsafe: available
2022-05-22 02:19:16.282 [main][4760] DEBUG io.netty.util.internal.PlatformDependent - maxDirectMemory: 2147483648 bytes (maybe)
2022-05-22 02:19:16.282 [main][4760] DEBUG io.netty.util.internal.PlatformDependent - -Dio.netty.tmpdir: /var/folders/h6/m916999d2hg8gc7bsrw10lrm0000gn/T (java.io.tmpdir)
2022-05-22 02:19:16.282 [main][4760] DEBUG io.netty.util.internal.PlatformDependent - -Dio.netty.bitMode: 64 (sun.arch.data.model)
2022-05-22 02:19:16.284 [main][4762] DEBUG io.netty.util.internal.PlatformDependent - Platform: MacOS
2022-05-22 02:19:16.285 [main][4763] DEBUG io.netty.util.internal.PlatformDependent - -Dio.netty.maxDirectMemory: -1 bytes
2022-05-22 02:19:16.285 [main][4763] DEBUG io.netty.util.internal.PlatformDependent - -Dio.netty.uninitializedArrayAllocationThreshold: -1
2022-05-22 02:19:16.287 [main][4765] DEBUG io.netty.util.internal.CleanerJava9 - java.nio.ByteBuffer.cleaner(): available
2022-05-22 02:19:16.288 [main][4766] DEBUG io.netty.util.internal.PlatformDependent - -Dio.netty.noPreferDirect: false
2022-05-22 02:19:16.294 [main][4772] DEBUG io.netty.util.internal.PlatformDependent - org.jctools-core.MpscChunkedArrayQueue: available
2022-05-22 02:19:16.394 [main][4872] DEBUG io.netty.util.internal.InternalThreadLocalMap - -Dio.netty.threadLocalMap.stringBuilder.initialSize: 1024
2022-05-22 02:19:16.396 [main][4874] DEBUG io.netty.util.internal.InternalThreadLocalMap - -Dio.netty.threadLocalMap.stringBuilder.maxSize: 4096
2022-05-22 02:19:16.455 [main][4933] DEBUG io.netty.handler.ssl.JdkSslContext - Default protocols (JDK): [TLSv1.3, TLSv1.2] 
2022-05-22 02:19:16.455 [main][4933] DEBUG io.netty.handler.ssl.JdkSslContext - Default cipher suites (JDK): [TLS_ECDHE_ECDSA_WITH_AES_256_GCM_SHA384, TLS_ECDHE_ECDSA_WITH_AES_128_GCM_SHA256, TLS_ECDHE_RSA_WITH_AES_128_GCM_SHA256, TLS_ECDHE_RSA_WITH_AES_256_GCM_SHA384, TLS_ECDHE_RSA_WITH_AES_128_CBC_SHA, TLS_ECDHE_RSA_WITH_AES_256_CBC_SHA, TLS_RSA_WITH_AES_128_GCM_SHA256, TLS_RSA_WITH_AES_128_CBC_SHA, TLS_RSA_WITH_AES_256_CBC_SHA, TLS_AES_128_GCM_SHA256, TLS_AES_256_GCM_SHA384]
2022-05-22 02:19:16.481 [main][4959] DEBUG io.netty.channel.MultithreadEventLoopGroup - -Dio.netty.eventLoopThreads: 16
2022-05-22 02:19:16.493 [main][4971] DEBUG io.netty.channel.nio.NioEventLoop - -Dio.netty.noKeySetOptimization: false
2022-05-22 02:19:16.493 [main][4971] DEBUG io.netty.channel.nio.NioEventLoop - -Dio.netty.selectorAutoRebuildThreshold: 512
2022-05-22 02:19:16.518 [main][4996] DEBUG io.netty.buffer.PooledByteBufAllocator - -Dio.netty.allocator.numHeapArenas: 16
2022-05-22 02:19:16.518 [main][4996] DEBUG io.netty.buffer.PooledByteBufAllocator - -Dio.netty.allocator.numDirectArenas: 16
2022-05-22 02:19:16.518 [main][4996] DEBUG io.netty.buffer.PooledByteBufAllocator - -Dio.netty.allocator.pageSize: 8192
2022-05-22 02:19:16.518 [main][4996] DEBUG io.netty.buffer.PooledByteBufAllocator - -Dio.netty.allocator.maxOrder: 9
2022-05-22 02:19:16.518 [main][4996] DEBUG io.netty.buffer.PooledByteBufAllocator - -Dio.netty.allocator.chunkSize: 4194304
2022-05-22 02:19:16.518 [main][4996] DEBUG io.netty.buffer.PooledByteBufAllocator - -Dio.netty.allocator.smallCacheSize: 256
2022-05-22 02:19:16.519 [main][4997] DEBUG io.netty.buffer.PooledByteBufAllocator - -Dio.netty.allocator.normalCacheSize: 64
2022-05-22 02:19:16.519 [main][4997] DEBUG io.netty.buffer.PooledByteBufAllocator - -Dio.netty.allocator.maxCachedBufferCapacity: 32768
2022-05-22 02:19:16.519 [main][4997] DEBUG io.netty.buffer.PooledByteBufAllocator - -Dio.netty.allocator.cacheTrimInterval: 8192
2022-05-22 02:19:16.519 [main][4997] DEBUG io.netty.buffer.PooledByteBufAllocator - -Dio.netty.allocator.cacheTrimIntervalMillis: 0
2022-05-22 02:19:16.519 [main][4997] DEBUG io.netty.buffer.PooledByteBufAllocator - -Dio.netty.allocator.useCacheForAllThreads: false
2022-05-22 02:19:16.519 [main][4997] DEBUG io.netty.buffer.PooledByteBufAllocator - -Dio.netty.allocator.maxCachedByteBuffersPerChunk: 1023
2022-05-22 02:19:16.529 [main][5007] DEBUG io.netty.buffer.ByteBufUtil - -Dio.netty.allocator.type: pooled
2022-05-22 02:19:16.530 [main][5008] DEBUG io.netty.buffer.ByteBufUtil - -Dio.netty.threadLocalDirectBufferSize: 0
2022-05-22 02:19:16.530 [main][5008] DEBUG io.netty.buffer.ByteBufUtil - -Dio.netty.maxThreadLocalCharBufferSize: 16384
2022-05-22 02:19:17.019 [Forwarding newSession on session null to remote][5497] DEBUG io.netty.channel.DefaultChannelId - -Dio.netty.processId: 92290 (auto-detected)
2022-05-22 02:19:17.025 [Forwarding newSession on session null to remote][5503] DEBUG io.netty.util.NetUtil - -Djava.net.preferIPv4Stack: false
2022-05-22 02:19:17.025 [Forwarding newSession on session null to remote][5503] DEBUG io.netty.util.NetUtil - -Djava.net.preferIPv6Addresses: false
2022-05-22 02:19:17.029 [Forwarding newSession on session null to remote][5507] DEBUG io.netty.util.NetUtilInitializations - Loopback interface: lo0 (lo0, 0:0:0:0:0:0:0:1%lo0)
2022-05-22 02:19:17.029 [Forwarding newSession on session null to remote][5507] DEBUG io.netty.util.NetUtil - Failed to get SOMAXCONN from sysctl and file /proc/sys/net/core/somaxconn. Default: 128
2022-05-22 02:19:17.031 [Forwarding newSession on session null to remote][5509] DEBUG io.netty.channel.DefaultChannelId - -Dio.netty.machineId: b0:be:83:ff:fe:6e:38:60 (auto-detected)
2022-05-22 02:19:17.098 [AsyncHttpClient-1-2][5576] DEBUG io.netty.buffer.AbstractByteBuf - -Dio.netty.buffer.checkAccessible: true
2022-05-22 02:19:17.098 [AsyncHttpClient-1-2][5576] DEBUG io.netty.buffer.AbstractByteBuf - -Dio.netty.buffer.checkBounds: true
2022-05-22 02:19:17.098 [AsyncHttpClient-1-2][5576] DEBUG io.netty.util.ResourceLeakDetectorFactory - Loaded default ResourceLeakDetector: io.netty.util.ResourceLeakDetector@575ca2b8
2022-05-22 02:19:17.120 [AsyncHttpClient-1-2][5598] DEBUG io.netty.util.Recycler - -Dio.netty.recycler.maxCapacityPerThread: 4096
2022-05-22 02:19:17.120 [AsyncHttpClient-1-2][5598] DEBUG io.netty.util.Recycler - -Dio.netty.recycler.ratio: 8
2022-05-22 02:19:17.120 [AsyncHttpClient-1-2][5598] DEBUG io.netty.util.Recycler - -Dio.netty.recycler.chunkSize: 32
2022-05-22 02:19:17.121 [AsyncHttpClient-1-2][5599] DEBUG io.netty.util.Recycler - -Dio.netty.recycler.blocking: false
2022-05-22 02:19:21.625 [AsyncHttpClient-1-2][10103] DEBUG io.netty.handler.codec.compression.Brotli - brotli4j not in the classpath; Brotli support will be unavailable.
2022-05-22 02:19:21.819 [main][10297] DEBUG io.netty.util.internal.ThreadLocalRandom - -Dio.netty.initialSeedUniquifier: 0x6725b9e55be69db3
2022-05-22 02:19:22.021 [main][10499] INFO  step_definitions.Hooks - -----End Scenario: Check login is successful with valid credentials-----
2022-05-22 02:19:22.052 [main][10530] INFO  step_definitions.Hooks - -----Scenario: Check login is unsuccessful with invalid credentials-----
2022-05-22 02:19:24.858 [main][13336] INFO  step_definitions.Hooks - -----End Scenario: Check login is unsuccessful with invalid credentials-----
2022-05-22 02:19:24.915 [main][13393] INFO  step_definitions.Hooks - -----Scenario: Check login is successful with valid credentials for multiple users-----
2022-05-22 02:19:27.908 [main][16386] INFO  step_definitions.Hooks - -----End Scenario: Check login is successful with valid credentials for multiple users-----
2022-05-22 02:19:27.937 [main][16415] INFO  step_definitions.Hooks - -----Scenario: Check login is successful with valid credentials for multiple users-----
2022-05-22 02:19:30.180 [main][18658] INFO  step_definitions.Hooks - -----End Scenario: Check login is successful with valid credentials for multiple users-----
2022-05-22 02:19:30.196 [main][18674] INFO  step_definitions.Hooks - -----Scenario: Check login is successful using data table-----
2022-05-22 02:19:32.298 [main][20776] INFO  step_definitions.Hooks - -----End Scenario: Check login is successful using data table-----
