2022-05-22 21:08:00.194 [main][2361] INFO  step_definitions.Hooks - -----Scenario: Check login is successful with valid credentials-----
2022-05-22 21:08:00.821 [main][2988] DEBUG io.netty.util.internal.logging.InternalLoggerFactory - Using Log4J2 as the default logging framework
2022-05-22 21:08:00.827 [main][2994] DEBUG io.netty.util.ResourceLeakDetector - -Dio.netty.leakDetection.level: simple
2022-05-22 21:08:00.827 [main][2994] DEBUG io.netty.util.ResourceLeakDetector - -Dio.netty.leakDetection.targetRecords: 4
2022-05-22 21:08:00.832 [main][2999] DEBUG io.netty.util.ResourceLeakDetectorFactory - Loaded default ResourceLeakDetector: io.netty.util.ResourceLeakDetector@661c46bc
2022-05-22 21:08:00.846 [main][3013] DEBUG io.netty.util.internal.PlatformDependent0 - -Dio.netty.noUnsafe: false
2022-05-22 21:08:00.847 [main][3014] DEBUG io.netty.util.internal.PlatformDependent0 - Java version: 11
2022-05-22 21:08:00.849 [main][3016] DEBUG io.netty.util.internal.PlatformDependent0 - sun.misc.Unsafe.theUnsafe: available
2022-05-22 21:08:00.850 [main][3017] DEBUG io.netty.util.internal.PlatformDependent0 - sun.misc.Unsafe.copyMemory: available
2022-05-22 21:08:00.850 [main][3017] DEBUG io.netty.util.internal.PlatformDependent0 - java.nio.Buffer.address: available
2022-05-22 21:08:00.850 [main][3017] DEBUG io.netty.util.internal.PlatformDependent0 - direct buffer constructor: unavailable: Reflective setAccessible(true) disabled
2022-05-22 21:08:00.851 [main][3018] DEBUG io.netty.util.internal.PlatformDependent0 - java.nio.Bits.unaligned: available, true
2022-05-22 21:08:00.852 [main][3019] DEBUG io.netty.util.internal.PlatformDependent0 - jdk.internal.misc.Unsafe.allocateUninitializedArray(int): unavailable: class io.netty.util.internal.PlatformDependent0$6 cannot access class jdk.internal.misc.Unsafe (in module java.base) because module java.base does not export jdk.internal.misc to unnamed module @672872e1
2022-05-22 21:08:00.852 [main][3019] DEBUG io.netty.util.internal.PlatformDependent0 - java.nio.DirectByteBuffer.<init>(long, int): unavailable
2022-05-22 21:08:00.853 [main][3020] DEBUG io.netty.util.internal.PlatformDependent - sun.misc.Unsafe: available
2022-05-22 21:08:00.853 [main][3020] DEBUG io.netty.util.internal.PlatformDependent - maxDirectMemory: 2147483648 bytes (maybe)
2022-05-22 21:08:00.854 [main][3021] DEBUG io.netty.util.internal.PlatformDependent - -Dio.netty.tmpdir: /var/folders/h6/m916999d2hg8gc7bsrw10lrm0000gn/T (java.io.tmpdir)
2022-05-22 21:08:00.854 [main][3021] DEBUG io.netty.util.internal.PlatformDependent - -Dio.netty.bitMode: 64 (sun.arch.data.model)
2022-05-22 21:08:00.855 [main][3022] DEBUG io.netty.util.internal.PlatformDependent - Platform: MacOS
2022-05-22 21:08:00.855 [main][3022] DEBUG io.netty.util.internal.PlatformDependent - -Dio.netty.maxDirectMemory: -1 bytes
2022-05-22 21:08:00.855 [main][3022] DEBUG io.netty.util.internal.PlatformDependent - -Dio.netty.uninitializedArrayAllocationThreshold: -1
2022-05-22 21:08:00.857 [main][3024] DEBUG io.netty.util.internal.CleanerJava9 - java.nio.ByteBuffer.cleaner(): available
2022-05-22 21:08:00.857 [main][3024] DEBUG io.netty.util.internal.PlatformDependent - -Dio.netty.noPreferDirect: false
2022-05-22 21:08:00.861 [main][3028] DEBUG io.netty.util.internal.PlatformDependent - org.jctools-core.MpscChunkedArrayQueue: available
2022-05-22 21:08:00.887 [main][3054] DEBUG io.netty.util.internal.InternalThreadLocalMap - -Dio.netty.threadLocalMap.stringBuilder.initialSize: 1024
2022-05-22 21:08:00.887 [main][3054] DEBUG io.netty.util.internal.InternalThreadLocalMap - -Dio.netty.threadLocalMap.stringBuilder.maxSize: 4096
2022-05-22 21:08:00.909 [main][3076] DEBUG io.netty.handler.ssl.JdkSslContext - Default protocols (JDK): [TLSv1.3, TLSv1.2] 
2022-05-22 21:08:00.909 [main][3076] DEBUG io.netty.handler.ssl.JdkSslContext - Default cipher suites (JDK): [TLS_ECDHE_ECDSA_WITH_AES_256_GCM_SHA384, TLS_ECDHE_ECDSA_WITH_AES_128_GCM_SHA256, TLS_ECDHE_RSA_WITH_AES_128_GCM_SHA256, TLS_ECDHE_RSA_WITH_AES_256_GCM_SHA384, TLS_ECDHE_RSA_WITH_AES_128_CBC_SHA, TLS_ECDHE_RSA_WITH_AES_256_CBC_SHA, TLS_RSA_WITH_AES_128_GCM_SHA256, TLS_RSA_WITH_AES_128_CBC_SHA, TLS_RSA_WITH_AES_256_CBC_SHA, TLS_AES_128_GCM_SHA256, TLS_AES_256_GCM_SHA384]
2022-05-22 21:08:00.925 [main][3092] DEBUG io.netty.channel.MultithreadEventLoopGroup - -Dio.netty.eventLoopThreads: 16
2022-05-22 21:08:00.933 [main][3100] DEBUG io.netty.channel.nio.NioEventLoop - -Dio.netty.noKeySetOptimization: false
2022-05-22 21:08:00.933 [main][3100] DEBUG io.netty.channel.nio.NioEventLoop - -Dio.netty.selectorAutoRebuildThreshold: 512
2022-05-22 21:08:00.956 [main][3123] DEBUG io.netty.buffer.PooledByteBufAllocator - -Dio.netty.allocator.numHeapArenas: 16
2022-05-22 21:08:00.956 [main][3123] DEBUG io.netty.buffer.PooledByteBufAllocator - -Dio.netty.allocator.numDirectArenas: 16
2022-05-22 21:08:00.957 [main][3124] DEBUG io.netty.buffer.PooledByteBufAllocator - -Dio.netty.allocator.pageSize: 8192
2022-05-22 21:08:00.957 [main][3124] DEBUG io.netty.buffer.PooledByteBufAllocator - -Dio.netty.allocator.maxOrder: 9
2022-05-22 21:08:00.957 [main][3124] DEBUG io.netty.buffer.PooledByteBufAllocator - -Dio.netty.allocator.chunkSize: 4194304
2022-05-22 21:08:00.957 [main][3124] DEBUG io.netty.buffer.PooledByteBufAllocator - -Dio.netty.allocator.smallCacheSize: 256
2022-05-22 21:08:00.957 [main][3124] DEBUG io.netty.buffer.PooledByteBufAllocator - -Dio.netty.allocator.normalCacheSize: 64
2022-05-22 21:08:00.957 [main][3124] DEBUG io.netty.buffer.PooledByteBufAllocator - -Dio.netty.allocator.maxCachedBufferCapacity: 32768
2022-05-22 21:08:00.957 [main][3124] DEBUG io.netty.buffer.PooledByteBufAllocator - -Dio.netty.allocator.cacheTrimInterval: 8192
2022-05-22 21:08:00.958 [main][3125] DEBUG io.netty.buffer.PooledByteBufAllocator - -Dio.netty.allocator.cacheTrimIntervalMillis: 0
2022-05-22 21:08:00.958 [main][3125] DEBUG io.netty.buffer.PooledByteBufAllocator - -Dio.netty.allocator.useCacheForAllThreads: false
2022-05-22 21:08:00.958 [main][3125] DEBUG io.netty.buffer.PooledByteBufAllocator - -Dio.netty.allocator.maxCachedByteBuffersPerChunk: 1023
2022-05-22 21:08:00.966 [main][3133] DEBUG io.netty.buffer.ByteBufUtil - -Dio.netty.allocator.type: pooled
2022-05-22 21:08:00.966 [main][3133] DEBUG io.netty.buffer.ByteBufUtil - -Dio.netty.threadLocalDirectBufferSize: 0
2022-05-22 21:08:00.966 [main][3133] DEBUG io.netty.buffer.ByteBufUtil - -Dio.netty.maxThreadLocalCharBufferSize: 16384
2022-05-22 21:08:01.590 [Forwarding newSession on session null to remote][3757] DEBUG io.netty.channel.DefaultChannelId - -Dio.netty.processId: 2742 (auto-detected)
2022-05-22 21:08:01.593 [Forwarding newSession on session null to remote][3760] DEBUG io.netty.util.NetUtil - -Djava.net.preferIPv4Stack: false
2022-05-22 21:08:01.593 [Forwarding newSession on session null to remote][3760] DEBUG io.netty.util.NetUtil - -Djava.net.preferIPv6Addresses: false
2022-05-22 21:08:01.597 [Forwarding newSession on session null to remote][3764] DEBUG io.netty.util.NetUtilInitializations - Loopback interface: lo0 (lo0, 0:0:0:0:0:0:0:1%lo0)
2022-05-22 21:08:01.598 [Forwarding newSession on session null to remote][3765] DEBUG io.netty.util.NetUtil - Failed to get SOMAXCONN from sysctl and file /proc/sys/net/core/somaxconn. Default: 128
2022-05-22 21:08:01.601 [Forwarding newSession on session null to remote][3768] DEBUG io.netty.channel.DefaultChannelId - -Dio.netty.machineId: b0:be:83:ff:fe:6e:38:60 (auto-detected)
2022-05-22 21:08:01.679 [AsyncHttpClient-1-2][3846] DEBUG io.netty.buffer.AbstractByteBuf - -Dio.netty.buffer.checkAccessible: true
2022-05-22 21:08:01.680 [AsyncHttpClient-1-2][3847] DEBUG io.netty.buffer.AbstractByteBuf - -Dio.netty.buffer.checkBounds: true
2022-05-22 21:08:01.680 [AsyncHttpClient-1-2][3847] DEBUG io.netty.util.ResourceLeakDetectorFactory - Loaded default ResourceLeakDetector: io.netty.util.ResourceLeakDetector@282170a4
2022-05-22 21:08:01.708 [AsyncHttpClient-1-2][3875] DEBUG io.netty.util.Recycler - -Dio.netty.recycler.maxCapacityPerThread: 4096
2022-05-22 21:08:01.709 [AsyncHttpClient-1-2][3876] DEBUG io.netty.util.Recycler - -Dio.netty.recycler.ratio: 8
2022-05-22 21:08:01.709 [AsyncHttpClient-1-2][3876] DEBUG io.netty.util.Recycler - -Dio.netty.recycler.chunkSize: 32
2022-05-22 21:08:01.709 [AsyncHttpClient-1-2][3876] DEBUG io.netty.util.Recycler - -Dio.netty.recycler.blocking: false
2022-05-22 21:08:05.431 [AsyncHttpClient-1-2][7598] DEBUG io.netty.handler.codec.compression.Brotli - brotli4j not in the classpath; Brotli support will be unavailable.
2022-05-22 21:08:05.742 [main][7909] DEBUG io.netty.util.internal.ThreadLocalRandom - -Dio.netty.initialSeedUniquifier: 0xd94213d6a8a591e7
2022-05-22 21:08:27.455 [main][29622] DEBUG page_objects.LogIn - Wait for tab to be visible
2022-05-22 21:08:27.456 [main][29623] INFO  step_definitions.LoginSteps - User is in the Overstock Home Page
2022-05-22 21:08:28.806 [main][30973] DEBUG page_objects.LogIn - User has clicked on Email button
2022-05-22 21:08:31.969 [main][34136] DEBUG page_objects.LogIn - Enter Email: tasin.chowdhury1@gmail.com
2022-05-22 21:08:32.941 [main][35108] DEBUG page_objects.LogIn - Enter Password: Chowdhury12!!
2022-05-22 21:08:32.941 [main][35108] INFO  step_definitions.LoginSteps - User has entered credentials
2022-05-22 21:08:33.677 [main][35844] DEBUG page_objects.LogIn - Click on Create Account Button
2022-05-22 21:08:33.677 [main][35844] INFO  step_definitions.LoginSteps - User has entered successfully
2022-05-22 21:08:53.983 [main][56150] INFO  step_definitions.Hooks - -----End Scenario: Check login is successful with valid credentials-----
