2022-05-22 20:57:39.336 [main][2256] INFO  step_definitions.Hooks - -----Scenario: Check login is successful with valid credentials-----
2022-05-22 20:57:39.997 [main][2917] DEBUG io.netty.util.internal.logging.InternalLoggerFactory - Using Log4J2 as the default logging framework
2022-05-22 20:57:40.003 [main][2923] DEBUG io.netty.util.ResourceLeakDetector - -Dio.netty.leakDetection.level: simple
2022-05-22 20:57:40.004 [main][2924] DEBUG io.netty.util.ResourceLeakDetector - -Dio.netty.leakDetection.targetRecords: 4
2022-05-22 20:57:40.011 [main][2931] DEBUG io.netty.util.ResourceLeakDetectorFactory - Loaded default ResourceLeakDetector: io.netty.util.ResourceLeakDetector@3c4262d1
2022-05-22 20:57:40.027 [main][2947] DEBUG io.netty.util.internal.PlatformDependent0 - -Dio.netty.noUnsafe: false
2022-05-22 20:57:40.028 [main][2948] DEBUG io.netty.util.internal.PlatformDependent0 - Java version: 11
2022-05-22 20:57:40.030 [main][2950] DEBUG io.netty.util.internal.PlatformDependent0 - sun.misc.Unsafe.theUnsafe: available
2022-05-22 20:57:40.031 [main][2951] DEBUG io.netty.util.internal.PlatformDependent0 - sun.misc.Unsafe.copyMemory: available
2022-05-22 20:57:40.031 [main][2951] DEBUG io.netty.util.internal.PlatformDependent0 - java.nio.Buffer.address: available
2022-05-22 20:57:40.031 [main][2951] DEBUG io.netty.util.internal.PlatformDependent0 - direct buffer constructor: unavailable: Reflective setAccessible(true) disabled
2022-05-22 20:57:40.032 [main][2952] DEBUG io.netty.util.internal.PlatformDependent0 - java.nio.Bits.unaligned: available, true
2022-05-22 20:57:40.033 [main][2953] DEBUG io.netty.util.internal.PlatformDependent0 - jdk.internal.misc.Unsafe.allocateUninitializedArray(int): unavailable: class io.netty.util.internal.PlatformDependent0$6 cannot access class jdk.internal.misc.Unsafe (in module java.base) because module java.base does not export jdk.internal.misc to unnamed module @672872e1
2022-05-22 20:57:40.034 [main][2954] DEBUG io.netty.util.internal.PlatformDependent0 - java.nio.DirectByteBuffer.<init>(long, int): unavailable
2022-05-22 20:57:40.034 [main][2954] DEBUG io.netty.util.internal.PlatformDependent - sun.misc.Unsafe: available
2022-05-22 20:57:40.034 [main][2954] DEBUG io.netty.util.internal.PlatformDependent - maxDirectMemory: 2147483648 bytes (maybe)
2022-05-22 20:57:40.035 [main][2955] DEBUG io.netty.util.internal.PlatformDependent - -Dio.netty.tmpdir: /var/folders/h6/m916999d2hg8gc7bsrw10lrm0000gn/T (java.io.tmpdir)
2022-05-22 20:57:40.036 [main][2956] DEBUG io.netty.util.internal.PlatformDependent - -Dio.netty.bitMode: 64 (sun.arch.data.model)
2022-05-22 20:57:40.036 [main][2956] DEBUG io.netty.util.internal.PlatformDependent - Platform: MacOS
2022-05-22 20:57:40.037 [main][2957] DEBUG io.netty.util.internal.PlatformDependent - -Dio.netty.maxDirectMemory: -1 bytes
2022-05-22 20:57:40.037 [main][2957] DEBUG io.netty.util.internal.PlatformDependent - -Dio.netty.uninitializedArrayAllocationThreshold: -1
2022-05-22 20:57:40.038 [main][2958] DEBUG io.netty.util.internal.CleanerJava9 - java.nio.ByteBuffer.cleaner(): available
2022-05-22 20:57:40.039 [main][2959] DEBUG io.netty.util.internal.PlatformDependent - -Dio.netty.noPreferDirect: false
2022-05-22 20:57:40.044 [main][2964] DEBUG io.netty.util.internal.PlatformDependent - org.jctools-core.MpscChunkedArrayQueue: available
2022-05-22 20:57:40.061 [main][2981] DEBUG io.netty.util.internal.InternalThreadLocalMap - -Dio.netty.threadLocalMap.stringBuilder.initialSize: 1024
2022-05-22 20:57:40.061 [main][2981] DEBUG io.netty.util.internal.InternalThreadLocalMap - -Dio.netty.threadLocalMap.stringBuilder.maxSize: 4096
2022-05-22 20:57:40.085 [main][3005] DEBUG io.netty.handler.ssl.JdkSslContext - Default protocols (JDK): [TLSv1.3, TLSv1.2] 
2022-05-22 20:57:40.086 [main][3006] DEBUG io.netty.handler.ssl.JdkSslContext - Default cipher suites (JDK): [TLS_ECDHE_ECDSA_WITH_AES_256_GCM_SHA384, TLS_ECDHE_ECDSA_WITH_AES_128_GCM_SHA256, TLS_ECDHE_RSA_WITH_AES_128_GCM_SHA256, TLS_ECDHE_RSA_WITH_AES_256_GCM_SHA384, TLS_ECDHE_RSA_WITH_AES_128_CBC_SHA, TLS_ECDHE_RSA_WITH_AES_256_CBC_SHA, TLS_RSA_WITH_AES_128_GCM_SHA256, TLS_RSA_WITH_AES_128_CBC_SHA, TLS_RSA_WITH_AES_256_CBC_SHA, TLS_AES_128_GCM_SHA256, TLS_AES_256_GCM_SHA384]
2022-05-22 20:57:40.107 [main][3027] DEBUG io.netty.channel.MultithreadEventLoopGroup - -Dio.netty.eventLoopThreads: 16
2022-05-22 20:57:40.116 [main][3036] DEBUG io.netty.channel.nio.NioEventLoop - -Dio.netty.noKeySetOptimization: false
2022-05-22 20:57:40.117 [main][3037] DEBUG io.netty.channel.nio.NioEventLoop - -Dio.netty.selectorAutoRebuildThreshold: 512
2022-05-22 20:57:40.143 [main][3063] DEBUG io.netty.buffer.PooledByteBufAllocator - -Dio.netty.allocator.numHeapArenas: 16
2022-05-22 20:57:40.143 [main][3063] DEBUG io.netty.buffer.PooledByteBufAllocator - -Dio.netty.allocator.numDirectArenas: 16
2022-05-22 20:57:40.143 [main][3063] DEBUG io.netty.buffer.PooledByteBufAllocator - -Dio.netty.allocator.pageSize: 8192
2022-05-22 20:57:40.143 [main][3063] DEBUG io.netty.buffer.PooledByteBufAllocator - -Dio.netty.allocator.maxOrder: 9
2022-05-22 20:57:40.143 [main][3063] DEBUG io.netty.buffer.PooledByteBufAllocator - -Dio.netty.allocator.chunkSize: 4194304
2022-05-22 20:57:40.143 [main][3063] DEBUG io.netty.buffer.PooledByteBufAllocator - -Dio.netty.allocator.smallCacheSize: 256
2022-05-22 20:57:40.144 [main][3064] DEBUG io.netty.buffer.PooledByteBufAllocator - -Dio.netty.allocator.normalCacheSize: 64
2022-05-22 20:57:40.144 [main][3064] DEBUG io.netty.buffer.PooledByteBufAllocator - -Dio.netty.allocator.maxCachedBufferCapacity: 32768
2022-05-22 20:57:40.144 [main][3064] DEBUG io.netty.buffer.PooledByteBufAllocator - -Dio.netty.allocator.cacheTrimInterval: 8192
2022-05-22 20:57:40.144 [main][3064] DEBUG io.netty.buffer.PooledByteBufAllocator - -Dio.netty.allocator.cacheTrimIntervalMillis: 0
2022-05-22 20:57:40.144 [main][3064] DEBUG io.netty.buffer.PooledByteBufAllocator - -Dio.netty.allocator.useCacheForAllThreads: false
2022-05-22 20:57:40.144 [main][3064] DEBUG io.netty.buffer.PooledByteBufAllocator - -Dio.netty.allocator.maxCachedByteBuffersPerChunk: 1023
2022-05-22 20:57:40.152 [main][3072] DEBUG io.netty.buffer.ByteBufUtil - -Dio.netty.allocator.type: pooled
2022-05-22 20:57:40.153 [main][3073] DEBUG io.netty.buffer.ByteBufUtil - -Dio.netty.threadLocalDirectBufferSize: 0
2022-05-22 20:57:40.153 [main][3073] DEBUG io.netty.buffer.ByteBufUtil - -Dio.netty.maxThreadLocalCharBufferSize: 16384
2022-05-22 20:57:40.679 [Forwarding newSession on session null to remote][3599] DEBUG io.netty.channel.DefaultChannelId - -Dio.netty.processId: 2490 (auto-detected)
2022-05-22 20:57:40.682 [Forwarding newSession on session null to remote][3602] DEBUG io.netty.util.NetUtil - -Djava.net.preferIPv4Stack: false
2022-05-22 20:57:40.682 [Forwarding newSession on session null to remote][3602] DEBUG io.netty.util.NetUtil - -Djava.net.preferIPv6Addresses: false
2022-05-22 20:57:40.686 [Forwarding newSession on session null to remote][3606] DEBUG io.netty.util.NetUtilInitializations - Loopback interface: lo0 (lo0, 0:0:0:0:0:0:0:1%lo0)
2022-05-22 20:57:40.687 [Forwarding newSession on session null to remote][3607] DEBUG io.netty.util.NetUtil - Failed to get SOMAXCONN from sysctl and file /proc/sys/net/core/somaxconn. Default: 128
2022-05-22 20:57:40.691 [Forwarding newSession on session null to remote][3611] DEBUG io.netty.channel.DefaultChannelId - -Dio.netty.machineId: b0:be:83:ff:fe:6e:38:60 (auto-detected)
2022-05-22 20:57:40.760 [AsyncHttpClient-1-2][3680] DEBUG io.netty.buffer.AbstractByteBuf - -Dio.netty.buffer.checkAccessible: true
2022-05-22 20:57:40.761 [AsyncHttpClient-1-2][3681] DEBUG io.netty.buffer.AbstractByteBuf - -Dio.netty.buffer.checkBounds: true
2022-05-22 20:57:40.761 [AsyncHttpClient-1-2][3681] DEBUG io.netty.util.ResourceLeakDetectorFactory - Loaded default ResourceLeakDetector: io.netty.util.ResourceLeakDetector@47310f33
2022-05-22 20:57:40.785 [AsyncHttpClient-1-2][3705] DEBUG io.netty.util.Recycler - -Dio.netty.recycler.maxCapacityPerThread: 4096
2022-05-22 20:57:40.785 [AsyncHttpClient-1-2][3705] DEBUG io.netty.util.Recycler - -Dio.netty.recycler.ratio: 8
2022-05-22 20:57:40.786 [AsyncHttpClient-1-2][3706] DEBUG io.netty.util.Recycler - -Dio.netty.recycler.chunkSize: 32
2022-05-22 20:57:40.786 [AsyncHttpClient-1-2][3706] DEBUG io.netty.util.Recycler - -Dio.netty.recycler.blocking: false
2022-05-22 20:57:44.397 [AsyncHttpClient-1-2][7317] DEBUG io.netty.handler.codec.compression.Brotli - brotli4j not in the classpath; Brotli support will be unavailable.
2022-05-22 20:57:44.604 [main][7524] DEBUG io.netty.util.internal.ThreadLocalRandom - -Dio.netty.initialSeedUniquifier: 0xe9776f4b2bd5f8bd
2022-05-22 20:58:02.804 [main][25724] DEBUG page_objects.LogIn - Wait for tab to be visible
2022-05-22 20:58:02.805 [main][25725] INFO  step_definitions.LoginSteps - User is in the Overstock Home Page
2022-05-22 20:58:03.883 [main][26803] DEBUG page_objects.LogIn - User has clicked on Email button
2022-05-22 20:58:05.257 [main][28177] DEBUG page_objects.LogIn - Enter Email: tasin.chowdhury1@gmail.com
2022-05-22 20:58:06.738 [main][29658] DEBUG page_objects.LogIn - Enter Password: Chowdhury12!!
2022-05-22 20:58:06.738 [main][29658] INFO  step_definitions.LoginSteps - User has entered credentials
2022-05-22 20:58:07.418 [main][30338] DEBUG page_objects.LogIn - Click on Create Account Button
2022-05-22 20:58:07.419 [main][30339] INFO  step_definitions.LoginSteps - User has entered successfully
2022-05-22 20:58:28.117 [main][51037] INFO  step_definitions.Hooks - -----End Scenario: Check login is successful with valid credentials-----
