2022-05-22 21:45:09.255 [main][2289] INFO  step_definitions.Hooks - -----Scenario: Check login is successful with valid credentials-----
2022-05-22 21:45:10.955 [main][3989] DEBUG io.netty.util.internal.logging.InternalLoggerFactory - Using Log4J2 as the default logging framework
2022-05-22 21:45:10.959 [main][3993] DEBUG io.netty.util.ResourceLeakDetector - -Dio.netty.leakDetection.level: simple
2022-05-22 21:45:10.960 [main][3994] DEBUG io.netty.util.ResourceLeakDetector - -Dio.netty.leakDetection.targetRecords: 4
2022-05-22 21:45:10.962 [main][3996] DEBUG io.netty.util.ResourceLeakDetectorFactory - Loaded default ResourceLeakDetector: io.netty.util.ResourceLeakDetector@26b95b0b
2022-05-22 21:45:10.975 [main][4009] DEBUG io.netty.util.internal.PlatformDependent0 - -Dio.netty.noUnsafe: false
2022-05-22 21:45:10.975 [main][4009] DEBUG io.netty.util.internal.PlatformDependent0 - Java version: 11
2022-05-22 21:45:10.977 [main][4011] DEBUG io.netty.util.internal.PlatformDependent0 - sun.misc.Unsafe.theUnsafe: available
2022-05-22 21:45:10.978 [main][4012] DEBUG io.netty.util.internal.PlatformDependent0 - sun.misc.Unsafe.copyMemory: available
2022-05-22 21:45:10.979 [main][4013] DEBUG io.netty.util.internal.PlatformDependent0 - java.nio.Buffer.address: available
2022-05-22 21:45:10.979 [main][4013] DEBUG io.netty.util.internal.PlatformDependent0 - direct buffer constructor: unavailable: Reflective setAccessible(true) disabled
2022-05-22 21:45:10.979 [main][4013] DEBUG io.netty.util.internal.PlatformDependent0 - java.nio.Bits.unaligned: available, true
2022-05-22 21:45:10.981 [main][4015] DEBUG io.netty.util.internal.PlatformDependent0 - jdk.internal.misc.Unsafe.allocateUninitializedArray(int): unavailable: class io.netty.util.internal.PlatformDependent0$6 cannot access class jdk.internal.misc.Unsafe (in module java.base) because module java.base does not export jdk.internal.misc to unnamed module @672872e1
2022-05-22 21:45:10.982 [main][4016] DEBUG io.netty.util.internal.PlatformDependent0 - java.nio.DirectByteBuffer.<init>(long, int): unavailable
2022-05-22 21:45:10.982 [main][4016] DEBUG io.netty.util.internal.PlatformDependent - sun.misc.Unsafe: available
2022-05-22 21:45:10.983 [main][4017] DEBUG io.netty.util.internal.PlatformDependent - maxDirectMemory: 2147483648 bytes (maybe)
2022-05-22 21:45:10.984 [main][4018] DEBUG io.netty.util.internal.PlatformDependent - -Dio.netty.tmpdir: /var/folders/h6/m916999d2hg8gc7bsrw10lrm0000gn/T (java.io.tmpdir)
2022-05-22 21:45:10.984 [main][4018] DEBUG io.netty.util.internal.PlatformDependent - -Dio.netty.bitMode: 64 (sun.arch.data.model)
2022-05-22 21:45:10.985 [main][4019] DEBUG io.netty.util.internal.PlatformDependent - Platform: MacOS
2022-05-22 21:45:10.986 [main][4020] DEBUG io.netty.util.internal.PlatformDependent - -Dio.netty.maxDirectMemory: -1 bytes
2022-05-22 21:45:10.987 [main][4021] DEBUG io.netty.util.internal.PlatformDependent - -Dio.netty.uninitializedArrayAllocationThreshold: -1
2022-05-22 21:45:10.989 [main][4023] DEBUG io.netty.util.internal.CleanerJava9 - java.nio.ByteBuffer.cleaner(): available
2022-05-22 21:45:10.989 [main][4023] DEBUG io.netty.util.internal.PlatformDependent - -Dio.netty.noPreferDirect: false
2022-05-22 21:45:10.995 [main][4029] DEBUG io.netty.util.internal.PlatformDependent - org.jctools-core.MpscChunkedArrayQueue: available
2022-05-22 21:45:11.019 [main][4053] DEBUG io.netty.util.internal.InternalThreadLocalMap - -Dio.netty.threadLocalMap.stringBuilder.initialSize: 1024
2022-05-22 21:45:11.020 [main][4054] DEBUG io.netty.util.internal.InternalThreadLocalMap - -Dio.netty.threadLocalMap.stringBuilder.maxSize: 4096
2022-05-22 21:45:11.029 [main][4063] DEBUG io.netty.handler.ssl.JdkSslContext - Default protocols (JDK): [TLSv1.3, TLSv1.2] 
2022-05-22 21:45:11.029 [main][4063] DEBUG io.netty.handler.ssl.JdkSslContext - Default cipher suites (JDK): [TLS_ECDHE_ECDSA_WITH_AES_256_GCM_SHA384, TLS_ECDHE_ECDSA_WITH_AES_128_GCM_SHA256, TLS_ECDHE_RSA_WITH_AES_128_GCM_SHA256, TLS_ECDHE_RSA_WITH_AES_256_GCM_SHA384, TLS_ECDHE_RSA_WITH_AES_128_CBC_SHA, TLS_ECDHE_RSA_WITH_AES_256_CBC_SHA, TLS_RSA_WITH_AES_128_GCM_SHA256, TLS_RSA_WITH_AES_128_CBC_SHA, TLS_RSA_WITH_AES_256_CBC_SHA, TLS_AES_128_GCM_SHA256, TLS_AES_256_GCM_SHA384]
2022-05-22 21:45:11.098 [main][4132] DEBUG io.netty.channel.MultithreadEventLoopGroup - -Dio.netty.eventLoopThreads: 16
2022-05-22 21:45:11.109 [main][4143] DEBUG io.netty.channel.nio.NioEventLoop - -Dio.netty.noKeySetOptimization: false
2022-05-22 21:45:11.109 [main][4143] DEBUG io.netty.channel.nio.NioEventLoop - -Dio.netty.selectorAutoRebuildThreshold: 512
2022-05-22 21:45:11.132 [main][4166] DEBUG io.netty.buffer.PooledByteBufAllocator - -Dio.netty.allocator.numHeapArenas: 16
2022-05-22 21:45:11.133 [main][4167] DEBUG io.netty.buffer.PooledByteBufAllocator - -Dio.netty.allocator.numDirectArenas: 16
2022-05-22 21:45:11.133 [main][4167] DEBUG io.netty.buffer.PooledByteBufAllocator - -Dio.netty.allocator.pageSize: 8192
2022-05-22 21:45:11.133 [main][4167] DEBUG io.netty.buffer.PooledByteBufAllocator - -Dio.netty.allocator.maxOrder: 9
2022-05-22 21:45:11.133 [main][4167] DEBUG io.netty.buffer.PooledByteBufAllocator - -Dio.netty.allocator.chunkSize: 4194304
2022-05-22 21:45:11.133 [main][4167] DEBUG io.netty.buffer.PooledByteBufAllocator - -Dio.netty.allocator.smallCacheSize: 256
2022-05-22 21:45:11.133 [main][4167] DEBUG io.netty.buffer.PooledByteBufAllocator - -Dio.netty.allocator.normalCacheSize: 64
2022-05-22 21:45:11.133 [main][4167] DEBUG io.netty.buffer.PooledByteBufAllocator - -Dio.netty.allocator.maxCachedBufferCapacity: 32768
2022-05-22 21:45:11.134 [main][4168] DEBUG io.netty.buffer.PooledByteBufAllocator - -Dio.netty.allocator.cacheTrimInterval: 8192
2022-05-22 21:45:11.134 [main][4168] DEBUG io.netty.buffer.PooledByteBufAllocator - -Dio.netty.allocator.cacheTrimIntervalMillis: 0
2022-05-22 21:45:11.134 [main][4168] DEBUG io.netty.buffer.PooledByteBufAllocator - -Dio.netty.allocator.useCacheForAllThreads: false
2022-05-22 21:45:11.134 [main][4168] DEBUG io.netty.buffer.PooledByteBufAllocator - -Dio.netty.allocator.maxCachedByteBuffersPerChunk: 1023
2022-05-22 21:45:11.145 [main][4179] DEBUG io.netty.buffer.ByteBufUtil - -Dio.netty.allocator.type: pooled
2022-05-22 21:45:11.145 [main][4179] DEBUG io.netty.buffer.ByteBufUtil - -Dio.netty.threadLocalDirectBufferSize: 0
2022-05-22 21:45:11.145 [main][4179] DEBUG io.netty.buffer.ByteBufUtil - -Dio.netty.maxThreadLocalCharBufferSize: 16384
2022-05-22 21:45:11.613 [Forwarding newSession on session null to remote][4647] DEBUG io.netty.channel.DefaultChannelId - -Dio.netty.processId: 3392 (auto-detected)
2022-05-22 21:45:11.616 [Forwarding newSession on session null to remote][4650] DEBUG io.netty.util.NetUtil - -Djava.net.preferIPv4Stack: false
2022-05-22 21:45:11.616 [Forwarding newSession on session null to remote][4650] DEBUG io.netty.util.NetUtil - -Djava.net.preferIPv6Addresses: false
2022-05-22 21:45:11.619 [Forwarding newSession on session null to remote][4653] DEBUG io.netty.util.NetUtilInitializations - Loopback interface: lo0 (lo0, 0:0:0:0:0:0:0:1%lo0)
2022-05-22 21:45:11.620 [Forwarding newSession on session null to remote][4654] DEBUG io.netty.util.NetUtil - Failed to get SOMAXCONN from sysctl and file /proc/sys/net/core/somaxconn. Default: 128
2022-05-22 21:45:11.622 [Forwarding newSession on session null to remote][4656] DEBUG io.netty.channel.DefaultChannelId - -Dio.netty.machineId: b0:be:83:ff:fe:6e:38:60 (auto-detected)
2022-05-22 21:45:11.684 [AsyncHttpClient-1-2][4718] DEBUG io.netty.buffer.AbstractByteBuf - -Dio.netty.buffer.checkAccessible: true
2022-05-22 21:45:11.685 [AsyncHttpClient-1-2][4719] DEBUG io.netty.buffer.AbstractByteBuf - -Dio.netty.buffer.checkBounds: true
2022-05-22 21:45:11.685 [AsyncHttpClient-1-2][4719] DEBUG io.netty.util.ResourceLeakDetectorFactory - Loaded default ResourceLeakDetector: io.netty.util.ResourceLeakDetector@4cdb2d4b
2022-05-22 21:45:11.708 [AsyncHttpClient-1-2][4742] DEBUG io.netty.util.Recycler - -Dio.netty.recycler.maxCapacityPerThread: 4096
2022-05-22 21:45:11.708 [AsyncHttpClient-1-2][4742] DEBUG io.netty.util.Recycler - -Dio.netty.recycler.ratio: 8
2022-05-22 21:45:11.708 [AsyncHttpClient-1-2][4742] DEBUG io.netty.util.Recycler - -Dio.netty.recycler.chunkSize: 32
2022-05-22 21:45:11.708 [AsyncHttpClient-1-2][4742] DEBUG io.netty.util.Recycler - -Dio.netty.recycler.blocking: false
2022-05-22 21:45:15.691 [AsyncHttpClient-1-2][8725] DEBUG io.netty.handler.codec.compression.Brotli - brotli4j not in the classpath; Brotli support will be unavailable.
2022-05-22 21:45:15.877 [main][8911] DEBUG io.netty.util.internal.ThreadLocalRandom - -Dio.netty.initialSeedUniquifier: 0xca52e7f01514110b
2022-05-22 21:45:35.140 [main][28174] DEBUG page_objects.LogIn - Wait for tab to be visible
2022-05-22 21:45:35.141 [main][28175] INFO  step_definitions.LoginSteps - User is in the Overstock sign in Page
2022-05-22 21:45:39.059 [main][32093] DEBUG page_objects.LogIn - Enter Email: tasin.chowdhury1@gmail.com
2022-05-22 21:45:39.388 [main][32422] DEBUG page_objects.LogIn - Enter Password: Chowdhury12!!
2022-05-22 21:45:39.388 [main][32422] INFO  step_definitions.LoginSteps - User has entered credentials
2022-05-22 21:45:39.684 [main][32718] DEBUG page_objects.LogIn - Click on Sign In Button
2022-05-22 21:45:39.684 [main][32718] INFO  step_definitions.LoginSteps - User has entered successfully
2022-05-22 21:45:43.638 [main][36672] INFO  step_definitions.Hooks - -----End Scenario: Check login is successful with valid credentials-----
