2022-05-22 14:03:52.368 [main][2686] INFO  step_definitions.Hooks - -----Scenario: Check login is successful with valid credentials-----
2022-05-22 14:03:54.217 [main][4535] DEBUG io.netty.util.internal.logging.InternalLoggerFactory - Using Log4J2 as the default logging framework
2022-05-22 14:03:54.222 [main][4540] DEBUG io.netty.util.ResourceLeakDetector - -Dio.netty.leakDetection.level: simple
2022-05-22 14:03:54.222 [main][4540] DEBUG io.netty.util.ResourceLeakDetector - -Dio.netty.leakDetection.targetRecords: 4
2022-05-22 14:03:54.225 [main][4543] DEBUG io.netty.util.ResourceLeakDetectorFactory - Loaded default ResourceLeakDetector: io.netty.util.ResourceLeakDetector@7d2998d8
2022-05-22 14:03:54.245 [main][4563] DEBUG io.netty.util.internal.PlatformDependent0 - -Dio.netty.noUnsafe: false
2022-05-22 14:03:54.245 [main][4563] DEBUG io.netty.util.internal.PlatformDependent0 - Java version: 11
2022-05-22 14:03:54.248 [main][4566] DEBUG io.netty.util.internal.PlatformDependent0 - sun.misc.Unsafe.theUnsafe: available
2022-05-22 14:03:54.249 [main][4567] DEBUG io.netty.util.internal.PlatformDependent0 - sun.misc.Unsafe.copyMemory: available
2022-05-22 14:03:54.249 [main][4567] DEBUG io.netty.util.internal.PlatformDependent0 - java.nio.Buffer.address: available
2022-05-22 14:03:54.250 [main][4568] DEBUG io.netty.util.internal.PlatformDependent0 - direct buffer constructor: unavailable: Reflective setAccessible(true) disabled
2022-05-22 14:03:54.250 [main][4568] DEBUG io.netty.util.internal.PlatformDependent0 - java.nio.Bits.unaligned: available, true
2022-05-22 14:03:54.252 [main][4570] DEBUG io.netty.util.internal.PlatformDependent0 - jdk.internal.misc.Unsafe.allocateUninitializedArray(int): unavailable: class io.netty.util.internal.PlatformDependent0$6 cannot access class jdk.internal.misc.Unsafe (in module java.base) because module java.base does not export jdk.internal.misc to unnamed module @3098cf3b
2022-05-22 14:03:54.253 [main][4571] DEBUG io.netty.util.internal.PlatformDependent0 - java.nio.DirectByteBuffer.<init>(long, int): unavailable
2022-05-22 14:03:54.253 [main][4571] DEBUG io.netty.util.internal.PlatformDependent - sun.misc.Unsafe: available
2022-05-22 14:03:54.254 [main][4572] DEBUG io.netty.util.internal.PlatformDependent - maxDirectMemory: 2147483648 bytes (maybe)
2022-05-22 14:03:54.254 [main][4572] DEBUG io.netty.util.internal.PlatformDependent - -Dio.netty.tmpdir: /var/folders/h6/m916999d2hg8gc7bsrw10lrm0000gn/T (java.io.tmpdir)
2022-05-22 14:03:54.254 [main][4572] DEBUG io.netty.util.internal.PlatformDependent - -Dio.netty.bitMode: 64 (sun.arch.data.model)
2022-05-22 14:03:54.255 [main][4573] DEBUG io.netty.util.internal.PlatformDependent - Platform: MacOS
2022-05-22 14:03:54.255 [main][4573] DEBUG io.netty.util.internal.PlatformDependent - -Dio.netty.maxDirectMemory: -1 bytes
2022-05-22 14:03:54.256 [main][4574] DEBUG io.netty.util.internal.PlatformDependent - -Dio.netty.uninitializedArrayAllocationThreshold: -1
2022-05-22 14:03:54.257 [main][4575] DEBUG io.netty.util.internal.CleanerJava9 - java.nio.ByteBuffer.cleaner(): available
2022-05-22 14:03:54.258 [main][4576] DEBUG io.netty.util.internal.PlatformDependent - -Dio.netty.noPreferDirect: false
2022-05-22 14:03:54.263 [main][4581] DEBUG io.netty.util.internal.PlatformDependent - org.jctools-core.MpscChunkedArrayQueue: available
2022-05-22 14:03:54.279 [main][4597] DEBUG io.netty.util.internal.InternalThreadLocalMap - -Dio.netty.threadLocalMap.stringBuilder.initialSize: 1024
2022-05-22 14:03:54.279 [main][4597] DEBUG io.netty.util.internal.InternalThreadLocalMap - -Dio.netty.threadLocalMap.stringBuilder.maxSize: 4096
2022-05-22 14:03:54.290 [main][4608] DEBUG io.netty.handler.ssl.JdkSslContext - Default protocols (JDK): [TLSv1.3, TLSv1.2] 
2022-05-22 14:03:54.290 [main][4608] DEBUG io.netty.handler.ssl.JdkSslContext - Default cipher suites (JDK): [TLS_ECDHE_ECDSA_WITH_AES_256_GCM_SHA384, TLS_ECDHE_ECDSA_WITH_AES_128_GCM_SHA256, TLS_ECDHE_RSA_WITH_AES_128_GCM_SHA256, TLS_ECDHE_RSA_WITH_AES_256_GCM_SHA384, TLS_ECDHE_RSA_WITH_AES_128_CBC_SHA, TLS_ECDHE_RSA_WITH_AES_256_CBC_SHA, TLS_RSA_WITH_AES_128_GCM_SHA256, TLS_RSA_WITH_AES_128_CBC_SHA, TLS_RSA_WITH_AES_256_CBC_SHA, TLS_AES_128_GCM_SHA256, TLS_AES_256_GCM_SHA384]
2022-05-22 14:03:54.384 [main][4702] DEBUG io.netty.channel.MultithreadEventLoopGroup - -Dio.netty.eventLoopThreads: 16
2022-05-22 14:03:54.399 [main][4717] DEBUG io.netty.channel.nio.NioEventLoop - -Dio.netty.noKeySetOptimization: false
2022-05-22 14:03:54.400 [main][4718] DEBUG io.netty.channel.nio.NioEventLoop - -Dio.netty.selectorAutoRebuildThreshold: 512
2022-05-22 14:03:54.424 [main][4742] DEBUG io.netty.buffer.PooledByteBufAllocator - -Dio.netty.allocator.numHeapArenas: 16
2022-05-22 14:03:54.424 [main][4742] DEBUG io.netty.buffer.PooledByteBufAllocator - -Dio.netty.allocator.numDirectArenas: 16
2022-05-22 14:03:54.424 [main][4742] DEBUG io.netty.buffer.PooledByteBufAllocator - -Dio.netty.allocator.pageSize: 8192
2022-05-22 14:03:54.424 [main][4742] DEBUG io.netty.buffer.PooledByteBufAllocator - -Dio.netty.allocator.maxOrder: 9
2022-05-22 14:03:54.425 [main][4743] DEBUG io.netty.buffer.PooledByteBufAllocator - -Dio.netty.allocator.chunkSize: 4194304
2022-05-22 14:03:54.425 [main][4743] DEBUG io.netty.buffer.PooledByteBufAllocator - -Dio.netty.allocator.smallCacheSize: 256
2022-05-22 14:03:54.425 [main][4743] DEBUG io.netty.buffer.PooledByteBufAllocator - -Dio.netty.allocator.normalCacheSize: 64
2022-05-22 14:03:54.425 [main][4743] DEBUG io.netty.buffer.PooledByteBufAllocator - -Dio.netty.allocator.maxCachedBufferCapacity: 32768
2022-05-22 14:03:54.425 [main][4743] DEBUG io.netty.buffer.PooledByteBufAllocator - -Dio.netty.allocator.cacheTrimInterval: 8192
2022-05-22 14:03:54.426 [main][4744] DEBUG io.netty.buffer.PooledByteBufAllocator - -Dio.netty.allocator.cacheTrimIntervalMillis: 0
2022-05-22 14:03:54.426 [main][4744] DEBUG io.netty.buffer.PooledByteBufAllocator - -Dio.netty.allocator.useCacheForAllThreads: false
2022-05-22 14:03:54.426 [main][4744] DEBUG io.netty.buffer.PooledByteBufAllocator - -Dio.netty.allocator.maxCachedByteBuffersPerChunk: 1023
2022-05-22 14:03:54.434 [main][4752] DEBUG io.netty.buffer.ByteBufUtil - -Dio.netty.allocator.type: pooled
2022-05-22 14:03:54.435 [main][4753] DEBUG io.netty.buffer.ByteBufUtil - -Dio.netty.threadLocalDirectBufferSize: 0
2022-05-22 14:03:54.435 [main][4753] DEBUG io.netty.buffer.ByteBufUtil - -Dio.netty.maxThreadLocalCharBufferSize: 16384
2022-05-22 14:03:54.935 [Forwarding newSession on session null to remote][5253] DEBUG io.netty.channel.DefaultChannelId - -Dio.netty.processId: 97006 (auto-detected)
2022-05-22 14:03:54.938 [Forwarding newSession on session null to remote][5256] DEBUG io.netty.util.NetUtil - -Djava.net.preferIPv4Stack: false
2022-05-22 14:03:54.939 [Forwarding newSession on session null to remote][5257] DEBUG io.netty.util.NetUtil - -Djava.net.preferIPv6Addresses: false
2022-05-22 14:03:54.942 [Forwarding newSession on session null to remote][5260] DEBUG io.netty.util.NetUtilInitializations - Loopback interface: lo0 (lo0, 0:0:0:0:0:0:0:1%lo0)
2022-05-22 14:03:54.943 [Forwarding newSession on session null to remote][5261] DEBUG io.netty.util.NetUtil - Failed to get SOMAXCONN from sysctl and file /proc/sys/net/core/somaxconn. Default: 128
2022-05-22 14:03:54.945 [Forwarding newSession on session null to remote][5263] DEBUG io.netty.channel.DefaultChannelId - -Dio.netty.machineId: b0:be:83:ff:fe:6e:38:60 (auto-detected)
2022-05-22 14:03:55.010 [AsyncHttpClient-1-2][5328] DEBUG io.netty.buffer.AbstractByteBuf - -Dio.netty.buffer.checkAccessible: true
2022-05-22 14:03:55.011 [AsyncHttpClient-1-2][5329] DEBUG io.netty.buffer.AbstractByteBuf - -Dio.netty.buffer.checkBounds: true
2022-05-22 14:03:55.011 [AsyncHttpClient-1-2][5329] DEBUG io.netty.util.ResourceLeakDetectorFactory - Loaded default ResourceLeakDetector: io.netty.util.ResourceLeakDetector@786da091
2022-05-22 14:03:55.041 [AsyncHttpClient-1-2][5359] DEBUG io.netty.util.Recycler - -Dio.netty.recycler.maxCapacityPerThread: 4096
2022-05-22 14:03:55.041 [AsyncHttpClient-1-2][5359] DEBUG io.netty.util.Recycler - -Dio.netty.recycler.ratio: 8
2022-05-22 14:03:55.041 [AsyncHttpClient-1-2][5359] DEBUG io.netty.util.Recycler - -Dio.netty.recycler.chunkSize: 32
2022-05-22 14:03:55.041 [AsyncHttpClient-1-2][5359] DEBUG io.netty.util.Recycler - -Dio.netty.recycler.blocking: false
2022-05-22 14:03:59.307 [AsyncHttpClient-1-2][9625] DEBUG io.netty.handler.codec.compression.Brotli - brotli4j not in the classpath; Brotli support will be unavailable.
2022-05-22 14:03:59.519 [main][9837] DEBUG io.netty.util.internal.ThreadLocalRandom - -Dio.netty.initialSeedUniquifier: 0x326d1b802910e23a
2022-05-22 14:04:28.203 [main][38521] INFO  step_definitions.Hooks - -----End Scenario: Check login is successful with valid credentials-----
2022-05-22 14:04:28.294 [main][38612] INFO  step_definitions.Hooks - -----Scenario: Check login is unsuccessful with invalid credentials-----
2022-05-22 14:05:01.937 [main][72255] INFO  step_definitions.Hooks - -----End Scenario: Check login is unsuccessful with invalid credentials-----
2022-05-22 14:05:01.958 [main][72276] INFO  step_definitions.Hooks - -----Scenario: Check login is successful with valid credentials for multiple users-----
2022-05-22 14:05:17.727 [main][88045] INFO  step_definitions.Hooks - -----End Scenario: Check login is successful with valid credentials for multiple users-----
2022-05-22 14:05:17.745 [main][88063] INFO  step_definitions.Hooks - -----Scenario: Check login is successful with valid credentials for multiple users-----
2022-05-22 14:05:21.364 [main][91682] INFO  step_definitions.Hooks - -----End Scenario: Check login is successful with valid credentials for multiple users-----
2022-05-22 14:05:21.387 [main][91705] INFO  step_definitions.Hooks - -----Scenario: Check login is successful using data table-----
2022-05-22 14:05:23.852 [main][94170] INFO  step_definitions.Hooks - -----End Scenario: Check login is successful using data table-----
