2022-05-22 20:54:22.982 [main][2441] INFO  step_definitions.Hooks - -----Scenario: Check login is successful with valid credentials-----
2022-05-22 20:54:23.621 [main][3080] DEBUG io.netty.util.internal.logging.InternalLoggerFactory - Using Log4J2 as the default logging framework
2022-05-22 20:54:23.627 [main][3086] DEBUG io.netty.util.ResourceLeakDetector - -Dio.netty.leakDetection.level: simple
2022-05-22 20:54:23.627 [main][3086] DEBUG io.netty.util.ResourceLeakDetector - -Dio.netty.leakDetection.targetRecords: 4
2022-05-22 20:54:23.631 [main][3090] DEBUG io.netty.util.ResourceLeakDetectorFactory - Loaded default ResourceLeakDetector: io.netty.util.ResourceLeakDetector@47ad69f7
2022-05-22 20:54:23.644 [main][3103] DEBUG io.netty.util.internal.PlatformDependent0 - -Dio.netty.noUnsafe: false
2022-05-22 20:54:23.644 [main][3103] DEBUG io.netty.util.internal.PlatformDependent0 - Java version: 11
2022-05-22 20:54:23.646 [main][3105] DEBUG io.netty.util.internal.PlatformDependent0 - sun.misc.Unsafe.theUnsafe: available
2022-05-22 20:54:23.647 [main][3106] DEBUG io.netty.util.internal.PlatformDependent0 - sun.misc.Unsafe.copyMemory: available
2022-05-22 20:54:23.647 [main][3106] DEBUG io.netty.util.internal.PlatformDependent0 - java.nio.Buffer.address: available
2022-05-22 20:54:23.647 [main][3106] DEBUG io.netty.util.internal.PlatformDependent0 - direct buffer constructor: unavailable: Reflective setAccessible(true) disabled
2022-05-22 20:54:23.647 [main][3106] DEBUG io.netty.util.internal.PlatformDependent0 - java.nio.Bits.unaligned: available, true
2022-05-22 20:54:23.649 [main][3108] DEBUG io.netty.util.internal.PlatformDependent0 - jdk.internal.misc.Unsafe.allocateUninitializedArray(int): unavailable: class io.netty.util.internal.PlatformDependent0$6 cannot access class jdk.internal.misc.Unsafe (in module java.base) because module java.base does not export jdk.internal.misc to unnamed module @672872e1
2022-05-22 20:54:23.649 [main][3108] DEBUG io.netty.util.internal.PlatformDependent0 - java.nio.DirectByteBuffer.<init>(long, int): unavailable
2022-05-22 20:54:23.649 [main][3108] DEBUG io.netty.util.internal.PlatformDependent - sun.misc.Unsafe: available
2022-05-22 20:54:23.650 [main][3109] DEBUG io.netty.util.internal.PlatformDependent - maxDirectMemory: 2147483648 bytes (maybe)
2022-05-22 20:54:23.651 [main][3110] DEBUG io.netty.util.internal.PlatformDependent - -Dio.netty.tmpdir: /var/folders/h6/m916999d2hg8gc7bsrw10lrm0000gn/T (java.io.tmpdir)
2022-05-22 20:54:23.651 [main][3110] DEBUG io.netty.util.internal.PlatformDependent - -Dio.netty.bitMode: 64 (sun.arch.data.model)
2022-05-22 20:54:23.651 [main][3110] DEBUG io.netty.util.internal.PlatformDependent - Platform: MacOS
2022-05-22 20:54:23.652 [main][3111] DEBUG io.netty.util.internal.PlatformDependent - -Dio.netty.maxDirectMemory: -1 bytes
2022-05-22 20:54:23.652 [main][3111] DEBUG io.netty.util.internal.PlatformDependent - -Dio.netty.uninitializedArrayAllocationThreshold: -1
2022-05-22 20:54:23.653 [main][3112] DEBUG io.netty.util.internal.CleanerJava9 - java.nio.ByteBuffer.cleaner(): available
2022-05-22 20:54:23.654 [main][3113] DEBUG io.netty.util.internal.PlatformDependent - -Dio.netty.noPreferDirect: false
2022-05-22 20:54:23.658 [main][3117] DEBUG io.netty.util.internal.PlatformDependent - org.jctools-core.MpscChunkedArrayQueue: available
2022-05-22 20:54:23.681 [main][3140] DEBUG io.netty.util.internal.InternalThreadLocalMap - -Dio.netty.threadLocalMap.stringBuilder.initialSize: 1024
2022-05-22 20:54:23.682 [main][3141] DEBUG io.netty.util.internal.InternalThreadLocalMap - -Dio.netty.threadLocalMap.stringBuilder.maxSize: 4096
2022-05-22 20:54:23.704 [main][3163] DEBUG io.netty.handler.ssl.JdkSslContext - Default protocols (JDK): [TLSv1.3, TLSv1.2] 
2022-05-22 20:54:23.704 [main][3163] DEBUG io.netty.handler.ssl.JdkSslContext - Default cipher suites (JDK): [TLS_ECDHE_ECDSA_WITH_AES_256_GCM_SHA384, TLS_ECDHE_ECDSA_WITH_AES_128_GCM_SHA256, TLS_ECDHE_RSA_WITH_AES_128_GCM_SHA256, TLS_ECDHE_RSA_WITH_AES_256_GCM_SHA384, TLS_ECDHE_RSA_WITH_AES_128_CBC_SHA, TLS_ECDHE_RSA_WITH_AES_256_CBC_SHA, TLS_RSA_WITH_AES_128_GCM_SHA256, TLS_RSA_WITH_AES_128_CBC_SHA, TLS_RSA_WITH_AES_256_CBC_SHA, TLS_AES_128_GCM_SHA256, TLS_AES_256_GCM_SHA384]
2022-05-22 20:54:23.722 [main][3181] DEBUG io.netty.channel.MultithreadEventLoopGroup - -Dio.netty.eventLoopThreads: 16
2022-05-22 20:54:23.730 [main][3189] DEBUG io.netty.channel.nio.NioEventLoop - -Dio.netty.noKeySetOptimization: false
2022-05-22 20:54:23.730 [main][3189] DEBUG io.netty.channel.nio.NioEventLoop - -Dio.netty.selectorAutoRebuildThreshold: 512
2022-05-22 20:54:23.753 [main][3212] DEBUG io.netty.buffer.PooledByteBufAllocator - -Dio.netty.allocator.numHeapArenas: 16
2022-05-22 20:54:23.754 [main][3213] DEBUG io.netty.buffer.PooledByteBufAllocator - -Dio.netty.allocator.numDirectArenas: 16
2022-05-22 20:54:23.754 [main][3213] DEBUG io.netty.buffer.PooledByteBufAllocator - -Dio.netty.allocator.pageSize: 8192
2022-05-22 20:54:23.754 [main][3213] DEBUG io.netty.buffer.PooledByteBufAllocator - -Dio.netty.allocator.maxOrder: 9
2022-05-22 20:54:23.755 [main][3214] DEBUG io.netty.buffer.PooledByteBufAllocator - -Dio.netty.allocator.chunkSize: 4194304
2022-05-22 20:54:23.755 [main][3214] DEBUG io.netty.buffer.PooledByteBufAllocator - -Dio.netty.allocator.smallCacheSize: 256
2022-05-22 20:54:23.755 [main][3214] DEBUG io.netty.buffer.PooledByteBufAllocator - -Dio.netty.allocator.normalCacheSize: 64
2022-05-22 20:54:23.755 [main][3214] DEBUG io.netty.buffer.PooledByteBufAllocator - -Dio.netty.allocator.maxCachedBufferCapacity: 32768
2022-05-22 20:54:23.755 [main][3214] DEBUG io.netty.buffer.PooledByteBufAllocator - -Dio.netty.allocator.cacheTrimInterval: 8192
2022-05-22 20:54:23.755 [main][3214] DEBUG io.netty.buffer.PooledByteBufAllocator - -Dio.netty.allocator.cacheTrimIntervalMillis: 0
2022-05-22 20:54:23.756 [main][3215] DEBUG io.netty.buffer.PooledByteBufAllocator - -Dio.netty.allocator.useCacheForAllThreads: false
2022-05-22 20:54:23.756 [main][3215] DEBUG io.netty.buffer.PooledByteBufAllocator - -Dio.netty.allocator.maxCachedByteBuffersPerChunk: 1023
2022-05-22 20:54:23.765 [main][3224] DEBUG io.netty.buffer.ByteBufUtil - -Dio.netty.allocator.type: pooled
2022-05-22 20:54:23.765 [main][3224] DEBUG io.netty.buffer.ByteBufUtil - -Dio.netty.threadLocalDirectBufferSize: 0
2022-05-22 20:54:23.765 [main][3224] DEBUG io.netty.buffer.ByteBufUtil - -Dio.netty.maxThreadLocalCharBufferSize: 16384
2022-05-22 20:54:24.249 [Forwarding newSession on session null to remote][3708] DEBUG io.netty.channel.DefaultChannelId - -Dio.netty.processId: 2408 (auto-detected)
2022-05-22 20:54:24.251 [Forwarding newSession on session null to remote][3710] DEBUG io.netty.util.NetUtil - -Djava.net.preferIPv4Stack: false
2022-05-22 20:54:24.252 [Forwarding newSession on session null to remote][3711] DEBUG io.netty.util.NetUtil - -Djava.net.preferIPv6Addresses: false
2022-05-22 20:54:24.256 [Forwarding newSession on session null to remote][3715] DEBUG io.netty.util.NetUtilInitializations - Loopback interface: lo0 (lo0, 0:0:0:0:0:0:0:1%lo0)
2022-05-22 20:54:24.257 [Forwarding newSession on session null to remote][3716] DEBUG io.netty.util.NetUtil - Failed to get SOMAXCONN from sysctl and file /proc/sys/net/core/somaxconn. Default: 128
2022-05-22 20:54:24.258 [Forwarding newSession on session null to remote][3717] DEBUG io.netty.channel.DefaultChannelId - -Dio.netty.machineId: b0:be:83:ff:fe:6e:38:60 (auto-detected)
2022-05-22 20:54:24.421 [AsyncHttpClient-1-2][3880] DEBUG io.netty.buffer.AbstractByteBuf - -Dio.netty.buffer.checkAccessible: true
2022-05-22 20:54:24.422 [AsyncHttpClient-1-2][3881] DEBUG io.netty.buffer.AbstractByteBuf - -Dio.netty.buffer.checkBounds: true
2022-05-22 20:54:24.423 [AsyncHttpClient-1-2][3882] DEBUG io.netty.util.ResourceLeakDetectorFactory - Loaded default ResourceLeakDetector: io.netty.util.ResourceLeakDetector@72a7f500
2022-05-22 20:54:24.450 [AsyncHttpClient-1-2][3909] DEBUG io.netty.util.Recycler - -Dio.netty.recycler.maxCapacityPerThread: 4096
2022-05-22 20:54:24.450 [AsyncHttpClient-1-2][3909] DEBUG io.netty.util.Recycler - -Dio.netty.recycler.ratio: 8
2022-05-22 20:54:24.450 [AsyncHttpClient-1-2][3909] DEBUG io.netty.util.Recycler - -Dio.netty.recycler.chunkSize: 32
2022-05-22 20:54:24.450 [AsyncHttpClient-1-2][3909] DEBUG io.netty.util.Recycler - -Dio.netty.recycler.blocking: false
2022-05-22 20:54:27.898 [AsyncHttpClient-1-2][7357] DEBUG io.netty.handler.codec.compression.Brotli - brotli4j not in the classpath; Brotli support will be unavailable.
2022-05-22 20:54:28.215 [main][7674] DEBUG io.netty.util.internal.ThreadLocalRandom - -Dio.netty.initialSeedUniquifier: 0x2617a3e29726223f
2022-05-22 20:54:54.848 [main][34307] DEBUG page_objects.LogIn - Wait for tab to be visible
2022-05-22 20:54:54.849 [main][34308] INFO  step_definitions.LoginSteps - User is in the Overstock Home Page
2022-05-22 20:54:55.562 [main][35021] DEBUG page_objects.LogIn - User has clicked on Email button
2022-05-22 20:54:57.177 [main][36636] DEBUG page_objects.LogIn - Enter Email: tasin.chowdhury1@gmail.com
2022-05-22 20:54:58.696 [main][38155] DEBUG page_objects.LogIn - Enter Password: Chowdhury12!!
2022-05-22 20:54:58.696 [main][38155] INFO  step_definitions.LoginSteps - User has entered credentials
2022-05-22 20:54:59.299 [main][38758] DEBUG page_objects.LogIn - Click on Create Account Button
2022-05-22 20:54:59.299 [main][38758] INFO  step_definitions.LoginSteps - User has entered successfully
2022-05-22 20:55:19.711 [main][59170] INFO  step_definitions.Hooks - -----End Scenario: Check login is successful with valid credentials-----
