2022-05-22 20:51:43.019 [main][2396] INFO  step_definitions.Hooks - -----Scenario: Check login is successful with valid credentials-----
2022-05-22 20:51:43.688 [main][3065] DEBUG io.netty.util.internal.logging.InternalLoggerFactory - Using Log4J2 as the default logging framework
2022-05-22 20:51:43.697 [main][3074] DEBUG io.netty.util.ResourceLeakDetector - -Dio.netty.leakDetection.level: simple
2022-05-22 20:51:43.697 [main][3074] DEBUG io.netty.util.ResourceLeakDetector - -Dio.netty.leakDetection.targetRecords: 4
2022-05-22 20:51:43.699 [main][3076] DEBUG io.netty.util.ResourceLeakDetectorFactory - Loaded default ResourceLeakDetector: io.netty.util.ResourceLeakDetector@3be4fcc0
2022-05-22 20:51:43.713 [main][3090] DEBUG io.netty.util.internal.PlatformDependent0 - -Dio.netty.noUnsafe: false
2022-05-22 20:51:43.714 [main][3091] DEBUG io.netty.util.internal.PlatformDependent0 - Java version: 11
2022-05-22 20:51:43.717 [main][3094] DEBUG io.netty.util.internal.PlatformDependent0 - sun.misc.Unsafe.theUnsafe: available
2022-05-22 20:51:43.717 [main][3094] DEBUG io.netty.util.internal.PlatformDependent0 - sun.misc.Unsafe.copyMemory: available
2022-05-22 20:51:43.717 [main][3094] DEBUG io.netty.util.internal.PlatformDependent0 - java.nio.Buffer.address: available
2022-05-22 20:51:43.718 [main][3095] DEBUG io.netty.util.internal.PlatformDependent0 - direct buffer constructor: unavailable: Reflective setAccessible(true) disabled
2022-05-22 20:51:43.718 [main][3095] DEBUG io.netty.util.internal.PlatformDependent0 - java.nio.Bits.unaligned: available, true
2022-05-22 20:51:43.719 [main][3096] DEBUG io.netty.util.internal.PlatformDependent0 - jdk.internal.misc.Unsafe.allocateUninitializedArray(int): unavailable: class io.netty.util.internal.PlatformDependent0$6 cannot access class jdk.internal.misc.Unsafe (in module java.base) because module java.base does not export jdk.internal.misc to unnamed module @672872e1
2022-05-22 20:51:43.720 [main][3097] DEBUG io.netty.util.internal.PlatformDependent0 - java.nio.DirectByteBuffer.<init>(long, int): unavailable
2022-05-22 20:51:43.720 [main][3097] DEBUG io.netty.util.internal.PlatformDependent - sun.misc.Unsafe: available
2022-05-22 20:51:43.721 [main][3098] DEBUG io.netty.util.internal.PlatformDependent - maxDirectMemory: 2147483648 bytes (maybe)
2022-05-22 20:51:43.722 [main][3099] DEBUG io.netty.util.internal.PlatformDependent - -Dio.netty.tmpdir: /var/folders/h6/m916999d2hg8gc7bsrw10lrm0000gn/T (java.io.tmpdir)
2022-05-22 20:51:43.722 [main][3099] DEBUG io.netty.util.internal.PlatformDependent - -Dio.netty.bitMode: 64 (sun.arch.data.model)
2022-05-22 20:51:43.723 [main][3100] DEBUG io.netty.util.internal.PlatformDependent - Platform: MacOS
2022-05-22 20:51:43.724 [main][3101] DEBUG io.netty.util.internal.PlatformDependent - -Dio.netty.maxDirectMemory: -1 bytes
2022-05-22 20:51:43.724 [main][3101] DEBUG io.netty.util.internal.PlatformDependent - -Dio.netty.uninitializedArrayAllocationThreshold: -1
2022-05-22 20:51:43.725 [main][3102] DEBUG io.netty.util.internal.CleanerJava9 - java.nio.ByteBuffer.cleaner(): available
2022-05-22 20:51:43.726 [main][3103] DEBUG io.netty.util.internal.PlatformDependent - -Dio.netty.noPreferDirect: false
2022-05-22 20:51:43.730 [main][3107] DEBUG io.netty.util.internal.PlatformDependent - org.jctools-core.MpscChunkedArrayQueue: available
2022-05-22 20:51:43.749 [main][3126] DEBUG io.netty.util.internal.InternalThreadLocalMap - -Dio.netty.threadLocalMap.stringBuilder.initialSize: 1024
2022-05-22 20:51:43.749 [main][3126] DEBUG io.netty.util.internal.InternalThreadLocalMap - -Dio.netty.threadLocalMap.stringBuilder.maxSize: 4096
2022-05-22 20:51:43.771 [main][3148] DEBUG io.netty.handler.ssl.JdkSslContext - Default protocols (JDK): [TLSv1.3, TLSv1.2] 
2022-05-22 20:51:43.772 [main][3149] DEBUG io.netty.handler.ssl.JdkSslContext - Default cipher suites (JDK): [TLS_ECDHE_ECDSA_WITH_AES_256_GCM_SHA384, TLS_ECDHE_ECDSA_WITH_AES_128_GCM_SHA256, TLS_ECDHE_RSA_WITH_AES_128_GCM_SHA256, TLS_ECDHE_RSA_WITH_AES_256_GCM_SHA384, TLS_ECDHE_RSA_WITH_AES_128_CBC_SHA, TLS_ECDHE_RSA_WITH_AES_256_CBC_SHA, TLS_RSA_WITH_AES_128_GCM_SHA256, TLS_RSA_WITH_AES_128_CBC_SHA, TLS_RSA_WITH_AES_256_CBC_SHA, TLS_AES_128_GCM_SHA256, TLS_AES_256_GCM_SHA384]
2022-05-22 20:51:43.793 [main][3170] DEBUG io.netty.channel.MultithreadEventLoopGroup - -Dio.netty.eventLoopThreads: 16
2022-05-22 20:51:43.801 [main][3178] DEBUG io.netty.channel.nio.NioEventLoop - -Dio.netty.noKeySetOptimization: false
2022-05-22 20:51:43.801 [main][3178] DEBUG io.netty.channel.nio.NioEventLoop - -Dio.netty.selectorAutoRebuildThreshold: 512
2022-05-22 20:51:43.821 [main][3198] DEBUG io.netty.buffer.PooledByteBufAllocator - -Dio.netty.allocator.numHeapArenas: 16
2022-05-22 20:51:43.821 [main][3198] DEBUG io.netty.buffer.PooledByteBufAllocator - -Dio.netty.allocator.numDirectArenas: 16
2022-05-22 20:51:43.821 [main][3198] DEBUG io.netty.buffer.PooledByteBufAllocator - -Dio.netty.allocator.pageSize: 8192
2022-05-22 20:51:43.821 [main][3198] DEBUG io.netty.buffer.PooledByteBufAllocator - -Dio.netty.allocator.maxOrder: 9
2022-05-22 20:51:43.821 [main][3198] DEBUG io.netty.buffer.PooledByteBufAllocator - -Dio.netty.allocator.chunkSize: 4194304
2022-05-22 20:51:43.821 [main][3198] DEBUG io.netty.buffer.PooledByteBufAllocator - -Dio.netty.allocator.smallCacheSize: 256
2022-05-22 20:51:43.821 [main][3198] DEBUG io.netty.buffer.PooledByteBufAllocator - -Dio.netty.allocator.normalCacheSize: 64
2022-05-22 20:51:43.821 [main][3198] DEBUG io.netty.buffer.PooledByteBufAllocator - -Dio.netty.allocator.maxCachedBufferCapacity: 32768
2022-05-22 20:51:43.821 [main][3198] DEBUG io.netty.buffer.PooledByteBufAllocator - -Dio.netty.allocator.cacheTrimInterval: 8192
2022-05-22 20:51:43.822 [main][3199] DEBUG io.netty.buffer.PooledByteBufAllocator - -Dio.netty.allocator.cacheTrimIntervalMillis: 0
2022-05-22 20:51:43.822 [main][3199] DEBUG io.netty.buffer.PooledByteBufAllocator - -Dio.netty.allocator.useCacheForAllThreads: false
2022-05-22 20:51:43.822 [main][3199] DEBUG io.netty.buffer.PooledByteBufAllocator - -Dio.netty.allocator.maxCachedByteBuffersPerChunk: 1023
2022-05-22 20:51:43.832 [main][3209] DEBUG io.netty.buffer.ByteBufUtil - -Dio.netty.allocator.type: pooled
2022-05-22 20:51:43.832 [main][3209] DEBUG io.netty.buffer.ByteBufUtil - -Dio.netty.threadLocalDirectBufferSize: 0
2022-05-22 20:51:43.832 [main][3209] DEBUG io.netty.buffer.ByteBufUtil - -Dio.netty.maxThreadLocalCharBufferSize: 16384
2022-05-22 20:51:44.542 [Forwarding newSession on session null to remote][3919] DEBUG io.netty.channel.DefaultChannelId - -Dio.netty.processId: 2308 (auto-detected)
2022-05-22 20:51:44.544 [Forwarding newSession on session null to remote][3921] DEBUG io.netty.util.NetUtil - -Djava.net.preferIPv4Stack: false
2022-05-22 20:51:44.544 [Forwarding newSession on session null to remote][3921] DEBUG io.netty.util.NetUtil - -Djava.net.preferIPv6Addresses: false
2022-05-22 20:51:44.548 [Forwarding newSession on session null to remote][3925] DEBUG io.netty.util.NetUtilInitializations - Loopback interface: lo0 (lo0, 0:0:0:0:0:0:0:1%lo0)
2022-05-22 20:51:44.548 [Forwarding newSession on session null to remote][3925] DEBUG io.netty.util.NetUtil - Failed to get SOMAXCONN from sysctl and file /proc/sys/net/core/somaxconn. Default: 128
2022-05-22 20:51:44.550 [Forwarding newSession on session null to remote][3927] DEBUG io.netty.channel.DefaultChannelId - -Dio.netty.machineId: b0:be:83:ff:fe:6e:38:60 (auto-detected)
2022-05-22 20:51:44.673 [AsyncHttpClient-1-2][4050] DEBUG io.netty.buffer.AbstractByteBuf - -Dio.netty.buffer.checkAccessible: true
2022-05-22 20:51:44.675 [AsyncHttpClient-1-2][4052] DEBUG io.netty.buffer.AbstractByteBuf - -Dio.netty.buffer.checkBounds: true
2022-05-22 20:51:44.675 [AsyncHttpClient-1-2][4052] DEBUG io.netty.util.ResourceLeakDetectorFactory - Loaded default ResourceLeakDetector: io.netty.util.ResourceLeakDetector@1566c305
2022-05-22 20:51:44.702 [AsyncHttpClient-1-2][4079] DEBUG io.netty.util.Recycler - -Dio.netty.recycler.maxCapacityPerThread: 4096
2022-05-22 20:51:44.702 [AsyncHttpClient-1-2][4079] DEBUG io.netty.util.Recycler - -Dio.netty.recycler.ratio: 8
2022-05-22 20:51:44.702 [AsyncHttpClient-1-2][4079] DEBUG io.netty.util.Recycler - -Dio.netty.recycler.chunkSize: 32
2022-05-22 20:51:44.702 [AsyncHttpClient-1-2][4079] DEBUG io.netty.util.Recycler - -Dio.netty.recycler.blocking: false
2022-05-22 20:51:48.738 [AsyncHttpClient-1-2][8115] DEBUG io.netty.handler.codec.compression.Brotli - brotli4j not in the classpath; Brotli support will be unavailable.
2022-05-22 20:51:48.992 [main][8369] DEBUG io.netty.util.internal.ThreadLocalRandom - -Dio.netty.initialSeedUniquifier: 0xed343ffc14838d8f
2022-05-22 20:52:06.732 [main][26109] DEBUG page_objects.LogIn - Wait for tab to be visible
2022-05-22 20:52:06.733 [main][26110] INFO  step_definitions.LoginSteps - User is in the Overstock Home Page
2022-05-22 20:52:07.518 [main][26895] DEBUG page_objects.LogIn - User has clicked on Email button
2022-05-22 20:52:09.402 [main][28779] DEBUG page_objects.LogIn - Enter Email: tasin.chowdhury1@gmail.com
2022-05-22 20:52:10.003 [main][29380] DEBUG page_objects.LogIn - Enter Password: Chowdhury12!!
2022-05-22 20:52:10.004 [main][29381] INFO  step_definitions.LoginSteps - User has entered credentials
2022-05-22 20:52:10.698 [main][30075] DEBUG page_objects.LogIn - Click on Create Account Button
2022-05-22 20:52:10.698 [main][30075] INFO  step_definitions.LoginSteps - User has entered successfully
2022-05-22 20:52:30.964 [main][50341] INFO  step_definitions.Hooks - -----End Scenario: Check login is successful with valid credentials-----
