2022-05-22 17:13:02.204 [main][2347] INFO  step_definitions.Hooks - -----Scenario: Check login is successful with valid credentials-----
2022-05-22 17:13:02.919 [main][3062] DEBUG io.netty.util.internal.logging.InternalLoggerFactory - Using Log4J2 as the default logging framework
2022-05-22 17:13:02.927 [main][3070] DEBUG io.netty.util.ResourceLeakDetector - -Dio.netty.leakDetection.level: simple
2022-05-22 17:13:02.927 [main][3070] DEBUG io.netty.util.ResourceLeakDetector - -Dio.netty.leakDetection.targetRecords: 4
2022-05-22 17:13:02.930 [main][3073] DEBUG io.netty.util.ResourceLeakDetectorFactory - Loaded default ResourceLeakDetector: io.netty.util.ResourceLeakDetector@6a282fdd
2022-05-22 17:13:02.945 [main][3088] DEBUG io.netty.util.internal.PlatformDependent0 - -Dio.netty.noUnsafe: false
2022-05-22 17:13:02.945 [main][3088] DEBUG io.netty.util.internal.PlatformDependent0 - Java version: 11
2022-05-22 17:13:02.949 [main][3092] DEBUG io.netty.util.internal.PlatformDependent0 - sun.misc.Unsafe.theUnsafe: available
2022-05-22 17:13:02.950 [main][3093] DEBUG io.netty.util.internal.PlatformDependent0 - sun.misc.Unsafe.copyMemory: available
2022-05-22 17:13:02.950 [main][3093] DEBUG io.netty.util.internal.PlatformDependent0 - java.nio.Buffer.address: available
2022-05-22 17:13:02.950 [main][3093] DEBUG io.netty.util.internal.PlatformDependent0 - direct buffer constructor: unavailable: Reflective setAccessible(true) disabled
2022-05-22 17:13:02.951 [main][3094] DEBUG io.netty.util.internal.PlatformDependent0 - java.nio.Bits.unaligned: available, true
2022-05-22 17:13:02.952 [main][3095] DEBUG io.netty.util.internal.PlatformDependent0 - jdk.internal.misc.Unsafe.allocateUninitializedArray(int): unavailable: class io.netty.util.internal.PlatformDependent0$6 cannot access class jdk.internal.misc.Unsafe (in module java.base) because module java.base does not export jdk.internal.misc to unnamed module @672872e1
2022-05-22 17:13:02.953 [main][3096] DEBUG io.netty.util.internal.PlatformDependent0 - java.nio.DirectByteBuffer.<init>(long, int): unavailable
2022-05-22 17:13:02.953 [main][3096] DEBUG io.netty.util.internal.PlatformDependent - sun.misc.Unsafe: available
2022-05-22 17:13:02.954 [main][3097] DEBUG io.netty.util.internal.PlatformDependent - maxDirectMemory: 2147483648 bytes (maybe)
2022-05-22 17:13:02.955 [main][3098] DEBUG io.netty.util.internal.PlatformDependent - -Dio.netty.tmpdir: /var/folders/h6/m916999d2hg8gc7bsrw10lrm0000gn/T (java.io.tmpdir)
2022-05-22 17:13:02.955 [main][3098] DEBUG io.netty.util.internal.PlatformDependent - -Dio.netty.bitMode: 64 (sun.arch.data.model)
2022-05-22 17:13:02.956 [main][3099] DEBUG io.netty.util.internal.PlatformDependent - Platform: MacOS
2022-05-22 17:13:02.956 [main][3099] DEBUG io.netty.util.internal.PlatformDependent - -Dio.netty.maxDirectMemory: -1 bytes
2022-05-22 17:13:02.956 [main][3099] DEBUG io.netty.util.internal.PlatformDependent - -Dio.netty.uninitializedArrayAllocationThreshold: -1
2022-05-22 17:13:02.957 [main][3100] DEBUG io.netty.util.internal.CleanerJava9 - java.nio.ByteBuffer.cleaner(): available
2022-05-22 17:13:02.958 [main][3101] DEBUG io.netty.util.internal.PlatformDependent - -Dio.netty.noPreferDirect: false
2022-05-22 17:13:02.963 [main][3106] DEBUG io.netty.util.internal.PlatformDependent - org.jctools-core.MpscChunkedArrayQueue: available
2022-05-22 17:13:02.979 [main][3122] DEBUG io.netty.util.internal.InternalThreadLocalMap - -Dio.netty.threadLocalMap.stringBuilder.initialSize: 1024
2022-05-22 17:13:02.979 [main][3122] DEBUG io.netty.util.internal.InternalThreadLocalMap - -Dio.netty.threadLocalMap.stringBuilder.maxSize: 4096
2022-05-22 17:13:03.003 [main][3146] DEBUG io.netty.handler.ssl.JdkSslContext - Default protocols (JDK): [TLSv1.3, TLSv1.2] 
2022-05-22 17:13:03.003 [main][3146] DEBUG io.netty.handler.ssl.JdkSslContext - Default cipher suites (JDK): [TLS_ECDHE_ECDSA_WITH_AES_256_GCM_SHA384, TLS_ECDHE_ECDSA_WITH_AES_128_GCM_SHA256, TLS_ECDHE_RSA_WITH_AES_128_GCM_SHA256, TLS_ECDHE_RSA_WITH_AES_256_GCM_SHA384, TLS_ECDHE_RSA_WITH_AES_128_CBC_SHA, TLS_ECDHE_RSA_WITH_AES_256_CBC_SHA, TLS_RSA_WITH_AES_128_GCM_SHA256, TLS_RSA_WITH_AES_128_CBC_SHA, TLS_RSA_WITH_AES_256_CBC_SHA, TLS_AES_128_GCM_SHA256, TLS_AES_256_GCM_SHA384]
2022-05-22 17:13:03.027 [main][3170] DEBUG io.netty.channel.MultithreadEventLoopGroup - -Dio.netty.eventLoopThreads: 16
2022-05-22 17:13:03.035 [main][3178] DEBUG io.netty.channel.nio.NioEventLoop - -Dio.netty.noKeySetOptimization: false
2022-05-22 17:13:03.035 [main][3178] DEBUG io.netty.channel.nio.NioEventLoop - -Dio.netty.selectorAutoRebuildThreshold: 512
2022-05-22 17:13:03.060 [main][3203] DEBUG io.netty.buffer.PooledByteBufAllocator - -Dio.netty.allocator.numHeapArenas: 16
2022-05-22 17:13:03.060 [main][3203] DEBUG io.netty.buffer.PooledByteBufAllocator - -Dio.netty.allocator.numDirectArenas: 16
2022-05-22 17:13:03.061 [main][3204] DEBUG io.netty.buffer.PooledByteBufAllocator - -Dio.netty.allocator.pageSize: 8192
2022-05-22 17:13:03.061 [main][3204] DEBUG io.netty.buffer.PooledByteBufAllocator - -Dio.netty.allocator.maxOrder: 9
2022-05-22 17:13:03.061 [main][3204] DEBUG io.netty.buffer.PooledByteBufAllocator - -Dio.netty.allocator.chunkSize: 4194304
2022-05-22 17:13:03.061 [main][3204] DEBUG io.netty.buffer.PooledByteBufAllocator - -Dio.netty.allocator.smallCacheSize: 256
2022-05-22 17:13:03.061 [main][3204] DEBUG io.netty.buffer.PooledByteBufAllocator - -Dio.netty.allocator.normalCacheSize: 64
2022-05-22 17:13:03.061 [main][3204] DEBUG io.netty.buffer.PooledByteBufAllocator - -Dio.netty.allocator.maxCachedBufferCapacity: 32768
2022-05-22 17:13:03.061 [main][3204] DEBUG io.netty.buffer.PooledByteBufAllocator - -Dio.netty.allocator.cacheTrimInterval: 8192
2022-05-22 17:13:03.061 [main][3204] DEBUG io.netty.buffer.PooledByteBufAllocator - -Dio.netty.allocator.cacheTrimIntervalMillis: 0
2022-05-22 17:13:03.062 [main][3205] DEBUG io.netty.buffer.PooledByteBufAllocator - -Dio.netty.allocator.useCacheForAllThreads: false
2022-05-22 17:13:03.062 [main][3205] DEBUG io.netty.buffer.PooledByteBufAllocator - -Dio.netty.allocator.maxCachedByteBuffersPerChunk: 1023
2022-05-22 17:13:03.071 [main][3214] DEBUG io.netty.buffer.ByteBufUtil - -Dio.netty.allocator.type: pooled
2022-05-22 17:13:03.072 [main][3215] DEBUG io.netty.buffer.ByteBufUtil - -Dio.netty.threadLocalDirectBufferSize: 0
2022-05-22 17:13:03.072 [main][3215] DEBUG io.netty.buffer.ByteBufUtil - -Dio.netty.maxThreadLocalCharBufferSize: 16384
2022-05-22 17:13:03.519 [Forwarding newSession on session null to remote][3662] DEBUG io.netty.channel.DefaultChannelId - -Dio.netty.processId: 1229 (auto-detected)
2022-05-22 17:13:03.523 [Forwarding newSession on session null to remote][3666] DEBUG io.netty.util.NetUtil - -Djava.net.preferIPv4Stack: false
2022-05-22 17:13:03.523 [Forwarding newSession on session null to remote][3666] DEBUG io.netty.util.NetUtil - -Djava.net.preferIPv6Addresses: false
2022-05-22 17:13:03.527 [Forwarding newSession on session null to remote][3670] DEBUG io.netty.util.NetUtilInitializations - Loopback interface: lo0 (lo0, 0:0:0:0:0:0:0:1%lo0)
2022-05-22 17:13:03.527 [Forwarding newSession on session null to remote][3670] DEBUG io.netty.util.NetUtil - Failed to get SOMAXCONN from sysctl and file /proc/sys/net/core/somaxconn. Default: 128
2022-05-22 17:13:03.533 [Forwarding newSession on session null to remote][3676] DEBUG io.netty.channel.DefaultChannelId - -Dio.netty.machineId: b0:be:83:ff:fe:6e:38:60 (auto-detected)
2022-05-22 17:13:03.603 [AsyncHttpClient-1-2][3746] DEBUG io.netty.buffer.AbstractByteBuf - -Dio.netty.buffer.checkAccessible: true
2022-05-22 17:13:03.603 [AsyncHttpClient-1-2][3746] DEBUG io.netty.buffer.AbstractByteBuf - -Dio.netty.buffer.checkBounds: true
2022-05-22 17:13:03.604 [AsyncHttpClient-1-2][3747] DEBUG io.netty.util.ResourceLeakDetectorFactory - Loaded default ResourceLeakDetector: io.netty.util.ResourceLeakDetector@7a7d7692
2022-05-22 17:13:03.628 [AsyncHttpClient-1-2][3771] DEBUG io.netty.util.Recycler - -Dio.netty.recycler.maxCapacityPerThread: 4096
2022-05-22 17:13:03.628 [AsyncHttpClient-1-2][3771] DEBUG io.netty.util.Recycler - -Dio.netty.recycler.ratio: 8
2022-05-22 17:13:03.628 [AsyncHttpClient-1-2][3771] DEBUG io.netty.util.Recycler - -Dio.netty.recycler.chunkSize: 32
2022-05-22 17:13:03.628 [AsyncHttpClient-1-2][3771] DEBUG io.netty.util.Recycler - -Dio.netty.recycler.blocking: false
2022-05-22 17:13:06.965 [AsyncHttpClient-1-2][7108] DEBUG io.netty.handler.codec.compression.Brotli - brotli4j not in the classpath; Brotli support will be unavailable.
2022-05-22 17:13:07.233 [main][7376] DEBUG io.netty.util.internal.ThreadLocalRandom - -Dio.netty.initialSeedUniquifier: 0xacb5a10ae35aace1
2022-05-22 17:13:27.817 [main][27960] INFO  step_definitions.LoginSteps - User is in the Overstock Home Page
2022-05-22 17:13:27.834 [main][27977] DEBUG page_objects.LogIn - Wait for tab to be visible
2022-05-22 17:13:48.010 [main][48153] ERROR command_providers.ElementActions - Element exception for the locator: By.id: login-emailThe exception is: no such element: Unable to locate element: {"method":"css selector","selector":"#login\-email"}
  (Session info: chrome=101.0.4951.64)
For documentation on this error, please visit: https://selenium.dev/exceptions/#no_such_element
Build info: version: '4.1.4', revision: '535d840ee2'
System info: host: 'Tasins-MacBook-Pro.local', ip: '2603:7000:dd03:8a00:5174:b96f:5322:7c13%en0', os.name: 'Mac OS X', os.arch: 'x86_64', os.version: '12.2', java.version: '11.0.15'
Driver info: org.openqa.selenium.chrome.ChromeDriver
Command: [310373e83b05b75ba68b128952f6276b, findElement {using=id, value=login-email}]
Capabilities {acceptInsecureCerts: false, browserName: chrome, browserVersion: 101.0.4951.64, chrome: {chromedriverVersion: 101.0.4951.41 (93c720db8323..., userDataDir: /var/folders/h6/m916999d2hg...}, goog:chromeOptions: {debuggerAddress: localhost:59745}, javascriptEnabled: true, networkConnectionEnabled: false, pageLoadStrategy: normal, platform: MAC, platformName: MAC, proxy: Proxy(), se:cdp: ws://localhost:59745/devtoo..., se:cdpVersion: 101.0.4951.64, setWindowRect: true, strictFileInteractability: false, timeouts: {implicit: 0, pageLoad: 300000, script: 30000}, unhandledPromptBehavior: dismiss and notify, webauthn:extension:credBlob: true, webauthn:extension:largeBlob: true, webauthn:virtualAuthenticators: true}
Session ID: 310373e83b05b75ba68b128952f6276b
2022-05-22 17:13:48.220 [main][48363] INFO  step_definitions.Hooks - -----End Scenario: Check login is successful with valid credentials-----
