2022-05-22 16:50:37.883 [main][2177] INFO  step_definitions.Hooks - -----Scenario: Check login is successful with valid credentials-----
2022-05-22 16:50:38.515 [main][2809] DEBUG io.netty.util.internal.logging.InternalLoggerFactory - Using Log4J2 as the default logging framework
2022-05-22 16:50:38.522 [main][2816] DEBUG io.netty.util.ResourceLeakDetector - -Dio.netty.leakDetection.level: simple
2022-05-22 16:50:38.522 [main][2816] DEBUG io.netty.util.ResourceLeakDetector - -Dio.netty.leakDetection.targetRecords: 4
2022-05-22 16:50:38.526 [main][2820] DEBUG io.netty.util.ResourceLeakDetectorFactory - Loaded default ResourceLeakDetector: io.netty.util.ResourceLeakDetector@743c6ce4
2022-05-22 16:50:38.540 [main][2834] DEBUG io.netty.util.internal.PlatformDependent0 - -Dio.netty.noUnsafe: false
2022-05-22 16:50:38.540 [main][2834] DEBUG io.netty.util.internal.PlatformDependent0 - Java version: 11
2022-05-22 16:50:38.543 [main][2837] DEBUG io.netty.util.internal.PlatformDependent0 - sun.misc.Unsafe.theUnsafe: available
2022-05-22 16:50:38.543 [main][2837] DEBUG io.netty.util.internal.PlatformDependent0 - sun.misc.Unsafe.copyMemory: available
2022-05-22 16:50:38.543 [main][2837] DEBUG io.netty.util.internal.PlatformDependent0 - java.nio.Buffer.address: available
2022-05-22 16:50:38.543 [main][2837] DEBUG io.netty.util.internal.PlatformDependent0 - direct buffer constructor: unavailable: Reflective setAccessible(true) disabled
2022-05-22 16:50:38.544 [main][2838] DEBUG io.netty.util.internal.PlatformDependent0 - java.nio.Bits.unaligned: available, true
2022-05-22 16:50:38.545 [main][2839] DEBUG io.netty.util.internal.PlatformDependent0 - jdk.internal.misc.Unsafe.allocateUninitializedArray(int): unavailable: class io.netty.util.internal.PlatformDependent0$6 cannot access class jdk.internal.misc.Unsafe (in module java.base) because module java.base does not export jdk.internal.misc to unnamed module @672872e1
2022-05-22 16:50:38.546 [main][2840] DEBUG io.netty.util.internal.PlatformDependent0 - java.nio.DirectByteBuffer.<init>(long, int): unavailable
2022-05-22 16:50:38.546 [main][2840] DEBUG io.netty.util.internal.PlatformDependent - sun.misc.Unsafe: available
2022-05-22 16:50:38.547 [main][2841] DEBUG io.netty.util.internal.PlatformDependent - maxDirectMemory: 2147483648 bytes (maybe)
2022-05-22 16:50:38.548 [main][2842] DEBUG io.netty.util.internal.PlatformDependent - -Dio.netty.tmpdir: /var/folders/h6/m916999d2hg8gc7bsrw10lrm0000gn/T (java.io.tmpdir)
2022-05-22 16:50:38.548 [main][2842] DEBUG io.netty.util.internal.PlatformDependent - -Dio.netty.bitMode: 64 (sun.arch.data.model)
2022-05-22 16:50:38.548 [main][2842] DEBUG io.netty.util.internal.PlatformDependent - Platform: MacOS
2022-05-22 16:50:38.549 [main][2843] DEBUG io.netty.util.internal.PlatformDependent - -Dio.netty.maxDirectMemory: -1 bytes
2022-05-22 16:50:38.549 [main][2843] DEBUG io.netty.util.internal.PlatformDependent - -Dio.netty.uninitializedArrayAllocationThreshold: -1
2022-05-22 16:50:38.550 [main][2844] DEBUG io.netty.util.internal.CleanerJava9 - java.nio.ByteBuffer.cleaner(): available
2022-05-22 16:50:38.551 [main][2845] DEBUG io.netty.util.internal.PlatformDependent - -Dio.netty.noPreferDirect: false
2022-05-22 16:50:38.555 [main][2849] DEBUG io.netty.util.internal.PlatformDependent - org.jctools-core.MpscChunkedArrayQueue: available
2022-05-22 16:50:38.574 [main][2868] DEBUG io.netty.util.internal.InternalThreadLocalMap - -Dio.netty.threadLocalMap.stringBuilder.initialSize: 1024
2022-05-22 16:50:38.574 [main][2868] DEBUG io.netty.util.internal.InternalThreadLocalMap - -Dio.netty.threadLocalMap.stringBuilder.maxSize: 4096
2022-05-22 16:50:38.596 [main][2890] DEBUG io.netty.handler.ssl.JdkSslContext - Default protocols (JDK): [TLSv1.3, TLSv1.2] 
2022-05-22 16:50:38.597 [main][2891] DEBUG io.netty.handler.ssl.JdkSslContext - Default cipher suites (JDK): [TLS_ECDHE_ECDSA_WITH_AES_256_GCM_SHA384, TLS_ECDHE_ECDSA_WITH_AES_128_GCM_SHA256, TLS_ECDHE_RSA_WITH_AES_128_GCM_SHA256, TLS_ECDHE_RSA_WITH_AES_256_GCM_SHA384, TLS_ECDHE_RSA_WITH_AES_128_CBC_SHA, TLS_ECDHE_RSA_WITH_AES_256_CBC_SHA, TLS_RSA_WITH_AES_128_GCM_SHA256, TLS_RSA_WITH_AES_128_CBC_SHA, TLS_RSA_WITH_AES_256_CBC_SHA, TLS_AES_128_GCM_SHA256, TLS_AES_256_GCM_SHA384]
2022-05-22 16:50:38.613 [main][2907] DEBUG io.netty.channel.MultithreadEventLoopGroup - -Dio.netty.eventLoopThreads: 16
2022-05-22 16:50:38.622 [main][2916] DEBUG io.netty.channel.nio.NioEventLoop - -Dio.netty.noKeySetOptimization: false
2022-05-22 16:50:38.622 [main][2916] DEBUG io.netty.channel.nio.NioEventLoop - -Dio.netty.selectorAutoRebuildThreshold: 512
2022-05-22 16:50:38.644 [main][2938] DEBUG io.netty.buffer.PooledByteBufAllocator - -Dio.netty.allocator.numHeapArenas: 16
2022-05-22 16:50:38.644 [main][2938] DEBUG io.netty.buffer.PooledByteBufAllocator - -Dio.netty.allocator.numDirectArenas: 16
2022-05-22 16:50:38.644 [main][2938] DEBUG io.netty.buffer.PooledByteBufAllocator - -Dio.netty.allocator.pageSize: 8192
2022-05-22 16:50:38.644 [main][2938] DEBUG io.netty.buffer.PooledByteBufAllocator - -Dio.netty.allocator.maxOrder: 9
2022-05-22 16:50:38.644 [main][2938] DEBUG io.netty.buffer.PooledByteBufAllocator - -Dio.netty.allocator.chunkSize: 4194304
2022-05-22 16:50:38.645 [main][2939] DEBUG io.netty.buffer.PooledByteBufAllocator - -Dio.netty.allocator.smallCacheSize: 256
2022-05-22 16:50:38.645 [main][2939] DEBUG io.netty.buffer.PooledByteBufAllocator - -Dio.netty.allocator.normalCacheSize: 64
2022-05-22 16:50:38.645 [main][2939] DEBUG io.netty.buffer.PooledByteBufAllocator - -Dio.netty.allocator.maxCachedBufferCapacity: 32768
2022-05-22 16:50:38.645 [main][2939] DEBUG io.netty.buffer.PooledByteBufAllocator - -Dio.netty.allocator.cacheTrimInterval: 8192
2022-05-22 16:50:38.645 [main][2939] DEBUG io.netty.buffer.PooledByteBufAllocator - -Dio.netty.allocator.cacheTrimIntervalMillis: 0
2022-05-22 16:50:38.645 [main][2939] DEBUG io.netty.buffer.PooledByteBufAllocator - -Dio.netty.allocator.useCacheForAllThreads: false
2022-05-22 16:50:38.646 [main][2940] DEBUG io.netty.buffer.PooledByteBufAllocator - -Dio.netty.allocator.maxCachedByteBuffersPerChunk: 1023
2022-05-22 16:50:38.655 [main][2949] DEBUG io.netty.buffer.ByteBufUtil - -Dio.netty.allocator.type: pooled
2022-05-22 16:50:38.655 [main][2949] DEBUG io.netty.buffer.ByteBufUtil - -Dio.netty.threadLocalDirectBufferSize: 0
2022-05-22 16:50:38.655 [main][2949] DEBUG io.netty.buffer.ByteBufUtil - -Dio.netty.maxThreadLocalCharBufferSize: 16384
2022-05-22 16:50:39.082 [Forwarding newSession on session null to remote][3376] DEBUG io.netty.channel.DefaultChannelId - -Dio.netty.processId: 656 (auto-detected)
2022-05-22 16:50:39.085 [Forwarding newSession on session null to remote][3379] DEBUG io.netty.util.NetUtil - -Djava.net.preferIPv4Stack: false
2022-05-22 16:50:39.085 [Forwarding newSession on session null to remote][3379] DEBUG io.netty.util.NetUtil - -Djava.net.preferIPv6Addresses: false
2022-05-22 16:50:39.088 [Forwarding newSession on session null to remote][3382] DEBUG io.netty.util.NetUtilInitializations - Loopback interface: lo0 (lo0, 0:0:0:0:0:0:0:1%lo0)
2022-05-22 16:50:39.089 [Forwarding newSession on session null to remote][3383] DEBUG io.netty.util.NetUtil - Failed to get SOMAXCONN from sysctl and file /proc/sys/net/core/somaxconn. Default: 128
2022-05-22 16:50:39.090 [Forwarding newSession on session null to remote][3384] DEBUG io.netty.channel.DefaultChannelId - -Dio.netty.machineId: b0:be:83:ff:fe:6e:38:60 (auto-detected)
2022-05-22 16:50:39.212 [AsyncHttpClient-1-2][3506] DEBUG io.netty.buffer.AbstractByteBuf - -Dio.netty.buffer.checkAccessible: true
2022-05-22 16:50:39.214 [AsyncHttpClient-1-2][3508] DEBUG io.netty.buffer.AbstractByteBuf - -Dio.netty.buffer.checkBounds: true
2022-05-22 16:50:39.214 [AsyncHttpClient-1-2][3508] DEBUG io.netty.util.ResourceLeakDetectorFactory - Loaded default ResourceLeakDetector: io.netty.util.ResourceLeakDetector@295ece6a
2022-05-22 16:50:39.242 [AsyncHttpClient-1-2][3536] DEBUG io.netty.util.Recycler - -Dio.netty.recycler.maxCapacityPerThread: 4096
2022-05-22 16:50:39.242 [AsyncHttpClient-1-2][3536] DEBUG io.netty.util.Recycler - -Dio.netty.recycler.ratio: 8
2022-05-22 16:50:39.242 [AsyncHttpClient-1-2][3536] DEBUG io.netty.util.Recycler - -Dio.netty.recycler.chunkSize: 32
2022-05-22 16:50:39.242 [AsyncHttpClient-1-2][3536] DEBUG io.netty.util.Recycler - -Dio.netty.recycler.blocking: false
2022-05-22 16:50:44.828 [AsyncHttpClient-1-2][9122] DEBUG io.netty.handler.codec.compression.Brotli - brotli4j not in the classpath; Brotli support will be unavailable.
2022-05-22 16:50:45.010 [main][9304] DEBUG io.netty.util.internal.ThreadLocalRandom - -Dio.netty.initialSeedUniquifier: 0x86a164f4f7aad905
2022-05-22 16:51:03.094 [main][27388] INFO  step_definitions.LoginSteps - User is in the Mortgage Calculator Home Page
2022-05-22 16:51:33.714 [main][58008] INFO  step_definitions.Hooks - -----End Scenario: Check login is successful with valid credentials-----
