2022-05-22 20:40:34.950 [main][2866] INFO  step_definitions.Hooks - -----Scenario: Check login is successful with valid credentials-----
2022-05-22 20:40:36.058 [main][3974] DEBUG io.netty.util.internal.logging.InternalLoggerFactory - Using Log4J2 as the default logging framework
2022-05-22 20:40:36.077 [main][3993] DEBUG io.netty.util.ResourceLeakDetector - -Dio.netty.leakDetection.level: simple
2022-05-22 20:40:36.077 [main][3993] DEBUG io.netty.util.ResourceLeakDetector - -Dio.netty.leakDetection.targetRecords: 4
2022-05-22 20:40:36.082 [main][3998] DEBUG io.netty.util.ResourceLeakDetectorFactory - Loaded default ResourceLeakDetector: io.netty.util.ResourceLeakDetector@3b95d13c
2022-05-22 20:40:36.111 [main][4027] DEBUG io.netty.util.internal.PlatformDependent0 - -Dio.netty.noUnsafe: false
2022-05-22 20:40:36.111 [main][4027] DEBUG io.netty.util.internal.PlatformDependent0 - Java version: 11
2022-05-22 20:40:36.120 [main][4036] DEBUG io.netty.util.internal.PlatformDependent0 - sun.misc.Unsafe.theUnsafe: available
2022-05-22 20:40:36.122 [main][4038] DEBUG io.netty.util.internal.PlatformDependent0 - sun.misc.Unsafe.copyMemory: available
2022-05-22 20:40:36.122 [main][4038] DEBUG io.netty.util.internal.PlatformDependent0 - java.nio.Buffer.address: available
2022-05-22 20:40:36.123 [main][4039] DEBUG io.netty.util.internal.PlatformDependent0 - direct buffer constructor: unavailable: Reflective setAccessible(true) disabled
2022-05-22 20:40:36.124 [main][4040] DEBUG io.netty.util.internal.PlatformDependent0 - java.nio.Bits.unaligned: available, true
2022-05-22 20:40:36.126 [main][4042] DEBUG io.netty.util.internal.PlatformDependent0 - jdk.internal.misc.Unsafe.allocateUninitializedArray(int): unavailable: class io.netty.util.internal.PlatformDependent0$6 cannot access class jdk.internal.misc.Unsafe (in module java.base) because module java.base does not export jdk.internal.misc to unnamed module @672872e1
2022-05-22 20:40:36.127 [main][4043] DEBUG io.netty.util.internal.PlatformDependent0 - java.nio.DirectByteBuffer.<init>(long, int): unavailable
2022-05-22 20:40:36.127 [main][4043] DEBUG io.netty.util.internal.PlatformDependent - sun.misc.Unsafe: available
2022-05-22 20:40:36.130 [main][4046] DEBUG io.netty.util.internal.PlatformDependent - maxDirectMemory: 2147483648 bytes (maybe)
2022-05-22 20:40:36.132 [main][4048] DEBUG io.netty.util.internal.PlatformDependent - -Dio.netty.tmpdir: /var/folders/h6/m916999d2hg8gc7bsrw10lrm0000gn/T (java.io.tmpdir)
2022-05-22 20:40:36.132 [main][4048] DEBUG io.netty.util.internal.PlatformDependent - -Dio.netty.bitMode: 64 (sun.arch.data.model)
2022-05-22 20:40:36.135 [main][4051] DEBUG io.netty.util.internal.PlatformDependent - Platform: MacOS
2022-05-22 20:40:36.136 [main][4052] DEBUG io.netty.util.internal.PlatformDependent - -Dio.netty.maxDirectMemory: -1 bytes
2022-05-22 20:40:36.136 [main][4052] DEBUG io.netty.util.internal.PlatformDependent - -Dio.netty.uninitializedArrayAllocationThreshold: -1
2022-05-22 20:40:36.138 [main][4054] DEBUG io.netty.util.internal.CleanerJava9 - java.nio.ByteBuffer.cleaner(): available
2022-05-22 20:40:36.140 [main][4056] DEBUG io.netty.util.internal.PlatformDependent - -Dio.netty.noPreferDirect: false
2022-05-22 20:40:36.147 [main][4063] DEBUG io.netty.util.internal.PlatformDependent - org.jctools-core.MpscChunkedArrayQueue: available
2022-05-22 20:40:36.189 [main][4105] DEBUG io.netty.util.internal.InternalThreadLocalMap - -Dio.netty.threadLocalMap.stringBuilder.initialSize: 1024
2022-05-22 20:40:36.189 [main][4105] DEBUG io.netty.util.internal.InternalThreadLocalMap - -Dio.netty.threadLocalMap.stringBuilder.maxSize: 4096
2022-05-22 20:40:36.222 [main][4138] DEBUG io.netty.handler.ssl.JdkSslContext - Default protocols (JDK): [TLSv1.3, TLSv1.2] 
2022-05-22 20:40:36.223 [main][4139] DEBUG io.netty.handler.ssl.JdkSslContext - Default cipher suites (JDK): [TLS_ECDHE_ECDSA_WITH_AES_256_GCM_SHA384, TLS_ECDHE_ECDSA_WITH_AES_128_GCM_SHA256, TLS_ECDHE_RSA_WITH_AES_128_GCM_SHA256, TLS_ECDHE_RSA_WITH_AES_256_GCM_SHA384, TLS_ECDHE_RSA_WITH_AES_128_CBC_SHA, TLS_ECDHE_RSA_WITH_AES_256_CBC_SHA, TLS_RSA_WITH_AES_128_GCM_SHA256, TLS_RSA_WITH_AES_128_CBC_SHA, TLS_RSA_WITH_AES_256_CBC_SHA, TLS_AES_128_GCM_SHA256, TLS_AES_256_GCM_SHA384]
2022-05-22 20:40:36.250 [main][4166] DEBUG io.netty.channel.MultithreadEventLoopGroup - -Dio.netty.eventLoopThreads: 16
2022-05-22 20:40:36.259 [main][4175] DEBUG io.netty.channel.nio.NioEventLoop - -Dio.netty.noKeySetOptimization: false
2022-05-22 20:40:36.259 [main][4175] DEBUG io.netty.channel.nio.NioEventLoop - -Dio.netty.selectorAutoRebuildThreshold: 512
2022-05-22 20:40:36.293 [main][4209] DEBUG io.netty.buffer.PooledByteBufAllocator - -Dio.netty.allocator.numHeapArenas: 16
2022-05-22 20:40:36.294 [main][4210] DEBUG io.netty.buffer.PooledByteBufAllocator - -Dio.netty.allocator.numDirectArenas: 16
2022-05-22 20:40:36.294 [main][4210] DEBUG io.netty.buffer.PooledByteBufAllocator - -Dio.netty.allocator.pageSize: 8192
2022-05-22 20:40:36.294 [main][4210] DEBUG io.netty.buffer.PooledByteBufAllocator - -Dio.netty.allocator.maxOrder: 9
2022-05-22 20:40:36.294 [main][4210] DEBUG io.netty.buffer.PooledByteBufAllocator - -Dio.netty.allocator.chunkSize: 4194304
2022-05-22 20:40:36.294 [main][4210] DEBUG io.netty.buffer.PooledByteBufAllocator - -Dio.netty.allocator.smallCacheSize: 256
2022-05-22 20:40:36.294 [main][4210] DEBUG io.netty.buffer.PooledByteBufAllocator - -Dio.netty.allocator.normalCacheSize: 64
2022-05-22 20:40:36.294 [main][4210] DEBUG io.netty.buffer.PooledByteBufAllocator - -Dio.netty.allocator.maxCachedBufferCapacity: 32768
2022-05-22 20:40:36.294 [main][4210] DEBUG io.netty.buffer.PooledByteBufAllocator - -Dio.netty.allocator.cacheTrimInterval: 8192
2022-05-22 20:40:36.294 [main][4210] DEBUG io.netty.buffer.PooledByteBufAllocator - -Dio.netty.allocator.cacheTrimIntervalMillis: 0
2022-05-22 20:40:36.295 [main][4211] DEBUG io.netty.buffer.PooledByteBufAllocator - -Dio.netty.allocator.useCacheForAllThreads: false
2022-05-22 20:40:36.295 [main][4211] DEBUG io.netty.buffer.PooledByteBufAllocator - -Dio.netty.allocator.maxCachedByteBuffersPerChunk: 1023
2022-05-22 20:40:36.309 [main][4225] DEBUG io.netty.buffer.ByteBufUtil - -Dio.netty.allocator.type: pooled
2022-05-22 20:40:36.310 [main][4226] DEBUG io.netty.buffer.ByteBufUtil - -Dio.netty.threadLocalDirectBufferSize: 0
2022-05-22 20:40:36.310 [main][4226] DEBUG io.netty.buffer.ByteBufUtil - -Dio.netty.maxThreadLocalCharBufferSize: 16384
2022-05-22 20:40:37.021 [Forwarding newSession on session null to remote][4937] DEBUG io.netty.channel.DefaultChannelId - -Dio.netty.processId: 2093 (auto-detected)
2022-05-22 20:40:37.026 [Forwarding newSession on session null to remote][4942] DEBUG io.netty.util.NetUtil - -Djava.net.preferIPv4Stack: false
2022-05-22 20:40:37.026 [Forwarding newSession on session null to remote][4942] DEBUG io.netty.util.NetUtil - -Djava.net.preferIPv6Addresses: false
2022-05-22 20:40:37.031 [Forwarding newSession on session null to remote][4947] DEBUG io.netty.util.NetUtilInitializations - Loopback interface: lo0 (lo0, 0:0:0:0:0:0:0:1%lo0)
2022-05-22 20:40:37.032 [Forwarding newSession on session null to remote][4948] DEBUG io.netty.util.NetUtil - Failed to get SOMAXCONN from sysctl and file /proc/sys/net/core/somaxconn. Default: 128
2022-05-22 20:40:37.036 [Forwarding newSession on session null to remote][4952] DEBUG io.netty.channel.DefaultChannelId - -Dio.netty.machineId: b0:be:83:ff:fe:6e:38:60 (auto-detected)
2022-05-22 20:40:37.145 [AsyncHttpClient-1-2][5061] DEBUG io.netty.buffer.AbstractByteBuf - -Dio.netty.buffer.checkAccessible: true
2022-05-22 20:40:37.146 [AsyncHttpClient-1-2][5062] DEBUG io.netty.buffer.AbstractByteBuf - -Dio.netty.buffer.checkBounds: true
2022-05-22 20:40:37.146 [AsyncHttpClient-1-2][5062] DEBUG io.netty.util.ResourceLeakDetectorFactory - Loaded default ResourceLeakDetector: io.netty.util.ResourceLeakDetector@34eeb133
2022-05-22 20:40:37.186 [AsyncHttpClient-1-2][5102] DEBUG io.netty.util.Recycler - -Dio.netty.recycler.maxCapacityPerThread: 4096
2022-05-22 20:40:37.186 [AsyncHttpClient-1-2][5102] DEBUG io.netty.util.Recycler - -Dio.netty.recycler.ratio: 8
2022-05-22 20:40:37.186 [AsyncHttpClient-1-2][5102] DEBUG io.netty.util.Recycler - -Dio.netty.recycler.chunkSize: 32
2022-05-22 20:40:37.186 [AsyncHttpClient-1-2][5102] DEBUG io.netty.util.Recycler - -Dio.netty.recycler.blocking: false
2022-05-22 20:40:40.820 [AsyncHttpClient-1-2][8736] DEBUG io.netty.handler.codec.compression.Brotli - brotli4j not in the classpath; Brotli support will be unavailable.
2022-05-22 20:40:41.035 [main][8951] DEBUG io.netty.util.internal.ThreadLocalRandom - -Dio.netty.initialSeedUniquifier: 0xd42602ea2fb7dba7
2022-05-22 20:41:01.264 [main][29180] DEBUG page_objects.LogIn - Wait for tab to be visible
2022-05-22 20:41:01.265 [main][29181] INFO  step_definitions.LoginSteps - User is in the Overstock Home Page
2022-05-22 20:41:02.443 [main][30359] DEBUG page_objects.LogIn - User has clicked on Email button
2022-05-22 20:41:05.176 [main][33092] DEBUG page_objects.LogIn - Enter Email: tasin.chowdhury1@gmail.com
2022-05-22 20:41:05.403 [main][33319] DEBUG page_objects.LogIn - Enter Password: Chowdhury12!!
2022-05-22 20:41:05.403 [main][33319] INFO  step_definitions.LoginSteps - User has entered successfully
2022-05-22 20:41:06.098 [main][34014] DEBUG page_objects.LogIn - Click on Create Account Button
2022-05-22 20:41:06.359 [main][34275] INFO  step_definitions.Hooks - -----End Scenario: Check login is successful with valid credentials-----
