2022-05-22 20:33:15.000 [main][2729] INFO  step_definitions.Hooks - -----Scenario: Check login is successful with valid credentials-----
2022-05-22 20:33:15.659 [main][3388] DEBUG io.netty.util.internal.logging.InternalLoggerFactory - Using Log4J2 as the default logging framework
2022-05-22 20:33:15.668 [main][3397] DEBUG io.netty.util.ResourceLeakDetector - -Dio.netty.leakDetection.level: simple
2022-05-22 20:33:15.668 [main][3397] DEBUG io.netty.util.ResourceLeakDetector - -Dio.netty.leakDetection.targetRecords: 4
2022-05-22 20:33:15.671 [main][3400] DEBUG io.netty.util.ResourceLeakDetectorFactory - Loaded default ResourceLeakDetector: io.netty.util.ResourceLeakDetector@6601cc93
2022-05-22 20:33:15.686 [main][3415] DEBUG io.netty.util.internal.PlatformDependent0 - -Dio.netty.noUnsafe: false
2022-05-22 20:33:15.686 [main][3415] DEBUG io.netty.util.internal.PlatformDependent0 - Java version: 11
2022-05-22 20:33:15.689 [main][3418] DEBUG io.netty.util.internal.PlatformDependent0 - sun.misc.Unsafe.theUnsafe: available
2022-05-22 20:33:15.689 [main][3418] DEBUG io.netty.util.internal.PlatformDependent0 - sun.misc.Unsafe.copyMemory: available
2022-05-22 20:33:15.689 [main][3418] DEBUG io.netty.util.internal.PlatformDependent0 - java.nio.Buffer.address: available
2022-05-22 20:33:15.690 [main][3419] DEBUG io.netty.util.internal.PlatformDependent0 - direct buffer constructor: unavailable: Reflective setAccessible(true) disabled
2022-05-22 20:33:15.690 [main][3419] DEBUG io.netty.util.internal.PlatformDependent0 - java.nio.Bits.unaligned: available, true
2022-05-22 20:33:15.691 [main][3420] DEBUG io.netty.util.internal.PlatformDependent0 - jdk.internal.misc.Unsafe.allocateUninitializedArray(int): unavailable: class io.netty.util.internal.PlatformDependent0$6 cannot access class jdk.internal.misc.Unsafe (in module java.base) because module java.base does not export jdk.internal.misc to unnamed module @672872e1
2022-05-22 20:33:15.692 [main][3421] DEBUG io.netty.util.internal.PlatformDependent0 - java.nio.DirectByteBuffer.<init>(long, int): unavailable
2022-05-22 20:33:15.692 [main][3421] DEBUG io.netty.util.internal.PlatformDependent - sun.misc.Unsafe: available
2022-05-22 20:33:15.693 [main][3422] DEBUG io.netty.util.internal.PlatformDependent - maxDirectMemory: 2147483648 bytes (maybe)
2022-05-22 20:33:15.694 [main][3423] DEBUG io.netty.util.internal.PlatformDependent - -Dio.netty.tmpdir: /var/folders/h6/m916999d2hg8gc7bsrw10lrm0000gn/T (java.io.tmpdir)
2022-05-22 20:33:15.694 [main][3423] DEBUG io.netty.util.internal.PlatformDependent - -Dio.netty.bitMode: 64 (sun.arch.data.model)
2022-05-22 20:33:15.694 [main][3423] DEBUG io.netty.util.internal.PlatformDependent - Platform: MacOS
2022-05-22 20:33:15.695 [main][3424] DEBUG io.netty.util.internal.PlatformDependent - -Dio.netty.maxDirectMemory: -1 bytes
2022-05-22 20:33:15.695 [main][3424] DEBUG io.netty.util.internal.PlatformDependent - -Dio.netty.uninitializedArrayAllocationThreshold: -1
2022-05-22 20:33:15.696 [main][3425] DEBUG io.netty.util.internal.CleanerJava9 - java.nio.ByteBuffer.cleaner(): available
2022-05-22 20:33:15.697 [main][3426] DEBUG io.netty.util.internal.PlatformDependent - -Dio.netty.noPreferDirect: false
2022-05-22 20:33:15.703 [main][3432] DEBUG io.netty.util.internal.PlatformDependent - org.jctools-core.MpscChunkedArrayQueue: available
2022-05-22 20:33:15.720 [main][3449] DEBUG io.netty.util.internal.InternalThreadLocalMap - -Dio.netty.threadLocalMap.stringBuilder.initialSize: 1024
2022-05-22 20:33:15.720 [main][3449] DEBUG io.netty.util.internal.InternalThreadLocalMap - -Dio.netty.threadLocalMap.stringBuilder.maxSize: 4096
2022-05-22 20:33:15.742 [main][3471] DEBUG io.netty.handler.ssl.JdkSslContext - Default protocols (JDK): [TLSv1.3, TLSv1.2] 
2022-05-22 20:33:15.743 [main][3472] DEBUG io.netty.handler.ssl.JdkSslContext - Default cipher suites (JDK): [TLS_ECDHE_ECDSA_WITH_AES_256_GCM_SHA384, TLS_ECDHE_ECDSA_WITH_AES_128_GCM_SHA256, TLS_ECDHE_RSA_WITH_AES_128_GCM_SHA256, TLS_ECDHE_RSA_WITH_AES_256_GCM_SHA384, TLS_ECDHE_RSA_WITH_AES_128_CBC_SHA, TLS_ECDHE_RSA_WITH_AES_256_CBC_SHA, TLS_RSA_WITH_AES_128_GCM_SHA256, TLS_RSA_WITH_AES_128_CBC_SHA, TLS_RSA_WITH_AES_256_CBC_SHA, TLS_AES_128_GCM_SHA256, TLS_AES_256_GCM_SHA384]
2022-05-22 20:33:15.765 [main][3494] DEBUG io.netty.channel.MultithreadEventLoopGroup - -Dio.netty.eventLoopThreads: 16
2022-05-22 20:33:15.774 [main][3503] DEBUG io.netty.channel.nio.NioEventLoop - -Dio.netty.noKeySetOptimization: false
2022-05-22 20:33:15.774 [main][3503] DEBUG io.netty.channel.nio.NioEventLoop - -Dio.netty.selectorAutoRebuildThreshold: 512
2022-05-22 20:33:15.795 [main][3524] DEBUG io.netty.buffer.PooledByteBufAllocator - -Dio.netty.allocator.numHeapArenas: 16
2022-05-22 20:33:15.795 [main][3524] DEBUG io.netty.buffer.PooledByteBufAllocator - -Dio.netty.allocator.numDirectArenas: 16
2022-05-22 20:33:15.796 [main][3525] DEBUG io.netty.buffer.PooledByteBufAllocator - -Dio.netty.allocator.pageSize: 8192
2022-05-22 20:33:15.796 [main][3525] DEBUG io.netty.buffer.PooledByteBufAllocator - -Dio.netty.allocator.maxOrder: 9
2022-05-22 20:33:15.796 [main][3525] DEBUG io.netty.buffer.PooledByteBufAllocator - -Dio.netty.allocator.chunkSize: 4194304
2022-05-22 20:33:15.796 [main][3525] DEBUG io.netty.buffer.PooledByteBufAllocator - -Dio.netty.allocator.smallCacheSize: 256
2022-05-22 20:33:15.796 [main][3525] DEBUG io.netty.buffer.PooledByteBufAllocator - -Dio.netty.allocator.normalCacheSize: 64
2022-05-22 20:33:15.796 [main][3525] DEBUG io.netty.buffer.PooledByteBufAllocator - -Dio.netty.allocator.maxCachedBufferCapacity: 32768
2022-05-22 20:33:15.796 [main][3525] DEBUG io.netty.buffer.PooledByteBufAllocator - -Dio.netty.allocator.cacheTrimInterval: 8192
2022-05-22 20:33:15.796 [main][3525] DEBUG io.netty.buffer.PooledByteBufAllocator - -Dio.netty.allocator.cacheTrimIntervalMillis: 0
2022-05-22 20:33:15.796 [main][3525] DEBUG io.netty.buffer.PooledByteBufAllocator - -Dio.netty.allocator.useCacheForAllThreads: false
2022-05-22 20:33:15.796 [main][3525] DEBUG io.netty.buffer.PooledByteBufAllocator - -Dio.netty.allocator.maxCachedByteBuffersPerChunk: 1023
2022-05-22 20:33:15.804 [main][3533] DEBUG io.netty.buffer.ByteBufUtil - -Dio.netty.allocator.type: pooled
2022-05-22 20:33:15.805 [main][3534] DEBUG io.netty.buffer.ByteBufUtil - -Dio.netty.threadLocalDirectBufferSize: 0
2022-05-22 20:33:15.805 [main][3534] DEBUG io.netty.buffer.ByteBufUtil - -Dio.netty.maxThreadLocalCharBufferSize: 16384
2022-05-22 20:33:16.569 [Forwarding newSession on session null to remote][4298] DEBUG io.netty.channel.DefaultChannelId - -Dio.netty.processId: 1898 (auto-detected)
2022-05-22 20:33:16.571 [Forwarding newSession on session null to remote][4300] DEBUG io.netty.util.NetUtil - -Djava.net.preferIPv4Stack: false
2022-05-22 20:33:16.571 [Forwarding newSession on session null to remote][4300] DEBUG io.netty.util.NetUtil - -Djava.net.preferIPv6Addresses: false
2022-05-22 20:33:16.574 [Forwarding newSession on session null to remote][4303] DEBUG io.netty.util.NetUtilInitializations - Loopback interface: lo0 (lo0, 0:0:0:0:0:0:0:1%lo0)
2022-05-22 20:33:16.575 [Forwarding newSession on session null to remote][4304] DEBUG io.netty.util.NetUtil - Failed to get SOMAXCONN from sysctl and file /proc/sys/net/core/somaxconn. Default: 128
2022-05-22 20:33:16.577 [Forwarding newSession on session null to remote][4306] DEBUG io.netty.channel.DefaultChannelId - -Dio.netty.machineId: b0:be:83:ff:fe:6e:38:60 (auto-detected)
2022-05-22 20:33:16.703 [AsyncHttpClient-1-2][4432] DEBUG io.netty.buffer.AbstractByteBuf - -Dio.netty.buffer.checkAccessible: true
2022-05-22 20:33:16.705 [AsyncHttpClient-1-2][4434] DEBUG io.netty.buffer.AbstractByteBuf - -Dio.netty.buffer.checkBounds: true
2022-05-22 20:33:16.705 [AsyncHttpClient-1-2][4434] DEBUG io.netty.util.ResourceLeakDetectorFactory - Loaded default ResourceLeakDetector: io.netty.util.ResourceLeakDetector@3abd9ec6
2022-05-22 20:33:16.731 [AsyncHttpClient-1-2][4460] DEBUG io.netty.util.Recycler - -Dio.netty.recycler.maxCapacityPerThread: 4096
2022-05-22 20:33:16.731 [AsyncHttpClient-1-2][4460] DEBUG io.netty.util.Recycler - -Dio.netty.recycler.ratio: 8
2022-05-22 20:33:16.731 [AsyncHttpClient-1-2][4460] DEBUG io.netty.util.Recycler - -Dio.netty.recycler.chunkSize: 32
2022-05-22 20:33:16.731 [AsyncHttpClient-1-2][4460] DEBUG io.netty.util.Recycler - -Dio.netty.recycler.blocking: false
2022-05-22 20:33:20.908 [AsyncHttpClient-1-2][8637] DEBUG io.netty.handler.codec.compression.Brotli - brotli4j not in the classpath; Brotli support will be unavailable.
2022-05-22 20:33:21.205 [main][8934] DEBUG io.netty.util.internal.ThreadLocalRandom - -Dio.netty.initialSeedUniquifier: 0x24809cce7ced001d
2022-05-22 20:33:42.282 [main][30011] DEBUG page_objects.LogIn - Wait for tab to be visible
2022-05-22 20:33:42.283 [main][30012] INFO  step_definitions.LoginSteps - User is in the Overstock Home Page
2022-05-22 20:33:43.262 [main][30991] DEBUG page_objects.LogIn - User has clicked on Email button
2022-05-22 20:33:45.640 [main][33369] DEBUG page_objects.LogIn - Enter Email: tasin.chowdhury1@gmail.com
2022-05-22 20:33:45.913 [main][33642] DEBUG page_objects.LogIn - Enter Password: Chowdhury12!!
2022-05-22 20:33:45.913 [main][33642] INFO  step_definitions.LoginSteps - User has entered successfully
2022-05-22 20:33:46.004 [main][33733] ERROR command_providers.ElementActions - Element exception for the locator: By.xpath: //*[@id='login-form']/button/text()The exception is: invalid selector: The result of the xpath expression "//*[@id='login-form']/button/text()" is: [object Text]. It should be an element.
  (Session info: chrome=101.0.4951.64)
For documentation on this error, please visit: https://selenium.dev/exceptions/#invalid_selector_exception
Build info: version: '4.1.4', revision: '535d840ee2'
System info: host: 'Tasins-MacBook-Pro.local', ip: '2603:7000:dd03:8a00:5174:b96f:5322:7c13%en0', os.name: 'Mac OS X', os.arch: 'x86_64', os.version: '12.2', java.version: '11.0.15'
Driver info: org.openqa.selenium.chrome.ChromeDriver
Command: [158d534007e2b7e7b7996f7b7cb94f22, findElement {using=xpath, value=//*[@id='login-form']/button/text()}]
Capabilities {acceptInsecureCerts: false, browserName: chrome, browserVersion: 101.0.4951.64, chrome: {chromedriverVersion: 101.0.4951.41 (93c720db8323..., userDataDir: /var/folders/h6/m916999d2hg...}, goog:chromeOptions: {debuggerAddress: localhost:50871}, javascriptEnabled: true, networkConnectionEnabled: false, pageLoadStrategy: normal, platform: MAC, platformName: MAC, proxy: Proxy(), se:cdp: ws://localhost:50871/devtoo..., se:cdpVersion: 101.0.4951.64, setWindowRect: true, strictFileInteractability: false, timeouts: {implicit: 0, pageLoad: 300000, script: 30000}, unhandledPromptBehavior: dismiss and notify, webauthn:extension:credBlob: true, webauthn:extension:largeBlob: true, webauthn:virtualAuthenticators: true}
Session ID: 158d534007e2b7e7b7996f7b7cb94f22
2022-05-22 20:33:46.262 [main][33991] INFO  step_definitions.Hooks - -----End Scenario: Check login is successful with valid credentials-----
